ERROR - 2024-10-06 06:54:45 --> mysqli_sql_exception: You have an error in your SQL syntax; check the manual that corresponds to your MariaDB server version for the right syntax to use near ')' at line 3 in /home/linkpaym/v8.linkpayment.my.id/system/Database/MySQLi/Connection.php:306
Stack trace:
#0 /home/linkpaym/v8.linkpayment.my.id/system/Database/MySQLi/Connection.php(306): mysqli->query()
#1 /home/linkpaym/v8.linkpayment.my.id/system/Database/BaseConnection.php(693): CodeIgniter\Database\MySQLi\Connection->execute()
#2 /home/linkpaym/v8.linkpayment.my.id/system/Database/BaseConnection.php(607): CodeIgniter\Database\BaseConnection->simpleQuery()
#3 /home/linkpaym/v8.linkpayment.my.id/system/Database/BaseBuilder.php(1615): CodeIgniter\Database\BaseConnection->query()
#4 /home/linkpaym/v8.linkpayment.my.id/system/Model.php(237): CodeIgniter\Database\BaseBuilder->get()
#5 /home/linkpaym/v8.linkpayment.my.id/system/BaseModel.php(624): CodeIgniter\Model->doFindAll()
#6 /home/linkpaym/v8.linkpayment.my.id/app/Controllers/View.php(81): CodeIgniter\BaseModel->findAll()
#7 /home/linkpaym/v8.linkpayment.my.id/system/CodeIgniter.php(943): App\Controllers\View->getFlashSale()
#8 /home/linkpaym/v8.linkpayment.my.id/system/CodeIgniter.php(503): CodeIgniter\CodeIgniter->runController()
#9 /home/linkpaym/v8.linkpayment.my.id/system/CodeIgniter.php(362): CodeIgniter\CodeIgniter->handleRequest()
#10 /home/linkpaym/v8.linkpayment.my.id/index.php(79): CodeIgniter\CodeIgniter->run()
#11 {main}
CRITICAL - 2024-10-06 06:54:45 --> You have an error in your SQL syntax; check the manual that corresponds to your MariaDB server version for the right syntax to use near ')' at line 3
in SYSTEMPATH/Database/BaseConnection.php on line 647.
 1 SYSTEMPATH/Database/BaseBuilder.php(1615): CodeIgniter\Database\BaseConnection->query()
 2 SYSTEMPATH/Model.php(237): CodeIgniter\Database\BaseBuilder->get()
 3 SYSTEMPATH/BaseModel.php(624): CodeIgniter\Model->doFindAll()
 4 APPPATH/Controllers/View.php(81): CodeIgniter\BaseModel->findAll()
 5 SYSTEMPATH/CodeIgniter.php(943): App\Controllers\View->getFlashSale()
 6 SYSTEMPATH/CodeIgniter.php(503): CodeIgniter\CodeIgniter->runController()
 7 SYSTEMPATH/CodeIgniter.php(362): CodeIgniter\CodeIgniter->handleRequest()
 8 FCPATH/index.php(79): CodeIgniter\CodeIgniter->run()
ERROR - 2024-10-06 09:48:50 --> mysqli_sql_exception: You have an error in your SQL syntax; check the manual that corresponds to your MariaDB server version for the right syntax to use near ')' at line 3 in /home/linkpaym/v8.linkpayment.my.id/system/Database/MySQLi/Connection.php:306
Stack trace:
#0 /home/linkpaym/v8.linkpayment.my.id/system/Database/MySQLi/Connection.php(306): mysqli->query()
#1 /home/linkpaym/v8.linkpayment.my.id/system/Database/BaseConnection.php(693): CodeIgniter\Database\MySQLi\Connection->execute()
#2 /home/linkpaym/v8.linkpayment.my.id/system/Database/BaseConnection.php(607): CodeIgniter\Database\BaseConnection->simpleQuery()
#3 /home/linkpaym/v8.linkpayment.my.id/system/Database/BaseBuilder.php(1615): CodeIgniter\Database\BaseConnection->query()
#4 /home/linkpaym/v8.linkpayment.my.id/system/Model.php(237): CodeIgniter\Database\BaseBuilder->get()
#5 /home/linkpaym/v8.linkpayment.my.id/system/BaseModel.php(624): CodeIgniter\Model->doFindAll()
#6 /home/linkpaym/v8.linkpayment.my.id/app/Controllers/View.php(81): CodeIgniter\BaseModel->findAll()
#7 /home/linkpaym/v8.linkpayment.my.id/system/CodeIgniter.php(943): App\Controllers\View->getFlashSale()
#8 /home/linkpaym/v8.linkpayment.my.id/system/CodeIgniter.php(503): CodeIgniter\CodeIgniter->runController()
#9 /home/linkpaym/v8.linkpayment.my.id/system/CodeIgniter.php(362): CodeIgniter\CodeIgniter->handleRequest()
#10 /home/linkpaym/v8.linkpayment.my.id/index.php(79): CodeIgniter\CodeIgniter->run()
#11 {main}
CRITICAL - 2024-10-06 09:48:50 --> You have an error in your SQL syntax; check the manual that corresponds to your MariaDB server version for the right syntax to use near ')' at line 3
in SYSTEMPATH/Database/BaseConnection.php on line 647.
 1 SYSTEMPATH/Database/BaseBuilder.php(1615): CodeIgniter\Database\BaseConnection->query()
 2 SYSTEMPATH/Model.php(237): CodeIgniter\Database\BaseBuilder->get()
 3 SYSTEMPATH/BaseModel.php(624): CodeIgniter\Model->doFindAll()
 4 APPPATH/Controllers/View.php(81): CodeIgniter\BaseModel->findAll()
 5 SYSTEMPATH/CodeIgniter.php(943): App\Controllers\View->getFlashSale()
 6 SYSTEMPATH/CodeIgniter.php(503): CodeIgniter\CodeIgniter->runController()
 7 SYSTEMPATH/CodeIgniter.php(362): CodeIgniter\CodeIgniter->handleRequest()
 8 FCPATH/index.php(79): CodeIgniter\CodeIgniter->run()
ERROR - 2024-10-06 09:52:34 --> mysqli_sql_exception: You have an error in your SQL syntax; check the manual that corresponds to your MariaDB server version for the right syntax to use near ')' at line 3 in /home/linkpaym/v8.linkpayment.my.id/system/Database/MySQLi/Connection.php:306
Stack trace:
#0 /home/linkpaym/v8.linkpayment.my.id/system/Database/MySQLi/Connection.php(306): mysqli->query()
#1 /home/linkpaym/v8.linkpayment.my.id/system/Database/BaseConnection.php(693): CodeIgniter\Database\MySQLi\Connection->execute()
#2 /home/linkpaym/v8.linkpayment.my.id/system/Database/BaseConnection.php(607): CodeIgniter\Database\BaseConnection->simpleQuery()
#3 /home/linkpaym/v8.linkpayment.my.id/system/Database/BaseBuilder.php(1615): CodeIgniter\Database\BaseConnection->query()
#4 /home/linkpaym/v8.linkpayment.my.id/system/Model.php(237): CodeIgniter\Database\BaseBuilder->get()
#5 /home/linkpaym/v8.linkpayment.my.id/system/BaseModel.php(624): CodeIgniter\Model->doFindAll()
#6 /home/linkpaym/v8.linkpayment.my.id/app/Controllers/View.php(81): CodeIgniter\BaseModel->findAll()
#7 /home/linkpaym/v8.linkpayment.my.id/system/CodeIgniter.php(943): App\Controllers\View->getFlashSale()
#8 /home/linkpaym/v8.linkpayment.my.id/system/CodeIgniter.php(503): CodeIgniter\CodeIgniter->runController()
#9 /home/linkpaym/v8.linkpayment.my.id/system/CodeIgniter.php(362): CodeIgniter\CodeIgniter->handleRequest()
#10 /home/linkpaym/v8.linkpayment.my.id/index.php(79): CodeIgniter\CodeIgniter->run()
#11 {main}
CRITICAL - 2024-10-06 09:52:34 --> You have an error in your SQL syntax; check the manual that corresponds to your MariaDB server version for the right syntax to use near ')' at line 3
in SYSTEMPATH/Database/BaseConnection.php on line 647.
 1 SYSTEMPATH/Database/BaseBuilder.php(1615): CodeIgniter\Database\BaseConnection->query()
 2 SYSTEMPATH/Model.php(237): CodeIgniter\Database\BaseBuilder->get()
 3 SYSTEMPATH/BaseModel.php(624): CodeIgniter\Model->doFindAll()
 4 APPPATH/Controllers/View.php(81): CodeIgniter\BaseModel->findAll()
 5 SYSTEMPATH/CodeIgniter.php(943): App\Controllers\View->getFlashSale()
 6 SYSTEMPATH/CodeIgniter.php(503): CodeIgniter\CodeIgniter->runController()
 7 SYSTEMPATH/CodeIgniter.php(362): CodeIgniter\CodeIgniter->handleRequest()
 8 FCPATH/index.php(79): CodeIgniter\CodeIgniter->run()
CRITICAL - 2024-10-06 10:26:30 --> Undefined variable $step_icon
in APPPATH/Views/invoice.php on line 97.
 1 APPPATH/Views/invoice.php(97): CodeIgniter\Debug\Exceptions->errorHandler()
 2 SYSTEMPATH/View/View.php(228): include('/home/linkpaym/v8.linkpayment.my.id/app/Views/invoice.php')
 3 SYSTEMPATH/View/View.php(231): CodeIgniter\View\View->CodeIgniter\View\{closure}()
 4 SYSTEMPATH/Common.php(1190): CodeIgniter\View\View->render()
 5 APPPATH/Controllers/View.php(226): view()
 6 SYSTEMPATH/CodeIgniter.php(943): App\Controllers\View->invoice()
 7 SYSTEMPATH/CodeIgniter.php(503): CodeIgniter\CodeIgniter->runController()
 8 SYSTEMPATH/CodeIgniter.php(362): CodeIgniter\CodeIgniter->handleRequest()
 9 FCPATH/index.php(79): CodeIgniter\CodeIgniter->run()
CRITICAL - 2024-10-06 10:27:09 --> Undefined variable $step_icon
in APPPATH/Views/invoice.php on line 97.
 1 APPPATH/Views/invoice.php(97): CodeIgniter\Debug\Exceptions->errorHandler()
 2 SYSTEMPATH/View/View.php(228): include('/home/linkpaym/v8.linkpayment.my.id/app/Views/invoice.php')
 3 SYSTEMPATH/View/View.php(231): CodeIgniter\View\View->CodeIgniter\View\{closure}()
 4 SYSTEMPATH/Common.php(1190): CodeIgniter\View\View->render()
 5 APPPATH/Controllers/View.php(226): view()
 6 SYSTEMPATH/CodeIgniter.php(943): App\Controllers\View->invoice()
 7 SYSTEMPATH/CodeIgniter.php(503): CodeIgniter\CodeIgniter->runController()
 8 SYSTEMPATH/CodeIgniter.php(362): CodeIgniter\CodeIgniter->handleRequest()
 9 FCPATH/index.php(79): CodeIgniter\CodeIgniter->run()
ERROR - 2024-10-06 04:21:45 --> mysqli_sql_exception: You have an error in your SQL syntax; check the manual that corresponds to your MariaDB server version for the right syntax to use near ')' at line 3 in /home/linkpaym/v8.linkpayment.my.id/system/Database/MySQLi/Connection.php:306
Stack trace:
#0 /home/linkpaym/v8.linkpayment.my.id/system/Database/MySQLi/Connection.php(306): mysqli->query()
#1 /home/linkpaym/v8.linkpayment.my.id/system/Database/BaseConnection.php(693): CodeIgniter\Database\MySQLi\Connection->execute()
#2 /home/linkpaym/v8.linkpayment.my.id/system/Database/BaseConnection.php(607): CodeIgniter\Database\BaseConnection->simpleQuery()
#3 /home/linkpaym/v8.linkpayment.my.id/system/Database/BaseBuilder.php(1615): CodeIgniter\Database\BaseConnection->query()
#4 /home/linkpaym/v8.linkpayment.my.id/system/Model.php(237): CodeIgniter\Database\BaseBuilder->get()
#5 /home/linkpaym/v8.linkpayment.my.id/system/BaseModel.php(624): CodeIgniter\Model->doFindAll()
#6 /home/linkpaym/v8.linkpayment.my.id/app/Controllers/View.php(81): CodeIgniter\BaseModel->findAll()
#7 /home/linkpaym/v8.linkpayment.my.id/system/CodeIgniter.php(943): App\Controllers\View->getFlashSale()
#8 /home/linkpaym/v8.linkpayment.my.id/system/CodeIgniter.php(503): CodeIgniter\CodeIgniter->runController()
#9 /home/linkpaym/v8.linkpayment.my.id/system/CodeIgniter.php(362): CodeIgniter\CodeIgniter->handleRequest()
#10 /home/linkpaym/v8.linkpayment.my.id/index.php(79): CodeIgniter\CodeIgniter->run()
#11 {main}
CRITICAL - 2024-10-06 04:21:45 --> You have an error in your SQL syntax; check the manual that corresponds to your MariaDB server version for the right syntax to use near ')' at line 3
in SYSTEMPATH/Database/BaseConnection.php on line 647.
 1 SYSTEMPATH/Database/BaseBuilder.php(1615): CodeIgniter\Database\BaseConnection->query()
 2 SYSTEMPATH/Model.php(237): CodeIgniter\Database\BaseBuilder->get()
 3 SYSTEMPATH/BaseModel.php(624): CodeIgniter\Model->doFindAll()
 4 APPPATH/Controllers/View.php(81): CodeIgniter\BaseModel->findAll()
 5 SYSTEMPATH/CodeIgniter.php(943): App\Controllers\View->getFlashSale()
 6 SYSTEMPATH/CodeIgniter.php(503): CodeIgniter\CodeIgniter->runController()
 7 SYSTEMPATH/CodeIgniter.php(362): CodeIgniter\CodeIgniter->handleRequest()
 8 FCPATH/index.php(79): CodeIgniter\CodeIgniter->run()
ERROR - 2024-10-06 04:23:17 --> mysqli_sql_exception: You have an error in your SQL syntax; check the manual that corresponds to your MariaDB server version for the right syntax to use near ')' at line 3 in /home/linkpaym/v8.linkpayment.my.id/system/Database/MySQLi/Connection.php:306
Stack trace:
#0 /home/linkpaym/v8.linkpayment.my.id/system/Database/MySQLi/Connection.php(306): mysqli->query()
#1 /home/linkpaym/v8.linkpayment.my.id/system/Database/BaseConnection.php(693): CodeIgniter\Database\MySQLi\Connection->execute()
#2 /home/linkpaym/v8.linkpayment.my.id/system/Database/BaseConnection.php(607): CodeIgniter\Database\BaseConnection->simpleQuery()
#3 /home/linkpaym/v8.linkpayment.my.id/system/Database/BaseBuilder.php(1615): CodeIgniter\Database\BaseConnection->query()
#4 /home/linkpaym/v8.linkpayment.my.id/system/Model.php(237): CodeIgniter\Database\BaseBuilder->get()
#5 /home/linkpaym/v8.linkpayment.my.id/system/BaseModel.php(624): CodeIgniter\Model->doFindAll()
#6 /home/linkpaym/v8.linkpayment.my.id/app/Controllers/View.php(81): CodeIgniter\BaseModel->findAll()
#7 /home/linkpaym/v8.linkpayment.my.id/system/CodeIgniter.php(943): App\Controllers\View->getFlashSale()
#8 /home/linkpaym/v8.linkpayment.my.id/system/CodeIgniter.php(503): CodeIgniter\CodeIgniter->runController()
#9 /home/linkpaym/v8.linkpayment.my.id/system/CodeIgniter.php(362): CodeIgniter\CodeIgniter->handleRequest()
#10 /home/linkpaym/v8.linkpayment.my.id/index.php(79): CodeIgniter\CodeIgniter->run()
#11 {main}
CRITICAL - 2024-10-06 04:23:17 --> You have an error in your SQL syntax; check the manual that corresponds to your MariaDB server version for the right syntax to use near ')' at line 3
in SYSTEMPATH/Database/BaseConnection.php on line 647.
 1 SYSTEMPATH/Database/BaseBuilder.php(1615): CodeIgniter\Database\BaseConnection->query()
 2 SYSTEMPATH/Model.php(237): CodeIgniter\Database\BaseBuilder->get()
 3 SYSTEMPATH/BaseModel.php(624): CodeIgniter\Model->doFindAll()
 4 APPPATH/Controllers/View.php(81): CodeIgniter\BaseModel->findAll()
 5 SYSTEMPATH/CodeIgniter.php(943): App\Controllers\View->getFlashSale()
 6 SYSTEMPATH/CodeIgniter.php(503): CodeIgniter\CodeIgniter->runController()
 7 SYSTEMPATH/CodeIgniter.php(362): CodeIgniter\CodeIgniter->handleRequest()
 8 FCPATH/index.php(79): CodeIgniter\CodeIgniter->run()
ERROR - 2024-10-06 04:23:35 --> mysqli_sql_exception: You have an error in your SQL syntax; check the manual that corresponds to your MariaDB server version for the right syntax to use near ')' at line 3 in /home/linkpaym/v8.linkpayment.my.id/system/Database/MySQLi/Connection.php:306
Stack trace:
#0 /home/linkpaym/v8.linkpayment.my.id/system/Database/MySQLi/Connection.php(306): mysqli->query()
#1 /home/linkpaym/v8.linkpayment.my.id/system/Database/BaseConnection.php(693): CodeIgniter\Database\MySQLi\Connection->execute()
#2 /home/linkpaym/v8.linkpayment.my.id/system/Database/BaseConnection.php(607): CodeIgniter\Database\BaseConnection->simpleQuery()
#3 /home/linkpaym/v8.linkpayment.my.id/system/Database/BaseBuilder.php(1615): CodeIgniter\Database\BaseConnection->query()
#4 /home/linkpaym/v8.linkpayment.my.id/system/Model.php(237): CodeIgniter\Database\BaseBuilder->get()
#5 /home/linkpaym/v8.linkpayment.my.id/system/BaseModel.php(624): CodeIgniter\Model->doFindAll()
#6 /home/linkpaym/v8.linkpayment.my.id/app/Controllers/View.php(81): CodeIgniter\BaseModel->findAll()
#7 /home/linkpaym/v8.linkpayment.my.id/system/CodeIgniter.php(943): App\Controllers\View->getFlashSale()
#8 /home/linkpaym/v8.linkpayment.my.id/system/CodeIgniter.php(503): CodeIgniter\CodeIgniter->runController()
#9 /home/linkpaym/v8.linkpayment.my.id/system/CodeIgniter.php(362): CodeIgniter\CodeIgniter->handleRequest()
#10 /home/linkpaym/v8.linkpayment.my.id/index.php(79): CodeIgniter\CodeIgniter->run()
#11 {main}
CRITICAL - 2024-10-06 04:23:35 --> You have an error in your SQL syntax; check the manual that corresponds to your MariaDB server version for the right syntax to use near ')' at line 3
in SYSTEMPATH/Database/BaseConnection.php on line 647.
 1 SYSTEMPATH/Database/BaseBuilder.php(1615): CodeIgniter\Database\BaseConnection->query()
 2 SYSTEMPATH/Model.php(237): CodeIgniter\Database\BaseBuilder->get()
 3 SYSTEMPATH/BaseModel.php(624): CodeIgniter\Model->doFindAll()
 4 APPPATH/Controllers/View.php(81): CodeIgniter\BaseModel->findAll()
 5 SYSTEMPATH/CodeIgniter.php(943): App\Controllers\View->getFlashSale()
 6 SYSTEMPATH/CodeIgniter.php(503): CodeIgniter\CodeIgniter->runController()
 7 SYSTEMPATH/CodeIgniter.php(362): CodeIgniter\CodeIgniter->handleRequest()
 8 FCPATH/index.php(79): CodeIgniter\CodeIgniter->run()
ERROR - 2024-10-06 04:37:20 --> mysqli_sql_exception: You have an error in your SQL syntax; check the manual that corresponds to your MariaDB server version for the right syntax to use near ')' at line 3 in /home/linkpaym/v8.linkpayment.my.id/system/Database/MySQLi/Connection.php:306
Stack trace:
#0 /home/linkpaym/v8.linkpayment.my.id/system/Database/MySQLi/Connection.php(306): mysqli->query()
#1 /home/linkpaym/v8.linkpayment.my.id/system/Database/BaseConnection.php(693): CodeIgniter\Database\MySQLi\Connection->execute()
#2 /home/linkpaym/v8.linkpayment.my.id/system/Database/BaseConnection.php(607): CodeIgniter\Database\BaseConnection->simpleQuery()
#3 /home/linkpaym/v8.linkpayment.my.id/system/Database/BaseBuilder.php(1615): CodeIgniter\Database\BaseConnection->query()
#4 /home/linkpaym/v8.linkpayment.my.id/system/Model.php(237): CodeIgniter\Database\BaseBuilder->get()
#5 /home/linkpaym/v8.linkpayment.my.id/system/BaseModel.php(624): CodeIgniter\Model->doFindAll()
#6 /home/linkpaym/v8.linkpayment.my.id/app/Controllers/View.php(81): CodeIgniter\BaseModel->findAll()
#7 /home/linkpaym/v8.linkpayment.my.id/system/CodeIgniter.php(943): App\Controllers\View->getFlashSale()
#8 /home/linkpaym/v8.linkpayment.my.id/system/CodeIgniter.php(503): CodeIgniter\CodeIgniter->runController()
#9 /home/linkpaym/v8.linkpayment.my.id/system/CodeIgniter.php(362): CodeIgniter\CodeIgniter->handleRequest()
#10 /home/linkpaym/v8.linkpayment.my.id/index.php(79): CodeIgniter\CodeIgniter->run()
#11 {main}
CRITICAL - 2024-10-06 04:37:20 --> You have an error in your SQL syntax; check the manual that corresponds to your MariaDB server version for the right syntax to use near ')' at line 3
in SYSTEMPATH/Database/BaseConnection.php on line 647.
 1 SYSTEMPATH/Database/BaseBuilder.php(1615): CodeIgniter\Database\BaseConnection->query()
 2 SYSTEMPATH/Model.php(237): CodeIgniter\Database\BaseBuilder->get()
 3 SYSTEMPATH/BaseModel.php(624): CodeIgniter\Model->doFindAll()
 4 APPPATH/Controllers/View.php(81): CodeIgniter\BaseModel->findAll()
 5 SYSTEMPATH/CodeIgniter.php(943): App\Controllers\View->getFlashSale()
 6 SYSTEMPATH/CodeIgniter.php(503): CodeIgniter\CodeIgniter->runController()
 7 SYSTEMPATH/CodeIgniter.php(362): CodeIgniter\CodeIgniter->handleRequest()
 8 FCPATH/index.php(79): CodeIgniter\CodeIgniter->run()
