ERROR - 2024-03-31 00:20:31 --> Error connecting to the database: ErrorException: mysqli::real_connect(): Error while reading greeting packet. PID=8092 in /storage/emulated/0/ksweb/tools/phpMyAdmin/topup-tema2/system/Database/MySQLi/Connection.php:185
Stack trace:
#0 [internal function]: CodeIgniter\Debug\Exceptions->errorHandler(2, 'mysqli::real_co...', '/storage/emulat...', 185)
#1 /storage/emulated/0/ksweb/tools/phpMyAdmin/topup-tema2/system/Database/MySQLi/Connection.php(185): mysqli->real_connect('localhost', 'root', '', 'topup_tema2', 3306, '', 0)
#2 /storage/emulated/0/ksweb/tools/phpMyAdmin/topup-tema2/system/Database/BaseConnection.php(392): CodeIgniter\Database\MySQLi\Connection->connect(false)
#3 /storage/emulated/0/ksweb/tools/phpMyAdmin/topup-tema2/system/Session/Handlers/DatabaseHandler.php(98): CodeIgniter\Database\BaseConnection->initialize()
#4 [internal function]: CodeIgniter\Session\Handlers\DatabaseHandler->open('ci_sessions', 'ci_session')
#5 /storage/emulated/0/ksweb/tools/phpMyAdmin/topup-tema2/system/Session/Session.php(919): session_start()
#6 /storage/emulated/0/ksweb/tools/phpMyAdmin/topup-tema2/system/Session/Session.php(241): CodeIgniter\Session\Session->startSession()
#7 /storage/emulated/0/ksweb/tools/phpMyAdmin/topup-tema2/system/Config/Services.php(693): CodeIgniter\Session\Session->start()
#8 /storage/emulated/0/ksweb/tools/phpMyAdmin/topup-tema2/system/Config/BaseService.php(258): CodeIgniter\Config\Services::session(Object(Config\Session), false)
#9 /storage/emulated/0/ksweb/tools/phpMyAdmin/topup-tema2/system/Config/BaseService.php(199): CodeIgniter\Config\BaseService::__callStatic('session', Array)
#10 /storage/emulated/0/ksweb/tools/phpMyAdmin/topup-tema2/system/Config/Services.php(664): CodeIgniter\Config\BaseService::getSharedInstance('session', NULL)
#11 /storage/emulated/0/ksweb/tools/phpMyAdmin/topup-tema2/system/Config/BaseService.php(258): CodeIgniter\Config\Services::session()
#12 /storage/emulated/0/ksweb/tools/phpMyAdmin/topup-tema2/system/Common.php(996): CodeIgniter\Config\BaseService::__callStatic('session', Array)
#13 /storage/emulated/0/ksweb/tools/phpMyAdmin/topup-tema2/app/Controllers/View.php(22): session()
#14 /storage/emulated/0/ksweb/tools/phpMyAdmin/topup-tema2/system/CodeIgniter.php(914): App\Controllers\View->__construct()
#15 /storage/emulated/0/ksweb/tools/phpMyAdmin/topup-tema2/system/CodeIgniter.php(493): CodeIgniter\CodeIgniter->createController()
#16 /storage/emulated/0/ksweb/tools/phpMyAdmin/topup-tema2/system/CodeIgniter.php(361): CodeIgniter\CodeIgniter->handleRequest(NULL, Object(Config\Cache), false)
#17 /storage/emulated/0/ksweb/tools/phpMyAdmin/topup-tema2/index.php(79): CodeIgniter\CodeIgniter->run()
#18 {main}

Next mysqli_sql_exception: MySQL server has gone away in /storage/emulated/0/ksweb/tools/phpMyAdmin/topup-tema2/system/Database/MySQLi/Connection.php:185
Stack trace:
#0 /storage/emulated/0/ksweb/tools/phpMyAdmin/topup-tema2/system/Database/MySQLi/Connection.php(185): mysqli->real_connect('localhost', 'root', '', 'topup_tema2', 3306, '', 0)
#1 /storage/emulated/0/ksweb/tools/phpMyAdmin/topup-tema2/system/Database/BaseConnection.php(392): CodeIgniter\Database\MySQLi\Connection->connect(false)
#2 /storage/emulated/0/ksweb/tools/phpMyAdmin/topup-tema2/system/Session/Handlers/DatabaseHandler.php(98): CodeIgniter\Database\BaseConnection->initialize()
#3 [internal function]: CodeIgniter\Session\Handlers\DatabaseHandler->open('ci_sessions', 'ci_session')
#4 /storage/emulated/0/ksweb/tools/phpMyAdmin/topup-tema2/system/Session/Session.php(919): session_start()
#5 /storage/emulated/0/ksweb/tools/phpMyAdmin/topup-tema2/system/Session/Session.php(241): CodeIgniter\Session\Session->startSession()
#6 /storage/emulated/0/ksweb/tools/phpMyAdmin/topup-tema2/system/Config/Services.php(693): CodeIgniter\Session\Session->start()
#7 /storage/emulated/0/ksweb/tools/phpMyAdmin/topup-tema2/system/Config/BaseService.php(258): CodeIgniter\Config\Services::session(Object(Config\Session), false)
#8 /storage/emulated/0/ksweb/tools/phpMyAdmin/topup-tema2/system/Config/BaseService.php(199): CodeIgniter\Config\BaseService::__callStatic('session', Array)
#9 /storage/emulated/0/ksweb/tools/phpMyAdmin/topup-tema2/system/Config/Services.php(664): CodeIgniter\Config\BaseService::getSharedInstance('session', NULL)
#10 /storage/emulated/0/ksweb/tools/phpMyAdmin/topup-tema2/system/Config/BaseService.php(258): CodeIgniter\Config\Services::session()
#11 /storage/emulated/0/ksweb/tools/phpMyAdmin/topup-tema2/system/Common.php(996): CodeIgniter\Config\BaseService::__callStatic('session', Array)
#12 /storage/emulated/0/ksweb/tools/phpMyAdmin/topup-tema2/app/Controllers/View.php(22): session()
#13 /storage/emulated/0/ksweb/tools/phpMyAdmin/topup-tema2/system/CodeIgniter.php(914): App\Controllers\View->__construct()
#14 /storage/emulated/0/ksweb/tools/phpMyAdmin/topup-tema2/system/CodeIgniter.php(493): CodeIgniter\CodeIgniter->createController()
#15 /storage/emulated/0/ksweb/tools/phpMyAdmin/topup-tema2/system/CodeIgniter.php(361): CodeIgniter\CodeIgniter->handleRequest(NULL, Object(Config\Cache), false)
#16 /storage/emulated/0/ksweb/tools/phpMyAdmin/topup-tema2/index.php(79): CodeIgniter\CodeIgniter->run()
#17 {main}

Next CodeIgniter\Database\Exceptions\DatabaseException: MySQL server has gone away in /storage/emulated/0/ksweb/tools/phpMyAdmin/topup-tema2/system/Database/MySQLi/Connection.php:229
Stack trace:
#0 /storage/emulated/0/ksweb/tools/phpMyAdmin/topup-tema2/system/Database/BaseConnection.php(392): CodeIgniter\Database\MySQLi\Connection->connect(false)
#1 /storage/emulated/0/ksweb/tools/phpMyAdmin/topup-tema2/system/Session/Handlers/DatabaseHandler.php(98): CodeIgniter\Database\BaseConnection->initialize()
#2 [internal function]: CodeIgniter\Session\Handlers\DatabaseHandler->open('ci_sessions', 'ci_session')
#3 /storage/emulated/0/ksweb/tools/phpMyAdmin/topup-tema2/system/Session/Session.php(919): session_start()
#4 /storage/emulated/0/ksweb/tools/phpMyAdmin/topup-tema2/system/Session/Session.php(241): CodeIgniter\Session\Session->startSession()
#5 /storage/emulated/0/ksweb/tools/phpMyAdmin/topup-tema2/system/Config/Services.php(693): CodeIgniter\Session\Session->start()
#6 /storage/emulated/0/ksweb/tools/phpMyAdmin/topup-tema2/system/Config/BaseService.php(258): CodeIgniter\Config\Services::session(Object(Config\Session), false)
#7 /storage/emulated/0/ksweb/tools/phpMyAdmin/topup-tema2/system/Config/BaseService.php(199): CodeIgniter\Config\BaseService::__callStatic('session', Array)
#8 /storage/emulated/0/ksweb/tools/phpMyAdmin/topup-tema2/system/Config/Services.php(664): CodeIgniter\Config\BaseService::getSharedInstance('session', NULL)
#9 /storage/emulated/0/ksweb/tools/phpMyAdmin/topup-tema2/system/Config/BaseService.php(258): CodeIgniter\Config\Services::session()
#10 /storage/emulated/0/ksweb/tools/phpMyAdmin/topup-tema2/system/Common.php(996): CodeIgniter\Config\BaseService::__callStatic('session', Array)
#11 /storage/emulated/0/ksweb/tools/phpMyAdmin/topup-tema2/app/Controllers/View.php(22): session()
#12 /storage/emulated/0/ksweb/tools/phpMyAdmin/topup-tema2/system/CodeIgniter.php(914): App\Controllers\View->__construct()
#13 /storage/emulated/0/ksweb/tools/phpMyAdmin/topup-tema2/system/CodeIgniter.php(493): CodeIgniter\CodeIgniter->createController()
#14 /storage/emulated/0/ksweb/tools/phpMyAdmin/topup-tema2/system/CodeIgniter.php(361): CodeIgniter\CodeIgniter->handleRequest(NULL, Object(Config\Cache), false)
#15 /storage/emulated/0/ksweb/tools/phpMyAdmin/topup-tema2/index.php(79): CodeIgniter\CodeIgniter->run()
#16 {main}
ERROR - 2024-03-31 00:20:31 --> Error connecting to the database: mysqli_sql_exception: MySQL server has gone away in /storage/emulated/0/ksweb/tools/phpMyAdmin/topup-tema2/system/Database/MySQLi/Connection.php:185
Stack trace:
#0 /storage/emulated/0/ksweb/tools/phpMyAdmin/topup-tema2/system/Database/MySQLi/Connection.php(185): mysqli->real_connect('localhost', 'root', '', 'topup_tema2', 3306, '', 0)
#1 /storage/emulated/0/ksweb/tools/phpMyAdmin/topup-tema2/system/Database/BaseConnection.php(392): CodeIgniter\Database\MySQLi\Connection->connect(false)
#2 /storage/emulated/0/ksweb/tools/phpMyAdmin/topup-tema2/system/Session/Handlers/DatabaseHandler.php(98): CodeIgniter\Database\BaseConnection->initialize()
#3 [internal function]: CodeIgniter\Session\Handlers\DatabaseHandler->open('ci_sessions', 'ci_session')
#4 /storage/emulated/0/ksweb/tools/phpMyAdmin/topup-tema2/system/Session/Session.php(919): session_start()
#5 /storage/emulated/0/ksweb/tools/phpMyAdmin/topup-tema2/system/Session/Session.php(241): CodeIgniter\Session\Session->startSession()
#6 /storage/emulated/0/ksweb/tools/phpMyAdmin/topup-tema2/system/Config/Services.php(693): CodeIgniter\Session\Session->start()
#7 /storage/emulated/0/ksweb/tools/phpMyAdmin/topup-tema2/system/Config/BaseService.php(258): CodeIgniter\Config\Services::session(Object(Config\Session), false)
#8 /storage/emulated/0/ksweb/tools/phpMyAdmin/topup-tema2/system/Config/BaseService.php(199): CodeIgniter\Config\BaseService::__callStatic('session', Array)
#9 /storage/emulated/0/ksweb/tools/phpMyAdmin/topup-tema2/system/Config/Services.php(664): CodeIgniter\Config\BaseService::getSharedInstance('session', NULL)
#10 /storage/emulated/0/ksweb/tools/phpMyAdmin/topup-tema2/system/Config/BaseService.php(258): CodeIgniter\Config\Services::session()
#11 /storage/emulated/0/ksweb/tools/phpMyAdmin/topup-tema2/system/Common.php(996): CodeIgniter\Config\BaseService::__callStatic('session', Array)
#12 /storage/emulated/0/ksweb/tools/phpMyAdmin/topup-tema2/app/Controllers/View.php(22): session()
#13 /storage/emulated/0/ksweb/tools/phpMyAdmin/topup-tema2/system/CodeIgniter.php(914): App\Controllers\View->__construct()
#14 /storage/emulated/0/ksweb/tools/phpMyAdmin/topup-tema2/system/CodeIgniter.php(493): CodeIgniter\CodeIgniter->createController()
#15 /storage/emulated/0/ksweb/tools/phpMyAdmin/topup-tema2/system/CodeIgniter.php(361): CodeIgniter\CodeIgniter->handleRequest(NULL, Object(Config\Cache), false)
#16 /storage/emulated/0/ksweb/tools/phpMyAdmin/topup-tema2/index.php(79): CodeIgniter\CodeIgniter->run()
#17 {main}

Next CodeIgniter\Database\Exceptions\DatabaseException: MySQL server has gone away in /storage/emulated/0/ksweb/tools/phpMyAdmin/topup-tema2/system/Database/MySQLi/Connection.php:229
Stack trace:
#0 /storage/emulated/0/ksweb/tools/phpMyAdmin/topup-tema2/system/Database/BaseConnection.php(392): CodeIgniter\Database\MySQLi\Connection->connect(false)
#1 /storage/emulated/0/ksweb/tools/phpMyAdmin/topup-tema2/system/Session/Handlers/DatabaseHandler.php(98): CodeIgniter\Database\BaseConnection->initialize()
#2 [internal function]: CodeIgniter\Session\Handlers\DatabaseHandler->open('ci_sessions', 'ci_session')
#3 /storage/emulated/0/ksweb/tools/phpMyAdmin/topup-tema2/system/Session/Session.php(919): session_start()
#4 /storage/emulated/0/ksweb/tools/phpMyAdmin/topup-tema2/system/Session/Session.php(241): CodeIgniter\Session\Session->startSession()
#5 /storage/emulated/0/ksweb/tools/phpMyAdmin/topup-tema2/system/Config/Services.php(693): CodeIgniter\Session\Session->start()
#6 /storage/emulated/0/ksweb/tools/phpMyAdmin/topup-tema2/system/Config/BaseService.php(258): CodeIgniter\Config\Services::session(Object(Config\Session), false)
#7 /storage/emulated/0/ksweb/tools/phpMyAdmin/topup-tema2/system/Config/BaseService.php(199): CodeIgniter\Config\BaseService::__callStatic('session', Array)
#8 /storage/emulated/0/ksweb/tools/phpMyAdmin/topup-tema2/system/Config/Services.php(664): CodeIgniter\Config\BaseService::getSharedInstance('session', NULL)
#9 /storage/emulated/0/ksweb/tools/phpMyAdmin/topup-tema2/system/Config/BaseService.php(258): CodeIgniter\Config\Services::session()
#10 /storage/emulated/0/ksweb/tools/phpMyAdmin/topup-tema2/system/Common.php(996): CodeIgniter\Config\BaseService::__callStatic('session', Array)
#11 /storage/emulated/0/ksweb/tools/phpMyAdmin/topup-tema2/app/Controllers/View.php(22): session()
#12 /storage/emulated/0/ksweb/tools/phpMyAdmin/topup-tema2/system/CodeIgniter.php(914): App\Controllers\View->__construct()
#13 /storage/emulated/0/ksweb/tools/phpMyAdmin/topup-tema2/system/CodeIgniter.php(493): CodeIgniter\CodeIgniter->createController()
#14 /storage/emulated/0/ksweb/tools/phpMyAdmin/topup-tema2/system/CodeIgniter.php(361): CodeIgniter\CodeIgniter->handleRequest(NULL, Object(Config\Cache), false)
#15 /storage/emulated/0/ksweb/tools/phpMyAdmin/topup-tema2/index.php(79): CodeIgniter\CodeIgniter->run()
#16 {main}
ERROR - 2024-03-31 00:20:31 --> Error connecting to the database: ErrorException: mysqli::real_connect(): Error while reading greeting packet. PID=8090 in /storage/emulated/0/ksweb/tools/phpMyAdmin/topup-tema2/system/Database/MySQLi/Connection.php:185
Stack trace:
#0 [internal function]: CodeIgniter\Debug\Exceptions->errorHandler(2, 'mysqli::real_co...', '/storage/emulat...', 185)
#1 /storage/emulated/0/ksweb/tools/phpMyAdmin/topup-tema2/system/Database/MySQLi/Connection.php(185): mysqli->real_connect('localhost', 'root', '', 'topup_tema2', 3306, '', 0)
#2 /storage/emulated/0/ksweb/tools/phpMyAdmin/topup-tema2/system/Database/BaseConnection.php(392): CodeIgniter\Database\MySQLi\Connection->connect(false)
#3 /storage/emulated/0/ksweb/tools/phpMyAdmin/topup-tema2/system/Session/Handlers/DatabaseHandler.php(98): CodeIgniter\Database\BaseConnection->initialize()
#4 [internal function]: CodeIgniter\Session\Handlers\DatabaseHandler->open('ci_sessions', 'ci_session')
#5 /storage/emulated/0/ksweb/tools/phpMyAdmin/topup-tema2/system/Session/Session.php(919): session_start()
#6 /storage/emulated/0/ksweb/tools/phpMyAdmin/topup-tema2/system/Session/Session.php(241): CodeIgniter\Session\Session->startSession()
#7 /storage/emulated/0/ksweb/tools/phpMyAdmin/topup-tema2/system/Config/Services.php(693): CodeIgniter\Session\Session->start()
#8 /storage/emulated/0/ksweb/tools/phpMyAdmin/topup-tema2/system/Config/BaseService.php(258): CodeIgniter\Config\Services::session(Object(Config\Session), false)
#9 /storage/emulated/0/ksweb/tools/phpMyAdmin/topup-tema2/system/Config/BaseService.php(199): CodeIgniter\Config\BaseService::__callStatic('session', Array)
#10 /storage/emulated/0/ksweb/tools/phpMyAdmin/topup-tema2/system/Config/Services.php(664): CodeIgniter\Config\BaseService::getSharedInstance('session', NULL)
#11 /storage/emulated/0/ksweb/tools/phpMyAdmin/topup-tema2/system/Config/BaseService.php(258): CodeIgniter\Config\Services::session()
#12 /storage/emulated/0/ksweb/tools/phpMyAdmin/topup-tema2/system/Common.php(996): CodeIgniter\Config\BaseService::__callStatic('session', Array)
#13 /storage/emulated/0/ksweb/tools/phpMyAdmin/topup-tema2/app/Controllers/View.php(22): session()
#14 /storage/emulated/0/ksweb/tools/phpMyAdmin/topup-tema2/system/CodeIgniter.php(914): App\Controllers\View->__construct()
#15 /storage/emulated/0/ksweb/tools/phpMyAdmin/topup-tema2/system/CodeIgniter.php(493): CodeIgniter\CodeIgniter->createController()
#16 /storage/emulated/0/ksweb/tools/phpMyAdmin/topup-tema2/system/CodeIgniter.php(361): CodeIgniter\CodeIgniter->handleRequest(NULL, Object(Config\Cache), false)
#17 /storage/emulated/0/ksweb/tools/phpMyAdmin/topup-tema2/index.php(79): CodeIgniter\CodeIgniter->run()
#18 {main}

Next mysqli_sql_exception: MySQL server has gone away in /storage/emulated/0/ksweb/tools/phpMyAdmin/topup-tema2/system/Database/MySQLi/Connection.php:185
Stack trace:
#0 /storage/emulated/0/ksweb/tools/phpMyAdmin/topup-tema2/system/Database/MySQLi/Connection.php(185): mysqli->real_connect('localhost', 'root', '', 'topup_tema2', 3306, '', 0)
#1 /storage/emulated/0/ksweb/tools/phpMyAdmin/topup-tema2/system/Database/BaseConnection.php(392): CodeIgniter\Database\MySQLi\Connection->connect(false)
#2 /storage/emulated/0/ksweb/tools/phpMyAdmin/topup-tema2/system/Session/Handlers/DatabaseHandler.php(98): CodeIgniter\Database\BaseConnection->initialize()
#3 [internal function]: CodeIgniter\Session\Handlers\DatabaseHandler->open('ci_sessions', 'ci_session')
#4 /storage/emulated/0/ksweb/tools/phpMyAdmin/topup-tema2/system/Session/Session.php(919): session_start()
#5 /storage/emulated/0/ksweb/tools/phpMyAdmin/topup-tema2/system/Session/Session.php(241): CodeIgniter\Session\Session->startSession()
#6 /storage/emulated/0/ksweb/tools/phpMyAdmin/topup-tema2/system/Config/Services.php(693): CodeIgniter\Session\Session->start()
#7 /storage/emulated/0/ksweb/tools/phpMyAdmin/topup-tema2/system/Config/BaseService.php(258): CodeIgniter\Config\Services::session(Object(Config\Session), false)
#8 /storage/emulated/0/ksweb/tools/phpMyAdmin/topup-tema2/system/Config/BaseService.php(199): CodeIgniter\Config\BaseService::__callStatic('session', Array)
#9 /storage/emulated/0/ksweb/tools/phpMyAdmin/topup-tema2/system/Config/Services.php(664): CodeIgniter\Config\BaseService::getSharedInstance('session', NULL)
#10 /storage/emulated/0/ksweb/tools/phpMyAdmin/topup-tema2/system/Config/BaseService.php(258): CodeIgniter\Config\Services::session()
#11 /storage/emulated/0/ksweb/tools/phpMyAdmin/topup-tema2/system/Common.php(996): CodeIgniter\Config\BaseService::__callStatic('session', Array)
#12 /storage/emulated/0/ksweb/tools/phpMyAdmin/topup-tema2/app/Controllers/View.php(22): session()
#13 /storage/emulated/0/ksweb/tools/phpMyAdmin/topup-tema2/system/CodeIgniter.php(914): App\Controllers\View->__construct()
#14 /storage/emulated/0/ksweb/tools/phpMyAdmin/topup-tema2/system/CodeIgniter.php(493): CodeIgniter\CodeIgniter->createController()
#15 /storage/emulated/0/ksweb/tools/phpMyAdmin/topup-tema2/system/CodeIgniter.php(361): CodeIgniter\CodeIgniter->handleRequest(NULL, Object(Config\Cache), false)
#16 /storage/emulated/0/ksweb/tools/phpMyAdmin/topup-tema2/index.php(79): CodeIgniter\CodeIgniter->run()
#17 {main}

Next CodeIgniter\Database\Exceptions\DatabaseException: MySQL server has gone away in /storage/emulated/0/ksweb/tools/phpMyAdmin/topup-tema2/system/Database/MySQLi/Connection.php:229
Stack trace:
#0 /storage/emulated/0/ksweb/tools/phpMyAdmin/topup-tema2/system/Database/BaseConnection.php(392): CodeIgniter\Database\MySQLi\Connection->connect(false)
#1 /storage/emulated/0/ksweb/tools/phpMyAdmin/topup-tema2/system/Session/Handlers/DatabaseHandler.php(98): CodeIgniter\Database\BaseConnection->initialize()
#2 [internal function]: CodeIgniter\Session\Handlers\DatabaseHandler->open('ci_sessions', 'ci_session')
#3 /storage/emulated/0/ksweb/tools/phpMyAdmin/topup-tema2/system/Session/Session.php(919): session_start()
#4 /storage/emulated/0/ksweb/tools/phpMyAdmin/topup-tema2/system/Session/Session.php(241): CodeIgniter\Session\Session->startSession()
#5 /storage/emulated/0/ksweb/tools/phpMyAdmin/topup-tema2/system/Config/Services.php(693): CodeIgniter\Session\Session->start()
#6 /storage/emulated/0/ksweb/tools/phpMyAdmin/topup-tema2/system/Config/BaseService.php(258): CodeIgniter\Config\Services::session(Object(Config\Session), false)
#7 /storage/emulated/0/ksweb/tools/phpMyAdmin/topup-tema2/system/Config/BaseService.php(199): CodeIgniter\Config\BaseService::__callStatic('session', Array)
#8 /storage/emulated/0/ksweb/tools/phpMyAdmin/topup-tema2/system/Config/Services.php(664): CodeIgniter\Config\BaseService::getSharedInstance('session', NULL)
#9 /storage/emulated/0/ksweb/tools/phpMyAdmin/topup-tema2/system/Config/BaseService.php(258): CodeIgniter\Config\Services::session()
#10 /storage/emulated/0/ksweb/tools/phpMyAdmin/topup-tema2/system/Common.php(996): CodeIgniter\Config\BaseService::__callStatic('session', Array)
#11 /storage/emulated/0/ksweb/tools/phpMyAdmin/topup-tema2/app/Controllers/View.php(22): session()
#12 /storage/emulated/0/ksweb/tools/phpMyAdmin/topup-tema2/system/CodeIgniter.php(914): App\Controllers\View->__construct()
#13 /storage/emulated/0/ksweb/tools/phpMyAdmin/topup-tema2/system/CodeIgniter.php(493): CodeIgniter\CodeIgniter->createController()
#14 /storage/emulated/0/ksweb/tools/phpMyAdmin/topup-tema2/system/CodeIgniter.php(361): CodeIgniter\CodeIgniter->handleRequest(NULL, Object(Config\Cache), false)
#15 /storage/emulated/0/ksweb/tools/phpMyAdmin/topup-tema2/index.php(79): CodeIgniter\CodeIgniter->run()
#16 {main}
CRITICAL - 2024-03-31 00:20:31 --> Unable to connect to the database.
Main connection [MySQLi]: MySQL server has gone away
in SYSTEMPATH/Database/BaseConnection.php on line 428.
 1 SYSTEMPATH/Session/Handlers/DatabaseHandler.php(98): CodeIgniter\Database\BaseConnection->initialize()
 2 [internal function]: CodeIgniter\Session\Handlers\DatabaseHandler->open('ci_sessions', 'ci_session')
 3 SYSTEMPATH/Session/Session.php(919): session_start()
 4 SYSTEMPATH/Session/Session.php(241): CodeIgniter\Session\Session->startSession()
 5 SYSTEMPATH/Config/Services.php(693): CodeIgniter\Session\Session->start()
 6 SYSTEMPATH/Config/BaseService.php(258): CodeIgniter\Config\Services::session(Object(Config\Session), false)
 7 SYSTEMPATH/Config/BaseService.php(199): CodeIgniter\Config\BaseService::__callStatic('session', [...])
 8 SYSTEMPATH/Config/Services.php(664): CodeIgniter\Config\BaseService::getSharedInstance('session', null)
 9 SYSTEMPATH/Config/BaseService.php(258): CodeIgniter\Config\Services::session()
10 SYSTEMPATH/Common.php(996): CodeIgniter\Config\BaseService::__callStatic('session', [])
11 APPPATH/Controllers/View.php(22): session()
12 SYSTEMPATH/CodeIgniter.php(914): App\Controllers\View->__construct()
13 SYSTEMPATH/CodeIgniter.php(493): CodeIgniter\CodeIgniter->createController()
14 SYSTEMPATH/CodeIgniter.php(361): CodeIgniter\CodeIgniter->handleRequest(null, Object(Config\Cache), false)
15 FCPATH/index.php(79): CodeIgniter\CodeIgniter->run()
CRITICAL - 2024-03-31 00:20:31 --> Unable to connect to the database.
Main connection [MySQLi]: MySQL server has gone away
in SYSTEMPATH/Database/BaseConnection.php on line 428.
 1 SYSTEMPATH/Session/Handlers/DatabaseHandler.php(98): CodeIgniter\Database\BaseConnection->initialize()
 2 [internal function]: CodeIgniter\Session\Handlers\DatabaseHandler->open('ci_sessions', 'ci_session')
 3 SYSTEMPATH/Session/Session.php(919): session_start()
 4 SYSTEMPATH/Session/Session.php(241): CodeIgniter\Session\Session->startSession()
 5 SYSTEMPATH/Config/Services.php(693): CodeIgniter\Session\Session->start()
 6 SYSTEMPATH/Config/BaseService.php(258): CodeIgniter\Config\Services::session(Object(Config\Session), false)
 7 SYSTEMPATH/Config/BaseService.php(199): CodeIgniter\Config\BaseService::__callStatic('session', [...])
 8 SYSTEMPATH/Config/Services.php(664): CodeIgniter\Config\BaseService::getSharedInstance('session', null)
 9 SYSTEMPATH/Config/BaseService.php(258): CodeIgniter\Config\Services::session()
10 SYSTEMPATH/Common.php(996): CodeIgniter\Config\BaseService::__callStatic('session', [])
11 APPPATH/Controllers/View.php(22): session()
12 SYSTEMPATH/CodeIgniter.php(914): App\Controllers\View->__construct()
13 SYSTEMPATH/CodeIgniter.php(493): CodeIgniter\CodeIgniter->createController()
14 SYSTEMPATH/CodeIgniter.php(361): CodeIgniter\CodeIgniter->handleRequest(null, Object(Config\Cache), false)
15 FCPATH/index.php(79): CodeIgniter\CodeIgniter->run()
CRITICAL - 2024-03-31 00:20:31 --> Unable to connect to the database.
Main connection [MySQLi]: MySQL server has gone away
in SYSTEMPATH/Database/BaseConnection.php on line 428.
 1 SYSTEMPATH/Session/Handlers/DatabaseHandler.php(98): CodeIgniter\Database\BaseConnection->initialize()
 2 [internal function]: CodeIgniter\Session\Handlers\DatabaseHandler->open('ci_sessions', 'ci_session')
 3 SYSTEMPATH/Session/Session.php(919): session_start()
 4 SYSTEMPATH/Session/Session.php(241): CodeIgniter\Session\Session->startSession()
 5 SYSTEMPATH/Config/Services.php(693): CodeIgniter\Session\Session->start()
 6 SYSTEMPATH/Config/BaseService.php(258): CodeIgniter\Config\Services::session(Object(Config\Session), false)
 7 SYSTEMPATH/Config/BaseService.php(199): CodeIgniter\Config\BaseService::__callStatic('session', [...])
 8 SYSTEMPATH/Config/Services.php(664): CodeIgniter\Config\BaseService::getSharedInstance('session', null)
 9 SYSTEMPATH/Config/BaseService.php(258): CodeIgniter\Config\Services::session()
10 SYSTEMPATH/Common.php(996): CodeIgniter\Config\BaseService::__callStatic('session', [])
11 APPPATH/Controllers/View.php(22): session()
12 SYSTEMPATH/CodeIgniter.php(914): App\Controllers\View->__construct()
13 SYSTEMPATH/CodeIgniter.php(493): CodeIgniter\CodeIgniter->createController()
14 SYSTEMPATH/CodeIgniter.php(361): CodeIgniter\CodeIgniter->handleRequest(null, Object(Config\Cache), false)
15 FCPATH/index.php(79): CodeIgniter\CodeIgniter->run()
ERROR - 2024-03-31 00:20:31 --> Error connecting to the database: mysqli_sql_exception: Connection refused in /storage/emulated/0/ksweb/tools/phpMyAdmin/topup-tema2/system/Database/MySQLi/Connection.php:185
Stack trace:
#0 /storage/emulated/0/ksweb/tools/phpMyAdmin/topup-tema2/system/Database/MySQLi/Connection.php(185): mysqli->real_connect('localhost', 'root', '', 'topup_tema2', 3306, '', 0)
#1 /storage/emulated/0/ksweb/tools/phpMyAdmin/topup-tema2/system/Database/BaseConnection.php(392): CodeIgniter\Database\MySQLi\Connection->connect(false)
#2 /storage/emulated/0/ksweb/tools/phpMyAdmin/topup-tema2/system/Session/Handlers/DatabaseHandler.php(98): CodeIgniter\Database\BaseConnection->initialize()
#3 [internal function]: CodeIgniter\Session\Handlers\DatabaseHandler->open('ci_sessions', 'ci_session')
#4 /storage/emulated/0/ksweb/tools/phpMyAdmin/topup-tema2/system/Session/Session.php(919): session_start()
#5 /storage/emulated/0/ksweb/tools/phpMyAdmin/topup-tema2/system/Session/Session.php(241): CodeIgniter\Session\Session->startSession()
#6 /storage/emulated/0/ksweb/tools/phpMyAdmin/topup-tema2/system/Config/Services.php(693): CodeIgniter\Session\Session->start()
#7 /storage/emulated/0/ksweb/tools/phpMyAdmin/topup-tema2/system/Config/BaseService.php(258): CodeIgniter\Config\Services::session(Object(Config\Session), false)
#8 /storage/emulated/0/ksweb/tools/phpMyAdmin/topup-tema2/system/Config/BaseService.php(199): CodeIgniter\Config\BaseService::__callStatic('session', Array)
#9 /storage/emulated/0/ksweb/tools/phpMyAdmin/topup-tema2/system/Config/Services.php(664): CodeIgniter\Config\BaseService::getSharedInstance('session', NULL)
#10 /storage/emulated/0/ksweb/tools/phpMyAdmin/topup-tema2/system/Config/BaseService.php(258): CodeIgniter\Config\Services::session()
#11 /storage/emulated/0/ksweb/tools/phpMyAdmin/topup-tema2/system/Common.php(996): CodeIgniter\Config\BaseService::__callStatic('session', Array)
#12 /storage/emulated/0/ksweb/tools/phpMyAdmin/topup-tema2/app/Controllers/View.php(22): session()
#13 /storage/emulated/0/ksweb/tools/phpMyAdmin/topup-tema2/system/CodeIgniter.php(914): App\Controllers\View->__construct()
#14 /storage/emulated/0/ksweb/tools/phpMyAdmin/topup-tema2/system/CodeIgniter.php(493): CodeIgniter\CodeIgniter->createController()
#15 /storage/emulated/0/ksweb/tools/phpMyAdmin/topup-tema2/system/CodeIgniter.php(361): CodeIgniter\CodeIgniter->handleRequest(NULL, Object(Config\Cache), false)
#16 /storage/emulated/0/ksweb/tools/phpMyAdmin/topup-tema2/index.php(79): CodeIgniter\CodeIgniter->run()
#17 {main}

Next CodeIgniter\Database\Exceptions\DatabaseException: Connection refused in /storage/emulated/0/ksweb/tools/phpMyAdmin/topup-tema2/system/Database/MySQLi/Connection.php:229
Stack trace:
#0 /storage/emulated/0/ksweb/tools/phpMyAdmin/topup-tema2/system/Database/BaseConnection.php(392): CodeIgniter\Database\MySQLi\Connection->connect(false)
#1 /storage/emulated/0/ksweb/tools/phpMyAdmin/topup-tema2/system/Session/Handlers/DatabaseHandler.php(98): CodeIgniter\Database\BaseConnection->initialize()
#2 [internal function]: CodeIgniter\Session\Handlers\DatabaseHandler->open('ci_sessions', 'ci_session')
#3 /storage/emulated/0/ksweb/tools/phpMyAdmin/topup-tema2/system/Session/Session.php(919): session_start()
#4 /storage/emulated/0/ksweb/tools/phpMyAdmin/topup-tema2/system/Session/Session.php(241): CodeIgniter\Session\Session->startSession()
#5 /storage/emulated/0/ksweb/tools/phpMyAdmin/topup-tema2/system/Config/Services.php(693): CodeIgniter\Session\Session->start()
#6 /storage/emulated/0/ksweb/tools/phpMyAdmin/topup-tema2/system/Config/BaseService.php(258): CodeIgniter\Config\Services::session(Object(Config\Session), false)
#7 /storage/emulated/0/ksweb/tools/phpMyAdmin/topup-tema2/system/Config/BaseService.php(199): CodeIgniter\Config\BaseService::__callStatic('session', Array)
#8 /storage/emulated/0/ksweb/tools/phpMyAdmin/topup-tema2/system/Config/Services.php(664): CodeIgniter\Config\BaseService::getSharedInstance('session', NULL)
#9 /storage/emulated/0/ksweb/tools/phpMyAdmin/topup-tema2/system/Config/BaseService.php(258): CodeIgniter\Config\Services::session()
#10 /storage/emulated/0/ksweb/tools/phpMyAdmin/topup-tema2/system/Common.php(996): CodeIgniter\Config\BaseService::__callStatic('session', Array)
#11 /storage/emulated/0/ksweb/tools/phpMyAdmin/topup-tema2/app/Controllers/View.php(22): session()
#12 /storage/emulated/0/ksweb/tools/phpMyAdmin/topup-tema2/system/CodeIgniter.php(914): App\Controllers\View->__construct()
#13 /storage/emulated/0/ksweb/tools/phpMyAdmin/topup-tema2/system/CodeIgniter.php(493): CodeIgniter\CodeIgniter->createController()
#14 /storage/emulated/0/ksweb/tools/phpMyAdmin/topup-tema2/system/CodeIgniter.php(361): CodeIgniter\CodeIgniter->handleRequest(NULL, Object(Config\Cache), false)
#15 /storage/emulated/0/ksweb/tools/phpMyAdmin/topup-tema2/index.php(79): CodeIgniter\CodeIgniter->run()
#16 {main}
CRITICAL - 2024-03-31 00:20:31 --> Unable to connect to the database.
Main connection [MySQLi]: Connection refused
in SYSTEMPATH/Database/BaseConnection.php on line 428.
 1 SYSTEMPATH/Session/Handlers/DatabaseHandler.php(98): CodeIgniter\Database\BaseConnection->initialize()
 2 [internal function]: CodeIgniter\Session\Handlers\DatabaseHandler->open('ci_sessions', 'ci_session')
 3 SYSTEMPATH/Session/Session.php(919): session_start()
 4 SYSTEMPATH/Session/Session.php(241): CodeIgniter\Session\Session->startSession()
 5 SYSTEMPATH/Config/Services.php(693): CodeIgniter\Session\Session->start()
 6 SYSTEMPATH/Config/BaseService.php(258): CodeIgniter\Config\Services::session(Object(Config\Session), false)
 7 SYSTEMPATH/Config/BaseService.php(199): CodeIgniter\Config\BaseService::__callStatic('session', [...])
 8 SYSTEMPATH/Config/Services.php(664): CodeIgniter\Config\BaseService::getSharedInstance('session', null)
 9 SYSTEMPATH/Config/BaseService.php(258): CodeIgniter\Config\Services::session()
10 SYSTEMPATH/Common.php(996): CodeIgniter\Config\BaseService::__callStatic('session', [])
11 APPPATH/Controllers/View.php(22): session()
12 SYSTEMPATH/CodeIgniter.php(914): App\Controllers\View->__construct()
13 SYSTEMPATH/CodeIgniter.php(493): CodeIgniter\CodeIgniter->createController()
14 SYSTEMPATH/CodeIgniter.php(361): CodeIgniter\CodeIgniter->handleRequest(null, Object(Config\Cache), false)
15 FCPATH/index.php(79): CodeIgniter\CodeIgniter->run()
ERROR - 2024-03-31 00:20:31 --> Error connecting to the database: mysqli_sql_exception: Connection refused in /storage/emulated/0/ksweb/tools/phpMyAdmin/topup-tema2/system/Database/MySQLi/Connection.php:185
Stack trace:
#0 /storage/emulated/0/ksweb/tools/phpMyAdmin/topup-tema2/system/Database/MySQLi/Connection.php(185): mysqli->real_connect('localhost', 'root', '', 'topup_tema2', 3306, '', 0)
#1 /storage/emulated/0/ksweb/tools/phpMyAdmin/topup-tema2/system/Database/BaseConnection.php(392): CodeIgniter\Database\MySQLi\Connection->connect(false)
#2 /storage/emulated/0/ksweb/tools/phpMyAdmin/topup-tema2/system/Session/Handlers/DatabaseHandler.php(98): CodeIgniter\Database\BaseConnection->initialize()
#3 [internal function]: CodeIgniter\Session\Handlers\DatabaseHandler->open('ci_sessions', 'ci_session')
#4 /storage/emulated/0/ksweb/tools/phpMyAdmin/topup-tema2/system/Session/Session.php(919): session_start()
#5 /storage/emulated/0/ksweb/tools/phpMyAdmin/topup-tema2/system/Session/Session.php(241): CodeIgniter\Session\Session->startSession()
#6 /storage/emulated/0/ksweb/tools/phpMyAdmin/topup-tema2/system/Config/Services.php(693): CodeIgniter\Session\Session->start()
#7 /storage/emulated/0/ksweb/tools/phpMyAdmin/topup-tema2/system/Config/BaseService.php(258): CodeIgniter\Config\Services::session(Object(Config\Session), false)
#8 /storage/emulated/0/ksweb/tools/phpMyAdmin/topup-tema2/system/Config/BaseService.php(199): CodeIgniter\Config\BaseService::__callStatic('session', Array)
#9 /storage/emulated/0/ksweb/tools/phpMyAdmin/topup-tema2/system/Config/Services.php(664): CodeIgniter\Config\BaseService::getSharedInstance('session', NULL)
#10 /storage/emulated/0/ksweb/tools/phpMyAdmin/topup-tema2/system/Config/BaseService.php(258): CodeIgniter\Config\Services::session()
#11 /storage/emulated/0/ksweb/tools/phpMyAdmin/topup-tema2/system/Common.php(996): CodeIgniter\Config\BaseService::__callStatic('session', Array)
#12 /storage/emulated/0/ksweb/tools/phpMyAdmin/topup-tema2/app/Controllers/View.php(22): session()
#13 /storage/emulated/0/ksweb/tools/phpMyAdmin/topup-tema2/system/CodeIgniter.php(914): App\Controllers\View->__construct()
#14 /storage/emulated/0/ksweb/tools/phpMyAdmin/topup-tema2/system/CodeIgniter.php(493): CodeIgniter\CodeIgniter->createController()
#15 /storage/emulated/0/ksweb/tools/phpMyAdmin/topup-tema2/system/CodeIgniter.php(361): CodeIgniter\CodeIgniter->handleRequest(NULL, Object(Config\Cache), false)
#16 /storage/emulated/0/ksweb/tools/phpMyAdmin/topup-tema2/index.php(79): CodeIgniter\CodeIgniter->run()
#17 {main}

Next CodeIgniter\Database\Exceptions\DatabaseException: Connection refused in /storage/emulated/0/ksweb/tools/phpMyAdmin/topup-tema2/system/Database/MySQLi/Connection.php:229
Stack trace:
#0 /storage/emulated/0/ksweb/tools/phpMyAdmin/topup-tema2/system/Database/BaseConnection.php(392): CodeIgniter\Database\MySQLi\Connection->connect(false)
#1 /storage/emulated/0/ksweb/tools/phpMyAdmin/topup-tema2/system/Session/Handlers/DatabaseHandler.php(98): CodeIgniter\Database\BaseConnection->initialize()
#2 [internal function]: CodeIgniter\Session\Handlers\DatabaseHandler->open('ci_sessions', 'ci_session')
#3 /storage/emulated/0/ksweb/tools/phpMyAdmin/topup-tema2/system/Session/Session.php(919): session_start()
#4 /storage/emulated/0/ksweb/tools/phpMyAdmin/topup-tema2/system/Session/Session.php(241): CodeIgniter\Session\Session->startSession()
#5 /storage/emulated/0/ksweb/tools/phpMyAdmin/topup-tema2/system/Config/Services.php(693): CodeIgniter\Session\Session->start()
#6 /storage/emulated/0/ksweb/tools/phpMyAdmin/topup-tema2/system/Config/BaseService.php(258): CodeIgniter\Config\Services::session(Object(Config\Session), false)
#7 /storage/emulated/0/ksweb/tools/phpMyAdmin/topup-tema2/system/Config/BaseService.php(199): CodeIgniter\Config\BaseService::__callStatic('session', Array)
#8 /storage/emulated/0/ksweb/tools/phpMyAdmin/topup-tema2/system/Config/Services.php(664): CodeIgniter\Config\BaseService::getSharedInstance('session', NULL)
#9 /storage/emulated/0/ksweb/tools/phpMyAdmin/topup-tema2/system/Config/BaseService.php(258): CodeIgniter\Config\Services::session()
#10 /storage/emulated/0/ksweb/tools/phpMyAdmin/topup-tema2/system/Common.php(996): CodeIgniter\Config\BaseService::__callStatic('session', Array)
#11 /storage/emulated/0/ksweb/tools/phpMyAdmin/topup-tema2/app/Controllers/View.php(22): session()
#12 /storage/emulated/0/ksweb/tools/phpMyAdmin/topup-tema2/system/CodeIgniter.php(914): App\Controllers\View->__construct()
#13 /storage/emulated/0/ksweb/tools/phpMyAdmin/topup-tema2/system/CodeIgniter.php(493): CodeIgniter\CodeIgniter->createController()
#14 /storage/emulated/0/ksweb/tools/phpMyAdmin/topup-tema2/system/CodeIgniter.php(361): CodeIgniter\CodeIgniter->handleRequest(NULL, Object(Config\Cache), false)
#15 /storage/emulated/0/ksweb/tools/phpMyAdmin/topup-tema2/index.php(79): CodeIgniter\CodeIgniter->run()
#16 {main}
CRITICAL - 2024-03-31 00:20:31 --> Unable to connect to the database.
Main connection [MySQLi]: Connection refused
in SYSTEMPATH/Database/BaseConnection.php on line 428.
 1 SYSTEMPATH/Session/Handlers/DatabaseHandler.php(98): CodeIgniter\Database\BaseConnection->initialize()
 2 [internal function]: CodeIgniter\Session\Handlers\DatabaseHandler->open('ci_sessions', 'ci_session')
 3 SYSTEMPATH/Session/Session.php(919): session_start()
 4 SYSTEMPATH/Session/Session.php(241): CodeIgniter\Session\Session->startSession()
 5 SYSTEMPATH/Config/Services.php(693): CodeIgniter\Session\Session->start()
 6 SYSTEMPATH/Config/BaseService.php(258): CodeIgniter\Config\Services::session(Object(Config\Session), false)
 7 SYSTEMPATH/Config/BaseService.php(199): CodeIgniter\Config\BaseService::__callStatic('session', [...])
 8 SYSTEMPATH/Config/Services.php(664): CodeIgniter\Config\BaseService::getSharedInstance('session', null)
 9 SYSTEMPATH/Config/BaseService.php(258): CodeIgniter\Config\Services::session()
10 SYSTEMPATH/Common.php(996): CodeIgniter\Config\BaseService::__callStatic('session', [])
11 APPPATH/Controllers/View.php(22): session()
12 SYSTEMPATH/CodeIgniter.php(914): App\Controllers\View->__construct()
13 SYSTEMPATH/CodeIgniter.php(493): CodeIgniter\CodeIgniter->createController()
14 SYSTEMPATH/CodeIgniter.php(361): CodeIgniter\CodeIgniter->handleRequest(null, Object(Config\Cache), false)
15 FCPATH/index.php(79): CodeIgniter\CodeIgniter->run()
ERROR - 2024-03-31 00:20:31 --> Error connecting to the database: mysqli_sql_exception: Connection refused in /storage/emulated/0/ksweb/tools/phpMyAdmin/topup-tema2/system/Database/MySQLi/Connection.php:185
Stack trace:
#0 /storage/emulated/0/ksweb/tools/phpMyAdmin/topup-tema2/system/Database/MySQLi/Connection.php(185): mysqli->real_connect('localhost', 'root', '', 'topup_tema2', 3306, '', 0)
#1 /storage/emulated/0/ksweb/tools/phpMyAdmin/topup-tema2/system/Database/BaseConnection.php(392): CodeIgniter\Database\MySQLi\Connection->connect(false)
#2 /storage/emulated/0/ksweb/tools/phpMyAdmin/topup-tema2/system/Session/Handlers/DatabaseHandler.php(98): CodeIgniter\Database\BaseConnection->initialize()
#3 [internal function]: CodeIgniter\Session\Handlers\DatabaseHandler->open('ci_sessions', 'ci_session')
#4 /storage/emulated/0/ksweb/tools/phpMyAdmin/topup-tema2/system/Session/Session.php(919): session_start()
#5 /storage/emulated/0/ksweb/tools/phpMyAdmin/topup-tema2/system/Session/Session.php(241): CodeIgniter\Session\Session->startSession()
#6 /storage/emulated/0/ksweb/tools/phpMyAdmin/topup-tema2/system/Config/Services.php(693): CodeIgniter\Session\Session->start()
#7 /storage/emulated/0/ksweb/tools/phpMyAdmin/topup-tema2/system/Config/BaseService.php(258): CodeIgniter\Config\Services::session(Object(Config\Session), false)
#8 /storage/emulated/0/ksweb/tools/phpMyAdmin/topup-tema2/system/Config/BaseService.php(199): CodeIgniter\Config\BaseService::__callStatic('session', Array)
#9 /storage/emulated/0/ksweb/tools/phpMyAdmin/topup-tema2/system/Config/Services.php(664): CodeIgniter\Config\BaseService::getSharedInstance('session', NULL)
#10 /storage/emulated/0/ksweb/tools/phpMyAdmin/topup-tema2/system/Config/BaseService.php(258): CodeIgniter\Config\Services::session()
#11 /storage/emulated/0/ksweb/tools/phpMyAdmin/topup-tema2/system/Common.php(996): CodeIgniter\Config\BaseService::__callStatic('session', Array)
#12 /storage/emulated/0/ksweb/tools/phpMyAdmin/topup-tema2/app/Controllers/View.php(22): session()
#13 /storage/emulated/0/ksweb/tools/phpMyAdmin/topup-tema2/system/CodeIgniter.php(914): App\Controllers\View->__construct()
#14 /storage/emulated/0/ksweb/tools/phpMyAdmin/topup-tema2/system/CodeIgniter.php(493): CodeIgniter\CodeIgniter->createController()
#15 /storage/emulated/0/ksweb/tools/phpMyAdmin/topup-tema2/system/CodeIgniter.php(361): CodeIgniter\CodeIgniter->handleRequest(NULL, Object(Config\Cache), false)
#16 /storage/emulated/0/ksweb/tools/phpMyAdmin/topup-tema2/index.php(79): CodeIgniter\CodeIgniter->run()
#17 {main}

Next CodeIgniter\Database\Exceptions\DatabaseException: Connection refused in /storage/emulated/0/ksweb/tools/phpMyAdmin/topup-tema2/system/Database/MySQLi/Connection.php:229
Stack trace:
#0 /storage/emulated/0/ksweb/tools/phpMyAdmin/topup-tema2/system/Database/BaseConnection.php(392): CodeIgniter\Database\MySQLi\Connection->connect(false)
#1 /storage/emulated/0/ksweb/tools/phpMyAdmin/topup-tema2/system/Session/Handlers/DatabaseHandler.php(98): CodeIgniter\Database\BaseConnection->initialize()
#2 [internal function]: CodeIgniter\Session\Handlers\DatabaseHandler->open('ci_sessions', 'ci_session')
#3 /storage/emulated/0/ksweb/tools/phpMyAdmin/topup-tema2/system/Session/Session.php(919): session_start()
#4 /storage/emulated/0/ksweb/tools/phpMyAdmin/topup-tema2/system/Session/Session.php(241): CodeIgniter\Session\Session->startSession()
#5 /storage/emulated/0/ksweb/tools/phpMyAdmin/topup-tema2/system/Config/Services.php(693): CodeIgniter\Session\Session->start()
#6 /storage/emulated/0/ksweb/tools/phpMyAdmin/topup-tema2/system/Config/BaseService.php(258): CodeIgniter\Config\Services::session(Object(Config\Session), false)
#7 /storage/emulated/0/ksweb/tools/phpMyAdmin/topup-tema2/system/Config/BaseService.php(199): CodeIgniter\Config\BaseService::__callStatic('session', Array)
#8 /storage/emulated/0/ksweb/tools/phpMyAdmin/topup-tema2/system/Config/Services.php(664): CodeIgniter\Config\BaseService::getSharedInstance('session', NULL)
#9 /storage/emulated/0/ksweb/tools/phpMyAdmin/topup-tema2/system/Config/BaseService.php(258): CodeIgniter\Config\Services::session()
#10 /storage/emulated/0/ksweb/tools/phpMyAdmin/topup-tema2/system/Common.php(996): CodeIgniter\Config\BaseService::__callStatic('session', Array)
#11 /storage/emulated/0/ksweb/tools/phpMyAdmin/topup-tema2/app/Controllers/View.php(22): session()
#12 /storage/emulated/0/ksweb/tools/phpMyAdmin/topup-tema2/system/CodeIgniter.php(914): App\Controllers\View->__construct()
#13 /storage/emulated/0/ksweb/tools/phpMyAdmin/topup-tema2/system/CodeIgniter.php(493): CodeIgniter\CodeIgniter->createController()
#14 /storage/emulated/0/ksweb/tools/phpMyAdmin/topup-tema2/system/CodeIgniter.php(361): CodeIgniter\CodeIgniter->handleRequest(NULL, Object(Config\Cache), false)
#15 /storage/emulated/0/ksweb/tools/phpMyAdmin/topup-tema2/index.php(79): CodeIgniter\CodeIgniter->run()
#16 {main}
CRITICAL - 2024-03-31 00:20:31 --> Unable to connect to the database.
Main connection [MySQLi]: Connection refused
in SYSTEMPATH/Database/BaseConnection.php on line 428.
 1 SYSTEMPATH/Session/Handlers/DatabaseHandler.php(98): CodeIgniter\Database\BaseConnection->initialize()
 2 [internal function]: CodeIgniter\Session\Handlers\DatabaseHandler->open('ci_sessions', 'ci_session')
 3 SYSTEMPATH/Session/Session.php(919): session_start()
 4 SYSTEMPATH/Session/Session.php(241): CodeIgniter\Session\Session->startSession()
 5 SYSTEMPATH/Config/Services.php(693): CodeIgniter\Session\Session->start()
 6 SYSTEMPATH/Config/BaseService.php(258): CodeIgniter\Config\Services::session(Object(Config\Session), false)
 7 SYSTEMPATH/Config/BaseService.php(199): CodeIgniter\Config\BaseService::__callStatic('session', [...])
 8 SYSTEMPATH/Config/Services.php(664): CodeIgniter\Config\BaseService::getSharedInstance('session', null)
 9 SYSTEMPATH/Config/BaseService.php(258): CodeIgniter\Config\Services::session()
10 SYSTEMPATH/Common.php(996): CodeIgniter\Config\BaseService::__callStatic('session', [])
11 APPPATH/Controllers/View.php(22): session()
12 SYSTEMPATH/CodeIgniter.php(914): App\Controllers\View->__construct()
13 SYSTEMPATH/CodeIgniter.php(493): CodeIgniter\CodeIgniter->createController()
14 SYSTEMPATH/CodeIgniter.php(361): CodeIgniter\CodeIgniter->handleRequest(null, Object(Config\Cache), false)
15 FCPATH/index.php(79): CodeIgniter\CodeIgniter->run()
