CRITICAL - 2024-04-26 04:05:19 --> Trying to access array offset on value of type null
in APPPATH/Views/invoice.php on line 31.
 1 APPPATH/Views/invoice.php(31): CodeIgniter\Debug\Exceptions->errorHandler()
 2 SYSTEMPATH/View/View.php(228): include('/home/mentari3/tema1.xosgames.com/app/Views/invoice.php')
 3 SYSTEMPATH/View/View.php(231): CodeIgniter\View\View->CodeIgniter\View\{closure}()
 4 SYSTEMPATH/Common.php(1190): CodeIgniter\View\View->render()
 5 APPPATH/Controllers/View.php(225): view()
 6 SYSTEMPATH/CodeIgniter.php(942): App\Controllers\View->invoice()
 7 SYSTEMPATH/CodeIgniter.php(502): CodeIgniter\CodeIgniter->runController()
 8 SYSTEMPATH/CodeIgniter.php(361): CodeIgniter\CodeIgniter->handleRequest()
 9 FCPATH/index.php(79): CodeIgniter\CodeIgniter->run()
CRITICAL - 2024-04-26 04:05:29 --> Trying to access array offset on value of type null
in APPPATH/Views/invoice.php on line 31.
 1 APPPATH/Views/invoice.php(31): CodeIgniter\Debug\Exceptions->errorHandler()
 2 SYSTEMPATH/View/View.php(228): include('/home/mentari3/tema1.xosgames.com/app/Views/invoice.php')
 3 SYSTEMPATH/View/View.php(231): CodeIgniter\View\View->CodeIgniter\View\{closure}()
 4 SYSTEMPATH/Common.php(1190): CodeIgniter\View\View->render()
 5 APPPATH/Controllers/View.php(225): view()
 6 SYSTEMPATH/CodeIgniter.php(942): App\Controllers\View->invoice()
 7 SYSTEMPATH/CodeIgniter.php(502): CodeIgniter\CodeIgniter->runController()
 8 SYSTEMPATH/CodeIgniter.php(361): CodeIgniter\CodeIgniter->handleRequest()
 9 FCPATH/index.php(79): CodeIgniter\CodeIgniter->run()
CRITICAL - 2024-04-26 04:05:39 --> Trying to access array offset on value of type null
in APPPATH/Views/invoice.php on line 31.
 1 APPPATH/Views/invoice.php(31): CodeIgniter\Debug\Exceptions->errorHandler()
 2 SYSTEMPATH/View/View.php(228): include('/home/mentari3/tema1.xosgames.com/app/Views/invoice.php')
 3 SYSTEMPATH/View/View.php(231): CodeIgniter\View\View->CodeIgniter\View\{closure}()
 4 SYSTEMPATH/Common.php(1190): CodeIgniter\View\View->render()
 5 APPPATH/Controllers/View.php(225): view()
 6 SYSTEMPATH/CodeIgniter.php(942): App\Controllers\View->invoice()
 7 SYSTEMPATH/CodeIgniter.php(502): CodeIgniter\CodeIgniter->runController()
 8 SYSTEMPATH/CodeIgniter.php(361): CodeIgniter\CodeIgniter->handleRequest()
 9 FCPATH/index.php(79): CodeIgniter\CodeIgniter->run()
CRITICAL - 2024-04-26 04:06:04 --> Trying to access array offset on value of type null
in APPPATH/Views/invoice.php on line 31.
 1 APPPATH/Views/invoice.php(31): CodeIgniter\Debug\Exceptions->errorHandler()
 2 SYSTEMPATH/View/View.php(228): include('/home/mentari3/tema1.xosgames.com/app/Views/invoice.php')
 3 SYSTEMPATH/View/View.php(231): CodeIgniter\View\View->CodeIgniter\View\{closure}()
 4 SYSTEMPATH/Common.php(1190): CodeIgniter\View\View->render()
 5 APPPATH/Controllers/View.php(225): view()
 6 SYSTEMPATH/CodeIgniter.php(942): App\Controllers\View->invoice()
 7 SYSTEMPATH/CodeIgniter.php(502): CodeIgniter\CodeIgniter->runController()
 8 SYSTEMPATH/CodeIgniter.php(361): CodeIgniter\CodeIgniter->handleRequest()
 9 FCPATH/index.php(79): CodeIgniter\CodeIgniter->run()
CRITICAL - 2024-04-26 13:24:41 --> Trying to access array offset on value of type null
in APPPATH/Views/invoice.php on line 31.
 1 APPPATH/Views/invoice.php(31): CodeIgniter\Debug\Exceptions->errorHandler()
 2 SYSTEMPATH/View/View.php(228): include('/home/mentari3/tema1.xosgames.com/app/Views/invoice.php')
 3 SYSTEMPATH/View/View.php(231): CodeIgniter\View\View->CodeIgniter\View\{closure}()
 4 SYSTEMPATH/Common.php(1190): CodeIgniter\View\View->render()
 5 APPPATH/Controllers/View.php(225): view()
 6 SYSTEMPATH/CodeIgniter.php(942): App\Controllers\View->invoice()
 7 SYSTEMPATH/CodeIgniter.php(502): CodeIgniter\CodeIgniter->runController()
 8 SYSTEMPATH/CodeIgniter.php(361): CodeIgniter\CodeIgniter->handleRequest()
 9 FCPATH/index.php(79): CodeIgniter\CodeIgniter->run()
