ERROR - 2024-08-20 05:48:18 --> mysqli_sql_exception: You have an error in your SQL syntax; check the manual that corresponds to your MariaDB server version for the right syntax to use near ')' at line 3 in /home/topupvip/public_html/system/Database/MySQLi/Connection.php:306
Stack trace:
#0 /home/topupvip/public_html/system/Database/MySQLi/Connection.php(306): mysqli->query()
#1 /home/topupvip/public_html/system/Database/BaseConnection.php(693): CodeIgniter\Database\MySQLi\Connection->execute()
#2 /home/topupvip/public_html/system/Database/BaseConnection.php(607): CodeIgniter\Database\BaseConnection->simpleQuery()
#3 /home/topupvip/public_html/system/Database/BaseBuilder.php(1615): CodeIgniter\Database\BaseConnection->query()
#4 /home/topupvip/public_html/system/Model.php(237): CodeIgniter\Database\BaseBuilder->get()
#5 /home/topupvip/public_html/system/BaseModel.php(624): CodeIgniter\Model->doFindAll()
#6 /home/topupvip/public_html/app/Controllers/View.php(81): CodeIgniter\BaseModel->findAll()
#7 /home/topupvip/public_html/system/CodeIgniter.php(943): App\Controllers\View->getFlashSale()
#8 /home/topupvip/public_html/system/CodeIgniter.php(503): CodeIgniter\CodeIgniter->runController()
#9 /home/topupvip/public_html/system/CodeIgniter.php(362): CodeIgniter\CodeIgniter->handleRequest()
#10 /home/topupvip/public_html/index.php(79): CodeIgniter\CodeIgniter->run()
#11 {main}
CRITICAL - 2024-08-20 05:48:18 --> You have an error in your SQL syntax; check the manual that corresponds to your MariaDB server version for the right syntax to use near ')' at line 3
in SYSTEMPATH/Database/BaseConnection.php on line 647.
 1 SYSTEMPATH/Database/BaseBuilder.php(1615): CodeIgniter\Database\BaseConnection->query()
 2 SYSTEMPATH/Model.php(237): CodeIgniter\Database\BaseBuilder->get()
 3 SYSTEMPATH/BaseModel.php(624): CodeIgniter\Model->doFindAll()
 4 APPPATH/Controllers/View.php(81): CodeIgniter\BaseModel->findAll()
 5 SYSTEMPATH/CodeIgniter.php(943): App\Controllers\View->getFlashSale()
 6 SYSTEMPATH/CodeIgniter.php(503): CodeIgniter\CodeIgniter->runController()
 7 SYSTEMPATH/CodeIgniter.php(362): CodeIgniter\CodeIgniter->handleRequest()
 8 FCPATH/index.php(79): CodeIgniter\CodeIgniter->run()
ERROR - 2024-08-20 06:13:20 --> mysqli_sql_exception: You have an error in your SQL syntax; check the manual that corresponds to your MariaDB server version for the right syntax to use near ')' at line 3 in /home/topupvip/public_html/system/Database/MySQLi/Connection.php:306
Stack trace:
#0 /home/topupvip/public_html/system/Database/MySQLi/Connection.php(306): mysqli->query()
#1 /home/topupvip/public_html/system/Database/BaseConnection.php(693): CodeIgniter\Database\MySQLi\Connection->execute()
#2 /home/topupvip/public_html/system/Database/BaseConnection.php(607): CodeIgniter\Database\BaseConnection->simpleQuery()
#3 /home/topupvip/public_html/system/Database/BaseBuilder.php(1615): CodeIgniter\Database\BaseConnection->query()
#4 /home/topupvip/public_html/system/Model.php(237): CodeIgniter\Database\BaseBuilder->get()
#5 /home/topupvip/public_html/system/BaseModel.php(624): CodeIgniter\Model->doFindAll()
#6 /home/topupvip/public_html/app/Controllers/View.php(81): CodeIgniter\BaseModel->findAll()
#7 /home/topupvip/public_html/system/CodeIgniter.php(943): App\Controllers\View->getFlashSale()
#8 /home/topupvip/public_html/system/CodeIgniter.php(503): CodeIgniter\CodeIgniter->runController()
#9 /home/topupvip/public_html/system/CodeIgniter.php(362): CodeIgniter\CodeIgniter->handleRequest()
#10 /home/topupvip/public_html/index.php(79): CodeIgniter\CodeIgniter->run()
#11 {main}
CRITICAL - 2024-08-20 06:13:20 --> You have an error in your SQL syntax; check the manual that corresponds to your MariaDB server version for the right syntax to use near ')' at line 3
in SYSTEMPATH/Database/BaseConnection.php on line 647.
 1 SYSTEMPATH/Database/BaseBuilder.php(1615): CodeIgniter\Database\BaseConnection->query()
 2 SYSTEMPATH/Model.php(237): CodeIgniter\Database\BaseBuilder->get()
 3 SYSTEMPATH/BaseModel.php(624): CodeIgniter\Model->doFindAll()
 4 APPPATH/Controllers/View.php(81): CodeIgniter\BaseModel->findAll()
 5 SYSTEMPATH/CodeIgniter.php(943): App\Controllers\View->getFlashSale()
 6 SYSTEMPATH/CodeIgniter.php(503): CodeIgniter\CodeIgniter->runController()
 7 SYSTEMPATH/CodeIgniter.php(362): CodeIgniter\CodeIgniter->handleRequest()
 8 FCPATH/index.php(79): CodeIgniter\CodeIgniter->run()
ERROR - 2024-08-20 06:17:42 --> mysqli_sql_exception: You have an error in your SQL syntax; check the manual that corresponds to your MariaDB server version for the right syntax to use near ')' at line 3 in /home/topupvip/public_html/system/Database/MySQLi/Connection.php:306
Stack trace:
#0 /home/topupvip/public_html/system/Database/MySQLi/Connection.php(306): mysqli->query()
#1 /home/topupvip/public_html/system/Database/BaseConnection.php(693): CodeIgniter\Database\MySQLi\Connection->execute()
#2 /home/topupvip/public_html/system/Database/BaseConnection.php(607): CodeIgniter\Database\BaseConnection->simpleQuery()
#3 /home/topupvip/public_html/system/Database/BaseBuilder.php(1615): CodeIgniter\Database\BaseConnection->query()
#4 /home/topupvip/public_html/system/Model.php(237): CodeIgniter\Database\BaseBuilder->get()
#5 /home/topupvip/public_html/system/BaseModel.php(624): CodeIgniter\Model->doFindAll()
#6 /home/topupvip/public_html/app/Controllers/View.php(81): CodeIgniter\BaseModel->findAll()
#7 /home/topupvip/public_html/system/CodeIgniter.php(943): App\Controllers\View->getFlashSale()
#8 /home/topupvip/public_html/system/CodeIgniter.php(503): CodeIgniter\CodeIgniter->runController()
#9 /home/topupvip/public_html/system/CodeIgniter.php(362): CodeIgniter\CodeIgniter->handleRequest()
#10 /home/topupvip/public_html/index.php(79): CodeIgniter\CodeIgniter->run()
#11 {main}
CRITICAL - 2024-08-20 06:17:42 --> You have an error in your SQL syntax; check the manual that corresponds to your MariaDB server version for the right syntax to use near ')' at line 3
in SYSTEMPATH/Database/BaseConnection.php on line 647.
 1 SYSTEMPATH/Database/BaseBuilder.php(1615): CodeIgniter\Database\BaseConnection->query()
 2 SYSTEMPATH/Model.php(237): CodeIgniter\Database\BaseBuilder->get()
 3 SYSTEMPATH/BaseModel.php(624): CodeIgniter\Model->doFindAll()
 4 APPPATH/Controllers/View.php(81): CodeIgniter\BaseModel->findAll()
 5 SYSTEMPATH/CodeIgniter.php(943): App\Controllers\View->getFlashSale()
 6 SYSTEMPATH/CodeIgniter.php(503): CodeIgniter\CodeIgniter->runController()
 7 SYSTEMPATH/CodeIgniter.php(362): CodeIgniter\CodeIgniter->handleRequest()
 8 FCPATH/index.php(79): CodeIgniter\CodeIgniter->run()
CRITICAL - 2024-08-20 06:18:34 --> Trying to access array offset on value of type null
in APPPATH/Controllers/Order.php on line 74.
 1 APPPATH/Controllers/Order.php(74): CodeIgniter\Debug\Exceptions->errorHandler()
 2 SYSTEMPATH/CodeIgniter.php(943): App\Controllers\Order->cekID()
 3 SYSTEMPATH/CodeIgniter.php(503): CodeIgniter\CodeIgniter->runController()
 4 SYSTEMPATH/CodeIgniter.php(362): CodeIgniter\CodeIgniter->handleRequest()
 5 FCPATH/index.php(79): CodeIgniter\CodeIgniter->run()
ERROR - 2024-08-20 07:32:18 --> mysqli_sql_exception: You have an error in your SQL syntax; check the manual that corresponds to your MariaDB server version for the right syntax to use near ')' at line 3 in /home/topupvip/public_html/system/Database/MySQLi/Connection.php:306
Stack trace:
#0 /home/topupvip/public_html/system/Database/MySQLi/Connection.php(306): mysqli->query()
#1 /home/topupvip/public_html/system/Database/BaseConnection.php(693): CodeIgniter\Database\MySQLi\Connection->execute()
#2 /home/topupvip/public_html/system/Database/BaseConnection.php(607): CodeIgniter\Database\BaseConnection->simpleQuery()
#3 /home/topupvip/public_html/system/Database/BaseBuilder.php(1615): CodeIgniter\Database\BaseConnection->query()
#4 /home/topupvip/public_html/system/Model.php(237): CodeIgniter\Database\BaseBuilder->get()
#5 /home/topupvip/public_html/system/BaseModel.php(624): CodeIgniter\Model->doFindAll()
#6 /home/topupvip/public_html/app/Controllers/View.php(81): CodeIgniter\BaseModel->findAll()
#7 /home/topupvip/public_html/system/CodeIgniter.php(943): App\Controllers\View->getFlashSale()
#8 /home/topupvip/public_html/system/CodeIgniter.php(503): CodeIgniter\CodeIgniter->runController()
#9 /home/topupvip/public_html/system/CodeIgniter.php(362): CodeIgniter\CodeIgniter->handleRequest()
#10 /home/topupvip/public_html/index.php(79): CodeIgniter\CodeIgniter->run()
#11 {main}
CRITICAL - 2024-08-20 07:32:18 --> You have an error in your SQL syntax; check the manual that corresponds to your MariaDB server version for the right syntax to use near ')' at line 3
in SYSTEMPATH/Database/BaseConnection.php on line 647.
 1 SYSTEMPATH/Database/BaseBuilder.php(1615): CodeIgniter\Database\BaseConnection->query()
 2 SYSTEMPATH/Model.php(237): CodeIgniter\Database\BaseBuilder->get()
 3 SYSTEMPATH/BaseModel.php(624): CodeIgniter\Model->doFindAll()
 4 APPPATH/Controllers/View.php(81): CodeIgniter\BaseModel->findAll()
 5 SYSTEMPATH/CodeIgniter.php(943): App\Controllers\View->getFlashSale()
 6 SYSTEMPATH/CodeIgniter.php(503): CodeIgniter\CodeIgniter->runController()
 7 SYSTEMPATH/CodeIgniter.php(362): CodeIgniter\CodeIgniter->handleRequest()
 8 FCPATH/index.php(79): CodeIgniter\CodeIgniter->run()
ERROR - 2024-08-20 08:18:57 --> mysqli_sql_exception: You have an error in your SQL syntax; check the manual that corresponds to your MariaDB server version for the right syntax to use near ')' at line 3 in /home/topupvip/public_html/system/Database/MySQLi/Connection.php:306
Stack trace:
#0 /home/topupvip/public_html/system/Database/MySQLi/Connection.php(306): mysqli->query()
#1 /home/topupvip/public_html/system/Database/BaseConnection.php(693): CodeIgniter\Database\MySQLi\Connection->execute()
#2 /home/topupvip/public_html/system/Database/BaseConnection.php(607): CodeIgniter\Database\BaseConnection->simpleQuery()
#3 /home/topupvip/public_html/system/Database/BaseBuilder.php(1615): CodeIgniter\Database\BaseConnection->query()
#4 /home/topupvip/public_html/system/Model.php(237): CodeIgniter\Database\BaseBuilder->get()
#5 /home/topupvip/public_html/system/BaseModel.php(624): CodeIgniter\Model->doFindAll()
#6 /home/topupvip/public_html/app/Controllers/View.php(81): CodeIgniter\BaseModel->findAll()
#7 /home/topupvip/public_html/system/CodeIgniter.php(943): App\Controllers\View->getFlashSale()
#8 /home/topupvip/public_html/system/CodeIgniter.php(503): CodeIgniter\CodeIgniter->runController()
#9 /home/topupvip/public_html/system/CodeIgniter.php(362): CodeIgniter\CodeIgniter->handleRequest()
#10 /home/topupvip/public_html/index.php(79): CodeIgniter\CodeIgniter->run()
#11 {main}
CRITICAL - 2024-08-20 08:18:57 --> You have an error in your SQL syntax; check the manual that corresponds to your MariaDB server version for the right syntax to use near ')' at line 3
in SYSTEMPATH/Database/BaseConnection.php on line 647.
 1 SYSTEMPATH/Database/BaseBuilder.php(1615): CodeIgniter\Database\BaseConnection->query()
 2 SYSTEMPATH/Model.php(237): CodeIgniter\Database\BaseBuilder->get()
 3 SYSTEMPATH/BaseModel.php(624): CodeIgniter\Model->doFindAll()
 4 APPPATH/Controllers/View.php(81): CodeIgniter\BaseModel->findAll()
 5 SYSTEMPATH/CodeIgniter.php(943): App\Controllers\View->getFlashSale()
 6 SYSTEMPATH/CodeIgniter.php(503): CodeIgniter\CodeIgniter->runController()
 7 SYSTEMPATH/CodeIgniter.php(362): CodeIgniter\CodeIgniter->handleRequest()
 8 FCPATH/index.php(79): CodeIgniter\CodeIgniter->run()
ERROR - 2024-08-20 08:20:23 --> mysqli_sql_exception: You have an error in your SQL syntax; check the manual that corresponds to your MariaDB server version for the right syntax to use near ')' at line 3 in /home/topupvip/public_html/system/Database/MySQLi/Connection.php:306
Stack trace:
#0 /home/topupvip/public_html/system/Database/MySQLi/Connection.php(306): mysqli->query()
#1 /home/topupvip/public_html/system/Database/BaseConnection.php(693): CodeIgniter\Database\MySQLi\Connection->execute()
#2 /home/topupvip/public_html/system/Database/BaseConnection.php(607): CodeIgniter\Database\BaseConnection->simpleQuery()
#3 /home/topupvip/public_html/system/Database/BaseBuilder.php(1615): CodeIgniter\Database\BaseConnection->query()
#4 /home/topupvip/public_html/system/Model.php(237): CodeIgniter\Database\BaseBuilder->get()
#5 /home/topupvip/public_html/system/BaseModel.php(624): CodeIgniter\Model->doFindAll()
#6 /home/topupvip/public_html/app/Controllers/View.php(81): CodeIgniter\BaseModel->findAll()
#7 /home/topupvip/public_html/system/CodeIgniter.php(943): App\Controllers\View->getFlashSale()
#8 /home/topupvip/public_html/system/CodeIgniter.php(503): CodeIgniter\CodeIgniter->runController()
#9 /home/topupvip/public_html/system/CodeIgniter.php(362): CodeIgniter\CodeIgniter->handleRequest()
#10 /home/topupvip/public_html/index.php(79): CodeIgniter\CodeIgniter->run()
#11 {main}
CRITICAL - 2024-08-20 08:20:23 --> You have an error in your SQL syntax; check the manual that corresponds to your MariaDB server version for the right syntax to use near ')' at line 3
in SYSTEMPATH/Database/BaseConnection.php on line 647.
 1 SYSTEMPATH/Database/BaseBuilder.php(1615): CodeIgniter\Database\BaseConnection->query()
 2 SYSTEMPATH/Model.php(237): CodeIgniter\Database\BaseBuilder->get()
 3 SYSTEMPATH/BaseModel.php(624): CodeIgniter\Model->doFindAll()
 4 APPPATH/Controllers/View.php(81): CodeIgniter\BaseModel->findAll()
 5 SYSTEMPATH/CodeIgniter.php(943): App\Controllers\View->getFlashSale()
 6 SYSTEMPATH/CodeIgniter.php(503): CodeIgniter\CodeIgniter->runController()
 7 SYSTEMPATH/CodeIgniter.php(362): CodeIgniter\CodeIgniter->handleRequest()
 8 FCPATH/index.php(79): CodeIgniter\CodeIgniter->run()
ERROR - 2024-08-20 09:36:06 --> mysqli_sql_exception: You have an error in your SQL syntax; check the manual that corresponds to your MariaDB server version for the right syntax to use near ')' at line 3 in /home/topupvip/public_html/system/Database/MySQLi/Connection.php:306
Stack trace:
#0 /home/topupvip/public_html/system/Database/MySQLi/Connection.php(306): mysqli->query()
#1 /home/topupvip/public_html/system/Database/BaseConnection.php(693): CodeIgniter\Database\MySQLi\Connection->execute()
#2 /home/topupvip/public_html/system/Database/BaseConnection.php(607): CodeIgniter\Database\BaseConnection->simpleQuery()
#3 /home/topupvip/public_html/system/Database/BaseBuilder.php(1615): CodeIgniter\Database\BaseConnection->query()
#4 /home/topupvip/public_html/system/Model.php(237): CodeIgniter\Database\BaseBuilder->get()
#5 /home/topupvip/public_html/system/BaseModel.php(624): CodeIgniter\Model->doFindAll()
#6 /home/topupvip/public_html/app/Controllers/View.php(81): CodeIgniter\BaseModel->findAll()
#7 /home/topupvip/public_html/system/CodeIgniter.php(943): App\Controllers\View->getFlashSale()
#8 /home/topupvip/public_html/system/CodeIgniter.php(503): CodeIgniter\CodeIgniter->runController()
#9 /home/topupvip/public_html/system/CodeIgniter.php(362): CodeIgniter\CodeIgniter->handleRequest()
#10 /home/topupvip/public_html/index.php(79): CodeIgniter\CodeIgniter->run()
#11 {main}
CRITICAL - 2024-08-20 09:36:06 --> You have an error in your SQL syntax; check the manual that corresponds to your MariaDB server version for the right syntax to use near ')' at line 3
in SYSTEMPATH/Database/BaseConnection.php on line 647.
 1 SYSTEMPATH/Database/BaseBuilder.php(1615): CodeIgniter\Database\BaseConnection->query()
 2 SYSTEMPATH/Model.php(237): CodeIgniter\Database\BaseBuilder->get()
 3 SYSTEMPATH/BaseModel.php(624): CodeIgniter\Model->doFindAll()
 4 APPPATH/Controllers/View.php(81): CodeIgniter\BaseModel->findAll()
 5 SYSTEMPATH/CodeIgniter.php(943): App\Controllers\View->getFlashSale()
 6 SYSTEMPATH/CodeIgniter.php(503): CodeIgniter\CodeIgniter->runController()
 7 SYSTEMPATH/CodeIgniter.php(362): CodeIgniter\CodeIgniter->handleRequest()
 8 FCPATH/index.php(79): CodeIgniter\CodeIgniter->run()
ERROR - 2024-08-20 09:36:34 --> mysqli_sql_exception: You have an error in your SQL syntax; check the manual that corresponds to your MariaDB server version for the right syntax to use near ')' at line 3 in /home/topupvip/public_html/system/Database/MySQLi/Connection.php:306
Stack trace:
#0 /home/topupvip/public_html/system/Database/MySQLi/Connection.php(306): mysqli->query()
#1 /home/topupvip/public_html/system/Database/BaseConnection.php(693): CodeIgniter\Database\MySQLi\Connection->execute()
#2 /home/topupvip/public_html/system/Database/BaseConnection.php(607): CodeIgniter\Database\BaseConnection->simpleQuery()
#3 /home/topupvip/public_html/system/Database/BaseBuilder.php(1615): CodeIgniter\Database\BaseConnection->query()
#4 /home/topupvip/public_html/system/Model.php(237): CodeIgniter\Database\BaseBuilder->get()
#5 /home/topupvip/public_html/system/BaseModel.php(624): CodeIgniter\Model->doFindAll()
#6 /home/topupvip/public_html/app/Controllers/View.php(81): CodeIgniter\BaseModel->findAll()
#7 /home/topupvip/public_html/system/CodeIgniter.php(943): App\Controllers\View->getFlashSale()
#8 /home/topupvip/public_html/system/CodeIgniter.php(503): CodeIgniter\CodeIgniter->runController()
#9 /home/topupvip/public_html/system/CodeIgniter.php(362): CodeIgniter\CodeIgniter->handleRequest()
#10 /home/topupvip/public_html/index.php(79): CodeIgniter\CodeIgniter->run()
#11 {main}
CRITICAL - 2024-08-20 09:36:34 --> You have an error in your SQL syntax; check the manual that corresponds to your MariaDB server version for the right syntax to use near ')' at line 3
in SYSTEMPATH/Database/BaseConnection.php on line 647.
 1 SYSTEMPATH/Database/BaseBuilder.php(1615): CodeIgniter\Database\BaseConnection->query()
 2 SYSTEMPATH/Model.php(237): CodeIgniter\Database\BaseBuilder->get()
 3 SYSTEMPATH/BaseModel.php(624): CodeIgniter\Model->doFindAll()
 4 APPPATH/Controllers/View.php(81): CodeIgniter\BaseModel->findAll()
 5 SYSTEMPATH/CodeIgniter.php(943): App\Controllers\View->getFlashSale()
 6 SYSTEMPATH/CodeIgniter.php(503): CodeIgniter\CodeIgniter->runController()
 7 SYSTEMPATH/CodeIgniter.php(362): CodeIgniter\CodeIgniter->handleRequest()
 8 FCPATH/index.php(79): CodeIgniter\CodeIgniter->run()
ERROR - 2024-08-20 15:33:20 --> mysqli_sql_exception: You have an error in your SQL syntax; check the manual that corresponds to your MariaDB server version for the right syntax to use near ')' at line 3 in /home/topupvip/public_html/system/Database/MySQLi/Connection.php:306
Stack trace:
#0 /home/topupvip/public_html/system/Database/MySQLi/Connection.php(306): mysqli->query()
#1 /home/topupvip/public_html/system/Database/BaseConnection.php(693): CodeIgniter\Database\MySQLi\Connection->execute()
#2 /home/topupvip/public_html/system/Database/BaseConnection.php(607): CodeIgniter\Database\BaseConnection->simpleQuery()
#3 /home/topupvip/public_html/system/Database/BaseBuilder.php(1615): CodeIgniter\Database\BaseConnection->query()
#4 /home/topupvip/public_html/system/Model.php(237): CodeIgniter\Database\BaseBuilder->get()
#5 /home/topupvip/public_html/system/BaseModel.php(624): CodeIgniter\Model->doFindAll()
#6 /home/topupvip/public_html/app/Controllers/View.php(81): CodeIgniter\BaseModel->findAll()
#7 /home/topupvip/public_html/system/CodeIgniter.php(943): App\Controllers\View->getFlashSale()
#8 /home/topupvip/public_html/system/CodeIgniter.php(503): CodeIgniter\CodeIgniter->runController()
#9 /home/topupvip/public_html/system/CodeIgniter.php(362): CodeIgniter\CodeIgniter->handleRequest()
#10 /home/topupvip/public_html/index.php(79): CodeIgniter\CodeIgniter->run()
#11 {main}
CRITICAL - 2024-08-20 15:33:20 --> You have an error in your SQL syntax; check the manual that corresponds to your MariaDB server version for the right syntax to use near ')' at line 3
in SYSTEMPATH/Database/BaseConnection.php on line 647.
 1 SYSTEMPATH/Database/BaseBuilder.php(1615): CodeIgniter\Database\BaseConnection->query()
 2 SYSTEMPATH/Model.php(237): CodeIgniter\Database\BaseBuilder->get()
 3 SYSTEMPATH/BaseModel.php(624): CodeIgniter\Model->doFindAll()
 4 APPPATH/Controllers/View.php(81): CodeIgniter\BaseModel->findAll()
 5 SYSTEMPATH/CodeIgniter.php(943): App\Controllers\View->getFlashSale()
 6 SYSTEMPATH/CodeIgniter.php(503): CodeIgniter\CodeIgniter->runController()
 7 SYSTEMPATH/CodeIgniter.php(362): CodeIgniter\CodeIgniter->handleRequest()
 8 FCPATH/index.php(79): CodeIgniter\CodeIgniter->run()
ERROR - 2024-08-20 15:33:37 --> mysqli_sql_exception: You have an error in your SQL syntax; check the manual that corresponds to your MariaDB server version for the right syntax to use near ')' at line 3 in /home/topupvip/public_html/system/Database/MySQLi/Connection.php:306
Stack trace:
#0 /home/topupvip/public_html/system/Database/MySQLi/Connection.php(306): mysqli->query()
#1 /home/topupvip/public_html/system/Database/BaseConnection.php(693): CodeIgniter\Database\MySQLi\Connection->execute()
#2 /home/topupvip/public_html/system/Database/BaseConnection.php(607): CodeIgniter\Database\BaseConnection->simpleQuery()
#3 /home/topupvip/public_html/system/Database/BaseBuilder.php(1615): CodeIgniter\Database\BaseConnection->query()
#4 /home/topupvip/public_html/system/Model.php(237): CodeIgniter\Database\BaseBuilder->get()
#5 /home/topupvip/public_html/system/BaseModel.php(624): CodeIgniter\Model->doFindAll()
#6 /home/topupvip/public_html/app/Controllers/View.php(81): CodeIgniter\BaseModel->findAll()
#7 /home/topupvip/public_html/system/CodeIgniter.php(943): App\Controllers\View->getFlashSale()
#8 /home/topupvip/public_html/system/CodeIgniter.php(503): CodeIgniter\CodeIgniter->runController()
#9 /home/topupvip/public_html/system/CodeIgniter.php(362): CodeIgniter\CodeIgniter->handleRequest()
#10 /home/topupvip/public_html/index.php(79): CodeIgniter\CodeIgniter->run()
#11 {main}
CRITICAL - 2024-08-20 15:33:37 --> You have an error in your SQL syntax; check the manual that corresponds to your MariaDB server version for the right syntax to use near ')' at line 3
in SYSTEMPATH/Database/BaseConnection.php on line 647.
 1 SYSTEMPATH/Database/BaseBuilder.php(1615): CodeIgniter\Database\BaseConnection->query()
 2 SYSTEMPATH/Model.php(237): CodeIgniter\Database\BaseBuilder->get()
 3 SYSTEMPATH/BaseModel.php(624): CodeIgniter\Model->doFindAll()
 4 APPPATH/Controllers/View.php(81): CodeIgniter\BaseModel->findAll()
 5 SYSTEMPATH/CodeIgniter.php(943): App\Controllers\View->getFlashSale()
 6 SYSTEMPATH/CodeIgniter.php(503): CodeIgniter\CodeIgniter->runController()
 7 SYSTEMPATH/CodeIgniter.php(362): CodeIgniter\CodeIgniter->handleRequest()
 8 FCPATH/index.php(79): CodeIgniter\CodeIgniter->run()
ERROR - 2024-08-20 19:13:39 --> mysqli_sql_exception: You have an error in your SQL syntax; check the manual that corresponds to your MariaDB server version for the right syntax to use near ')' at line 3 in /home/topupvip/public_html/system/Database/MySQLi/Connection.php:306
Stack trace:
#0 /home/topupvip/public_html/system/Database/MySQLi/Connection.php(306): mysqli->query()
#1 /home/topupvip/public_html/system/Database/BaseConnection.php(693): CodeIgniter\Database\MySQLi\Connection->execute()
#2 /home/topupvip/public_html/system/Database/BaseConnection.php(607): CodeIgniter\Database\BaseConnection->simpleQuery()
#3 /home/topupvip/public_html/system/Database/BaseBuilder.php(1615): CodeIgniter\Database\BaseConnection->query()
#4 /home/topupvip/public_html/system/Model.php(237): CodeIgniter\Database\BaseBuilder->get()
#5 /home/topupvip/public_html/system/BaseModel.php(624): CodeIgniter\Model->doFindAll()
#6 /home/topupvip/public_html/app/Controllers/View.php(81): CodeIgniter\BaseModel->findAll()
#7 /home/topupvip/public_html/system/CodeIgniter.php(943): App\Controllers\View->getFlashSale()
#8 /home/topupvip/public_html/system/CodeIgniter.php(503): CodeIgniter\CodeIgniter->runController()
#9 /home/topupvip/public_html/system/CodeIgniter.php(362): CodeIgniter\CodeIgniter->handleRequest()
#10 /home/topupvip/public_html/index.php(79): CodeIgniter\CodeIgniter->run()
#11 {main}
CRITICAL - 2024-08-20 19:13:39 --> You have an error in your SQL syntax; check the manual that corresponds to your MariaDB server version for the right syntax to use near ')' at line 3
in SYSTEMPATH/Database/BaseConnection.php on line 647.
 1 SYSTEMPATH/Database/BaseBuilder.php(1615): CodeIgniter\Database\BaseConnection->query()
 2 SYSTEMPATH/Model.php(237): CodeIgniter\Database\BaseBuilder->get()
 3 SYSTEMPATH/BaseModel.php(624): CodeIgniter\Model->doFindAll()
 4 APPPATH/Controllers/View.php(81): CodeIgniter\BaseModel->findAll()
 5 SYSTEMPATH/CodeIgniter.php(943): App\Controllers\View->getFlashSale()
 6 SYSTEMPATH/CodeIgniter.php(503): CodeIgniter\CodeIgniter->runController()
 7 SYSTEMPATH/CodeIgniter.php(362): CodeIgniter\CodeIgniter->handleRequest()
 8 FCPATH/index.php(79): CodeIgniter\CodeIgniter->run()
ERROR - 2024-08-20 19:14:12 --> mysqli_sql_exception: You have an error in your SQL syntax; check the manual that corresponds to your MariaDB server version for the right syntax to use near ')' at line 3 in /home/topupvip/public_html/system/Database/MySQLi/Connection.php:306
Stack trace:
#0 /home/topupvip/public_html/system/Database/MySQLi/Connection.php(306): mysqli->query()
#1 /home/topupvip/public_html/system/Database/BaseConnection.php(693): CodeIgniter\Database\MySQLi\Connection->execute()
#2 /home/topupvip/public_html/system/Database/BaseConnection.php(607): CodeIgniter\Database\BaseConnection->simpleQuery()
#3 /home/topupvip/public_html/system/Database/BaseBuilder.php(1615): CodeIgniter\Database\BaseConnection->query()
#4 /home/topupvip/public_html/system/Model.php(237): CodeIgniter\Database\BaseBuilder->get()
#5 /home/topupvip/public_html/system/BaseModel.php(624): CodeIgniter\Model->doFindAll()
#6 /home/topupvip/public_html/app/Controllers/View.php(81): CodeIgniter\BaseModel->findAll()
#7 /home/topupvip/public_html/system/CodeIgniter.php(943): App\Controllers\View->getFlashSale()
#8 /home/topupvip/public_html/system/CodeIgniter.php(503): CodeIgniter\CodeIgniter->runController()
#9 /home/topupvip/public_html/system/CodeIgniter.php(362): CodeIgniter\CodeIgniter->handleRequest()
#10 /home/topupvip/public_html/index.php(79): CodeIgniter\CodeIgniter->run()
#11 {main}
CRITICAL - 2024-08-20 19:14:12 --> You have an error in your SQL syntax; check the manual that corresponds to your MariaDB server version for the right syntax to use near ')' at line 3
in SYSTEMPATH/Database/BaseConnection.php on line 647.
 1 SYSTEMPATH/Database/BaseBuilder.php(1615): CodeIgniter\Database\BaseConnection->query()
 2 SYSTEMPATH/Model.php(237): CodeIgniter\Database\BaseBuilder->get()
 3 SYSTEMPATH/BaseModel.php(624): CodeIgniter\Model->doFindAll()
 4 APPPATH/Controllers/View.php(81): CodeIgniter\BaseModel->findAll()
 5 SYSTEMPATH/CodeIgniter.php(943): App\Controllers\View->getFlashSale()
 6 SYSTEMPATH/CodeIgniter.php(503): CodeIgniter\CodeIgniter->runController()
 7 SYSTEMPATH/CodeIgniter.php(362): CodeIgniter\CodeIgniter->handleRequest()
 8 FCPATH/index.php(79): CodeIgniter\CodeIgniter->run()
ERROR - 2024-08-20 19:14:13 --> mysqli_sql_exception: You have an error in your SQL syntax; check the manual that corresponds to your MariaDB server version for the right syntax to use near ')' at line 3 in /home/topupvip/public_html/system/Database/MySQLi/Connection.php:306
Stack trace:
#0 /home/topupvip/public_html/system/Database/MySQLi/Connection.php(306): mysqli->query()
#1 /home/topupvip/public_html/system/Database/BaseConnection.php(693): CodeIgniter\Database\MySQLi\Connection->execute()
#2 /home/topupvip/public_html/system/Database/BaseConnection.php(607): CodeIgniter\Database\BaseConnection->simpleQuery()
#3 /home/topupvip/public_html/system/Database/BaseBuilder.php(1615): CodeIgniter\Database\BaseConnection->query()
#4 /home/topupvip/public_html/system/Model.php(237): CodeIgniter\Database\BaseBuilder->get()
#5 /home/topupvip/public_html/system/BaseModel.php(624): CodeIgniter\Model->doFindAll()
#6 /home/topupvip/public_html/app/Controllers/View.php(81): CodeIgniter\BaseModel->findAll()
#7 /home/topupvip/public_html/system/CodeIgniter.php(943): App\Controllers\View->getFlashSale()
#8 /home/topupvip/public_html/system/CodeIgniter.php(503): CodeIgniter\CodeIgniter->runController()
#9 /home/topupvip/public_html/system/CodeIgniter.php(362): CodeIgniter\CodeIgniter->handleRequest()
#10 /home/topupvip/public_html/index.php(79): CodeIgniter\CodeIgniter->run()
#11 {main}
CRITICAL - 2024-08-20 19:14:13 --> You have an error in your SQL syntax; check the manual that corresponds to your MariaDB server version for the right syntax to use near ')' at line 3
in SYSTEMPATH/Database/BaseConnection.php on line 647.
 1 SYSTEMPATH/Database/BaseBuilder.php(1615): CodeIgniter\Database\BaseConnection->query()
 2 SYSTEMPATH/Model.php(237): CodeIgniter\Database\BaseBuilder->get()
 3 SYSTEMPATH/BaseModel.php(624): CodeIgniter\Model->doFindAll()
 4 APPPATH/Controllers/View.php(81): CodeIgniter\BaseModel->findAll()
 5 SYSTEMPATH/CodeIgniter.php(943): App\Controllers\View->getFlashSale()
 6 SYSTEMPATH/CodeIgniter.php(503): CodeIgniter\CodeIgniter->runController()
 7 SYSTEMPATH/CodeIgniter.php(362): CodeIgniter\CodeIgniter->handleRequest()
 8 FCPATH/index.php(79): CodeIgniter\CodeIgniter->run()
ERROR - 2024-08-20 20:50:37 --> mysqli_sql_exception: You have an error in your SQL syntax; check the manual that corresponds to your MariaDB server version for the right syntax to use near ')' at line 3 in /home/topupvip/public_html/system/Database/MySQLi/Connection.php:306
Stack trace:
#0 /home/topupvip/public_html/system/Database/MySQLi/Connection.php(306): mysqli->query()
#1 /home/topupvip/public_html/system/Database/BaseConnection.php(693): CodeIgniter\Database\MySQLi\Connection->execute()
#2 /home/topupvip/public_html/system/Database/BaseConnection.php(607): CodeIgniter\Database\BaseConnection->simpleQuery()
#3 /home/topupvip/public_html/system/Database/BaseBuilder.php(1615): CodeIgniter\Database\BaseConnection->query()
#4 /home/topupvip/public_html/system/Model.php(237): CodeIgniter\Database\BaseBuilder->get()
#5 /home/topupvip/public_html/system/BaseModel.php(624): CodeIgniter\Model->doFindAll()
#6 /home/topupvip/public_html/app/Controllers/View.php(81): CodeIgniter\BaseModel->findAll()
#7 /home/topupvip/public_html/system/CodeIgniter.php(943): App\Controllers\View->getFlashSale()
#8 /home/topupvip/public_html/system/CodeIgniter.php(503): CodeIgniter\CodeIgniter->runController()
#9 /home/topupvip/public_html/system/CodeIgniter.php(362): CodeIgniter\CodeIgniter->handleRequest()
#10 /home/topupvip/public_html/index.php(79): CodeIgniter\CodeIgniter->run()
#11 {main}
CRITICAL - 2024-08-20 20:50:37 --> You have an error in your SQL syntax; check the manual that corresponds to your MariaDB server version for the right syntax to use near ')' at line 3
in SYSTEMPATH/Database/BaseConnection.php on line 647.
 1 SYSTEMPATH/Database/BaseBuilder.php(1615): CodeIgniter\Database\BaseConnection->query()
 2 SYSTEMPATH/Model.php(237): CodeIgniter\Database\BaseBuilder->get()
 3 SYSTEMPATH/BaseModel.php(624): CodeIgniter\Model->doFindAll()
 4 APPPATH/Controllers/View.php(81): CodeIgniter\BaseModel->findAll()
 5 SYSTEMPATH/CodeIgniter.php(943): App\Controllers\View->getFlashSale()
 6 SYSTEMPATH/CodeIgniter.php(503): CodeIgniter\CodeIgniter->runController()
 7 SYSTEMPATH/CodeIgniter.php(362): CodeIgniter\CodeIgniter->handleRequest()
 8 FCPATH/index.php(79): CodeIgniter\CodeIgniter->run()
ERROR - 2024-08-20 21:48:43 --> mysqli_sql_exception: You have an error in your SQL syntax; check the manual that corresponds to your MariaDB server version for the right syntax to use near ')' at line 3 in /home/topupvip/public_html/system/Database/MySQLi/Connection.php:306
Stack trace:
#0 /home/topupvip/public_html/system/Database/MySQLi/Connection.php(306): mysqli->query()
#1 /home/topupvip/public_html/system/Database/BaseConnection.php(693): CodeIgniter\Database\MySQLi\Connection->execute()
#2 /home/topupvip/public_html/system/Database/BaseConnection.php(607): CodeIgniter\Database\BaseConnection->simpleQuery()
#3 /home/topupvip/public_html/system/Database/BaseBuilder.php(1615): CodeIgniter\Database\BaseConnection->query()
#4 /home/topupvip/public_html/system/Model.php(237): CodeIgniter\Database\BaseBuilder->get()
#5 /home/topupvip/public_html/system/BaseModel.php(624): CodeIgniter\Model->doFindAll()
#6 /home/topupvip/public_html/app/Controllers/View.php(81): CodeIgniter\BaseModel->findAll()
#7 /home/topupvip/public_html/system/CodeIgniter.php(943): App\Controllers\View->getFlashSale()
#8 /home/topupvip/public_html/system/CodeIgniter.php(503): CodeIgniter\CodeIgniter->runController()
#9 /home/topupvip/public_html/system/CodeIgniter.php(362): CodeIgniter\CodeIgniter->handleRequest()
#10 /home/topupvip/public_html/index.php(79): CodeIgniter\CodeIgniter->run()
#11 {main}
CRITICAL - 2024-08-20 21:48:43 --> You have an error in your SQL syntax; check the manual that corresponds to your MariaDB server version for the right syntax to use near ')' at line 3
in SYSTEMPATH/Database/BaseConnection.php on line 647.
 1 SYSTEMPATH/Database/BaseBuilder.php(1615): CodeIgniter\Database\BaseConnection->query()
 2 SYSTEMPATH/Model.php(237): CodeIgniter\Database\BaseBuilder->get()
 3 SYSTEMPATH/BaseModel.php(624): CodeIgniter\Model->doFindAll()
 4 APPPATH/Controllers/View.php(81): CodeIgniter\BaseModel->findAll()
 5 SYSTEMPATH/CodeIgniter.php(943): App\Controllers\View->getFlashSale()
 6 SYSTEMPATH/CodeIgniter.php(503): CodeIgniter\CodeIgniter->runController()
 7 SYSTEMPATH/CodeIgniter.php(362): CodeIgniter\CodeIgniter->handleRequest()
 8 FCPATH/index.php(79): CodeIgniter\CodeIgniter->run()
ERROR - 2024-08-20 21:49:19 --> mysqli_sql_exception: You have an error in your SQL syntax; check the manual that corresponds to your MariaDB server version for the right syntax to use near ')' at line 3 in /home/topupvip/public_html/system/Database/MySQLi/Connection.php:306
Stack trace:
#0 /home/topupvip/public_html/system/Database/MySQLi/Connection.php(306): mysqli->query()
#1 /home/topupvip/public_html/system/Database/BaseConnection.php(693): CodeIgniter\Database\MySQLi\Connection->execute()
#2 /home/topupvip/public_html/system/Database/BaseConnection.php(607): CodeIgniter\Database\BaseConnection->simpleQuery()
#3 /home/topupvip/public_html/system/Database/BaseBuilder.php(1615): CodeIgniter\Database\BaseConnection->query()
#4 /home/topupvip/public_html/system/Model.php(237): CodeIgniter\Database\BaseBuilder->get()
#5 /home/topupvip/public_html/system/BaseModel.php(624): CodeIgniter\Model->doFindAll()
#6 /home/topupvip/public_html/app/Controllers/View.php(81): CodeIgniter\BaseModel->findAll()
#7 /home/topupvip/public_html/system/CodeIgniter.php(943): App\Controllers\View->getFlashSale()
#8 /home/topupvip/public_html/system/CodeIgniter.php(503): CodeIgniter\CodeIgniter->runController()
#9 /home/topupvip/public_html/system/CodeIgniter.php(362): CodeIgniter\CodeIgniter->handleRequest()
#10 /home/topupvip/public_html/index.php(79): CodeIgniter\CodeIgniter->run()
#11 {main}
CRITICAL - 2024-08-20 21:49:19 --> You have an error in your SQL syntax; check the manual that corresponds to your MariaDB server version for the right syntax to use near ')' at line 3
in SYSTEMPATH/Database/BaseConnection.php on line 647.
 1 SYSTEMPATH/Database/BaseBuilder.php(1615): CodeIgniter\Database\BaseConnection->query()
 2 SYSTEMPATH/Model.php(237): CodeIgniter\Database\BaseBuilder->get()
 3 SYSTEMPATH/BaseModel.php(624): CodeIgniter\Model->doFindAll()
 4 APPPATH/Controllers/View.php(81): CodeIgniter\BaseModel->findAll()
 5 SYSTEMPATH/CodeIgniter.php(943): App\Controllers\View->getFlashSale()
 6 SYSTEMPATH/CodeIgniter.php(503): CodeIgniter\CodeIgniter->runController()
 7 SYSTEMPATH/CodeIgniter.php(362): CodeIgniter\CodeIgniter->handleRequest()
 8 FCPATH/index.php(79): CodeIgniter\CodeIgniter->run()
ERROR - 2024-08-20 21:54:30 --> mysqli_sql_exception: You have an error in your SQL syntax; check the manual that corresponds to your MariaDB server version for the right syntax to use near ')' at line 3 in /home/topupvip/public_html/system/Database/MySQLi/Connection.php:306
Stack trace:
#0 /home/topupvip/public_html/system/Database/MySQLi/Connection.php(306): mysqli->query()
#1 /home/topupvip/public_html/system/Database/BaseConnection.php(693): CodeIgniter\Database\MySQLi\Connection->execute()
#2 /home/topupvip/public_html/system/Database/BaseConnection.php(607): CodeIgniter\Database\BaseConnection->simpleQuery()
#3 /home/topupvip/public_html/system/Database/BaseBuilder.php(1615): CodeIgniter\Database\BaseConnection->query()
#4 /home/topupvip/public_html/system/Model.php(237): CodeIgniter\Database\BaseBuilder->get()
#5 /home/topupvip/public_html/system/BaseModel.php(624): CodeIgniter\Model->doFindAll()
#6 /home/topupvip/public_html/app/Controllers/View.php(81): CodeIgniter\BaseModel->findAll()
#7 /home/topupvip/public_html/system/CodeIgniter.php(943): App\Controllers\View->getFlashSale()
#8 /home/topupvip/public_html/system/CodeIgniter.php(503): CodeIgniter\CodeIgniter->runController()
#9 /home/topupvip/public_html/system/CodeIgniter.php(362): CodeIgniter\CodeIgniter->handleRequest()
#10 /home/topupvip/public_html/index.php(79): CodeIgniter\CodeIgniter->run()
#11 {main}
CRITICAL - 2024-08-20 21:54:30 --> You have an error in your SQL syntax; check the manual that corresponds to your MariaDB server version for the right syntax to use near ')' at line 3
in SYSTEMPATH/Database/BaseConnection.php on line 647.
 1 SYSTEMPATH/Database/BaseBuilder.php(1615): CodeIgniter\Database\BaseConnection->query()
 2 SYSTEMPATH/Model.php(237): CodeIgniter\Database\BaseBuilder->get()
 3 SYSTEMPATH/BaseModel.php(624): CodeIgniter\Model->doFindAll()
 4 APPPATH/Controllers/View.php(81): CodeIgniter\BaseModel->findAll()
 5 SYSTEMPATH/CodeIgniter.php(943): App\Controllers\View->getFlashSale()
 6 SYSTEMPATH/CodeIgniter.php(503): CodeIgniter\CodeIgniter->runController()
 7 SYSTEMPATH/CodeIgniter.php(362): CodeIgniter\CodeIgniter->handleRequest()
 8 FCPATH/index.php(79): CodeIgniter\CodeIgniter->run()
ERROR - 2024-08-20 21:59:19 --> mysqli_sql_exception: You have an error in your SQL syntax; check the manual that corresponds to your MariaDB server version for the right syntax to use near ')' at line 3 in /home/topupvip/public_html/system/Database/MySQLi/Connection.php:306
Stack trace:
#0 /home/topupvip/public_html/system/Database/MySQLi/Connection.php(306): mysqli->query()
#1 /home/topupvip/public_html/system/Database/BaseConnection.php(693): CodeIgniter\Database\MySQLi\Connection->execute()
#2 /home/topupvip/public_html/system/Database/BaseConnection.php(607): CodeIgniter\Database\BaseConnection->simpleQuery()
#3 /home/topupvip/public_html/system/Database/BaseBuilder.php(1615): CodeIgniter\Database\BaseConnection->query()
#4 /home/topupvip/public_html/system/Model.php(237): CodeIgniter\Database\BaseBuilder->get()
#5 /home/topupvip/public_html/system/BaseModel.php(624): CodeIgniter\Model->doFindAll()
#6 /home/topupvip/public_html/app/Controllers/View.php(81): CodeIgniter\BaseModel->findAll()
#7 /home/topupvip/public_html/system/CodeIgniter.php(943): App\Controllers\View->getFlashSale()
#8 /home/topupvip/public_html/system/CodeIgniter.php(503): CodeIgniter\CodeIgniter->runController()
#9 /home/topupvip/public_html/system/CodeIgniter.php(362): CodeIgniter\CodeIgniter->handleRequest()
#10 /home/topupvip/public_html/index.php(79): CodeIgniter\CodeIgniter->run()
#11 {main}
CRITICAL - 2024-08-20 21:59:19 --> You have an error in your SQL syntax; check the manual that corresponds to your MariaDB server version for the right syntax to use near ')' at line 3
in SYSTEMPATH/Database/BaseConnection.php on line 647.
 1 SYSTEMPATH/Database/BaseBuilder.php(1615): CodeIgniter\Database\BaseConnection->query()
 2 SYSTEMPATH/Model.php(237): CodeIgniter\Database\BaseBuilder->get()
 3 SYSTEMPATH/BaseModel.php(624): CodeIgniter\Model->doFindAll()
 4 APPPATH/Controllers/View.php(81): CodeIgniter\BaseModel->findAll()
 5 SYSTEMPATH/CodeIgniter.php(943): App\Controllers\View->getFlashSale()
 6 SYSTEMPATH/CodeIgniter.php(503): CodeIgniter\CodeIgniter->runController()
 7 SYSTEMPATH/CodeIgniter.php(362): CodeIgniter\CodeIgniter->handleRequest()
 8 FCPATH/index.php(79): CodeIgniter\CodeIgniter->run()
ERROR - 2024-08-20 21:59:35 --> mysqli_sql_exception: You have an error in your SQL syntax; check the manual that corresponds to your MariaDB server version for the right syntax to use near ')' at line 3 in /home/topupvip/public_html/system/Database/MySQLi/Connection.php:306
Stack trace:
#0 /home/topupvip/public_html/system/Database/MySQLi/Connection.php(306): mysqli->query()
#1 /home/topupvip/public_html/system/Database/BaseConnection.php(693): CodeIgniter\Database\MySQLi\Connection->execute()
#2 /home/topupvip/public_html/system/Database/BaseConnection.php(607): CodeIgniter\Database\BaseConnection->simpleQuery()
#3 /home/topupvip/public_html/system/Database/BaseBuilder.php(1615): CodeIgniter\Database\BaseConnection->query()
#4 /home/topupvip/public_html/system/Model.php(237): CodeIgniter\Database\BaseBuilder->get()
#5 /home/topupvip/public_html/system/BaseModel.php(624): CodeIgniter\Model->doFindAll()
#6 /home/topupvip/public_html/app/Controllers/View.php(81): CodeIgniter\BaseModel->findAll()
#7 /home/topupvip/public_html/system/CodeIgniter.php(943): App\Controllers\View->getFlashSale()
#8 /home/topupvip/public_html/system/CodeIgniter.php(503): CodeIgniter\CodeIgniter->runController()
#9 /home/topupvip/public_html/system/CodeIgniter.php(362): CodeIgniter\CodeIgniter->handleRequest()
#10 /home/topupvip/public_html/index.php(79): CodeIgniter\CodeIgniter->run()
#11 {main}
CRITICAL - 2024-08-20 21:59:35 --> You have an error in your SQL syntax; check the manual that corresponds to your MariaDB server version for the right syntax to use near ')' at line 3
in SYSTEMPATH/Database/BaseConnection.php on line 647.
 1 SYSTEMPATH/Database/BaseBuilder.php(1615): CodeIgniter\Database\BaseConnection->query()
 2 SYSTEMPATH/Model.php(237): CodeIgniter\Database\BaseBuilder->get()
 3 SYSTEMPATH/BaseModel.php(624): CodeIgniter\Model->doFindAll()
 4 APPPATH/Controllers/View.php(81): CodeIgniter\BaseModel->findAll()
 5 SYSTEMPATH/CodeIgniter.php(943): App\Controllers\View->getFlashSale()
 6 SYSTEMPATH/CodeIgniter.php(503): CodeIgniter\CodeIgniter->runController()
 7 SYSTEMPATH/CodeIgniter.php(362): CodeIgniter\CodeIgniter->handleRequest()
 8 FCPATH/index.php(79): CodeIgniter\CodeIgniter->run()
ERROR - 2024-08-20 22:01:18 --> mysqli_sql_exception: You have an error in your SQL syntax; check the manual that corresponds to your MariaDB server version for the right syntax to use near ')' at line 3 in /home/topupvip/public_html/system/Database/MySQLi/Connection.php:306
Stack trace:
#0 /home/topupvip/public_html/system/Database/MySQLi/Connection.php(306): mysqli->query()
#1 /home/topupvip/public_html/system/Database/BaseConnection.php(693): CodeIgniter\Database\MySQLi\Connection->execute()
#2 /home/topupvip/public_html/system/Database/BaseConnection.php(607): CodeIgniter\Database\BaseConnection->simpleQuery()
#3 /home/topupvip/public_html/system/Database/BaseBuilder.php(1615): CodeIgniter\Database\BaseConnection->query()
#4 /home/topupvip/public_html/system/Model.php(237): CodeIgniter\Database\BaseBuilder->get()
#5 /home/topupvip/public_html/system/BaseModel.php(624): CodeIgniter\Model->doFindAll()
#6 /home/topupvip/public_html/app/Controllers/View.php(81): CodeIgniter\BaseModel->findAll()
#7 /home/topupvip/public_html/system/CodeIgniter.php(943): App\Controllers\View->getFlashSale()
#8 /home/topupvip/public_html/system/CodeIgniter.php(503): CodeIgniter\CodeIgniter->runController()
#9 /home/topupvip/public_html/system/CodeIgniter.php(362): CodeIgniter\CodeIgniter->handleRequest()
#10 /home/topupvip/public_html/index.php(79): CodeIgniter\CodeIgniter->run()
#11 {main}
CRITICAL - 2024-08-20 22:01:18 --> You have an error in your SQL syntax; check the manual that corresponds to your MariaDB server version for the right syntax to use near ')' at line 3
in SYSTEMPATH/Database/BaseConnection.php on line 647.
 1 SYSTEMPATH/Database/BaseBuilder.php(1615): CodeIgniter\Database\BaseConnection->query()
 2 SYSTEMPATH/Model.php(237): CodeIgniter\Database\BaseBuilder->get()
 3 SYSTEMPATH/BaseModel.php(624): CodeIgniter\Model->doFindAll()
 4 APPPATH/Controllers/View.php(81): CodeIgniter\BaseModel->findAll()
 5 SYSTEMPATH/CodeIgniter.php(943): App\Controllers\View->getFlashSale()
 6 SYSTEMPATH/CodeIgniter.php(503): CodeIgniter\CodeIgniter->runController()
 7 SYSTEMPATH/CodeIgniter.php(362): CodeIgniter\CodeIgniter->handleRequest()
 8 FCPATH/index.php(79): CodeIgniter\CodeIgniter->run()
ERROR - 2024-08-20 22:03:04 --> mysqli_sql_exception: You have an error in your SQL syntax; check the manual that corresponds to your MariaDB server version for the right syntax to use near ')' at line 3 in /home/topupvip/public_html/system/Database/MySQLi/Connection.php:306
Stack trace:
#0 /home/topupvip/public_html/system/Database/MySQLi/Connection.php(306): mysqli->query()
#1 /home/topupvip/public_html/system/Database/BaseConnection.php(693): CodeIgniter\Database\MySQLi\Connection->execute()
#2 /home/topupvip/public_html/system/Database/BaseConnection.php(607): CodeIgniter\Database\BaseConnection->simpleQuery()
#3 /home/topupvip/public_html/system/Database/BaseBuilder.php(1615): CodeIgniter\Database\BaseConnection->query()
#4 /home/topupvip/public_html/system/Model.php(237): CodeIgniter\Database\BaseBuilder->get()
#5 /home/topupvip/public_html/system/BaseModel.php(624): CodeIgniter\Model->doFindAll()
#6 /home/topupvip/public_html/app/Controllers/View.php(81): CodeIgniter\BaseModel->findAll()
#7 /home/topupvip/public_html/system/CodeIgniter.php(943): App\Controllers\View->getFlashSale()
#8 /home/topupvip/public_html/system/CodeIgniter.php(503): CodeIgniter\CodeIgniter->runController()
#9 /home/topupvip/public_html/system/CodeIgniter.php(362): CodeIgniter\CodeIgniter->handleRequest()
#10 /home/topupvip/public_html/index.php(79): CodeIgniter\CodeIgniter->run()
#11 {main}
CRITICAL - 2024-08-20 22:03:04 --> You have an error in your SQL syntax; check the manual that corresponds to your MariaDB server version for the right syntax to use near ')' at line 3
in SYSTEMPATH/Database/BaseConnection.php on line 647.
 1 SYSTEMPATH/Database/BaseBuilder.php(1615): CodeIgniter\Database\BaseConnection->query()
 2 SYSTEMPATH/Model.php(237): CodeIgniter\Database\BaseBuilder->get()
 3 SYSTEMPATH/BaseModel.php(624): CodeIgniter\Model->doFindAll()
 4 APPPATH/Controllers/View.php(81): CodeIgniter\BaseModel->findAll()
 5 SYSTEMPATH/CodeIgniter.php(943): App\Controllers\View->getFlashSale()
 6 SYSTEMPATH/CodeIgniter.php(503): CodeIgniter\CodeIgniter->runController()
 7 SYSTEMPATH/CodeIgniter.php(362): CodeIgniter\CodeIgniter->handleRequest()
 8 FCPATH/index.php(79): CodeIgniter\CodeIgniter->run()
ERROR - 2024-08-20 22:03:15 --> mysqli_sql_exception: You have an error in your SQL syntax; check the manual that corresponds to your MariaDB server version for the right syntax to use near ')' at line 3 in /home/topupvip/public_html/system/Database/MySQLi/Connection.php:306
Stack trace:
#0 /home/topupvip/public_html/system/Database/MySQLi/Connection.php(306): mysqli->query()
#1 /home/topupvip/public_html/system/Database/BaseConnection.php(693): CodeIgniter\Database\MySQLi\Connection->execute()
#2 /home/topupvip/public_html/system/Database/BaseConnection.php(607): CodeIgniter\Database\BaseConnection->simpleQuery()
#3 /home/topupvip/public_html/system/Database/BaseBuilder.php(1615): CodeIgniter\Database\BaseConnection->query()
#4 /home/topupvip/public_html/system/Model.php(237): CodeIgniter\Database\BaseBuilder->get()
#5 /home/topupvip/public_html/system/BaseModel.php(624): CodeIgniter\Model->doFindAll()
#6 /home/topupvip/public_html/app/Controllers/View.php(81): CodeIgniter\BaseModel->findAll()
#7 /home/topupvip/public_html/system/CodeIgniter.php(943): App\Controllers\View->getFlashSale()
#8 /home/topupvip/public_html/system/CodeIgniter.php(503): CodeIgniter\CodeIgniter->runController()
#9 /home/topupvip/public_html/system/CodeIgniter.php(362): CodeIgniter\CodeIgniter->handleRequest()
#10 /home/topupvip/public_html/index.php(79): CodeIgniter\CodeIgniter->run()
#11 {main}
CRITICAL - 2024-08-20 22:03:15 --> You have an error in your SQL syntax; check the manual that corresponds to your MariaDB server version for the right syntax to use near ')' at line 3
in SYSTEMPATH/Database/BaseConnection.php on line 647.
 1 SYSTEMPATH/Database/BaseBuilder.php(1615): CodeIgniter\Database\BaseConnection->query()
 2 SYSTEMPATH/Model.php(237): CodeIgniter\Database\BaseBuilder->get()
 3 SYSTEMPATH/BaseModel.php(624): CodeIgniter\Model->doFindAll()
 4 APPPATH/Controllers/View.php(81): CodeIgniter\BaseModel->findAll()
 5 SYSTEMPATH/CodeIgniter.php(943): App\Controllers\View->getFlashSale()
 6 SYSTEMPATH/CodeIgniter.php(503): CodeIgniter\CodeIgniter->runController()
 7 SYSTEMPATH/CodeIgniter.php(362): CodeIgniter\CodeIgniter->handleRequest()
 8 FCPATH/index.php(79): CodeIgniter\CodeIgniter->run()
CRITICAL - 2024-08-20 22:03:43 --> Trying to access array offset on value of type null
in APPPATH/Controllers/Order.php on line 74.
 1 APPPATH/Controllers/Order.php(74): CodeIgniter\Debug\Exceptions->errorHandler()
 2 SYSTEMPATH/CodeIgniter.php(943): App\Controllers\Order->cekID()
 3 SYSTEMPATH/CodeIgniter.php(503): CodeIgniter\CodeIgniter->runController()
 4 SYSTEMPATH/CodeIgniter.php(362): CodeIgniter\CodeIgniter->handleRequest()
 5 FCPATH/index.php(79): CodeIgniter\CodeIgniter->run()
ERROR - 2024-08-20 22:04:31 --> mysqli_sql_exception: You have an error in your SQL syntax; check the manual that corresponds to your MariaDB server version for the right syntax to use near ')' at line 3 in /home/topupvip/public_html/system/Database/MySQLi/Connection.php:306
Stack trace:
#0 /home/topupvip/public_html/system/Database/MySQLi/Connection.php(306): mysqli->query()
#1 /home/topupvip/public_html/system/Database/BaseConnection.php(693): CodeIgniter\Database\MySQLi\Connection->execute()
#2 /home/topupvip/public_html/system/Database/BaseConnection.php(607): CodeIgniter\Database\BaseConnection->simpleQuery()
#3 /home/topupvip/public_html/system/Database/BaseBuilder.php(1615): CodeIgniter\Database\BaseConnection->query()
#4 /home/topupvip/public_html/system/Model.php(237): CodeIgniter\Database\BaseBuilder->get()
#5 /home/topupvip/public_html/system/BaseModel.php(624): CodeIgniter\Model->doFindAll()
#6 /home/topupvip/public_html/app/Controllers/View.php(81): CodeIgniter\BaseModel->findAll()
#7 /home/topupvip/public_html/system/CodeIgniter.php(943): App\Controllers\View->getFlashSale()
#8 /home/topupvip/public_html/system/CodeIgniter.php(503): CodeIgniter\CodeIgniter->runController()
#9 /home/topupvip/public_html/system/CodeIgniter.php(362): CodeIgniter\CodeIgniter->handleRequest()
#10 /home/topupvip/public_html/index.php(79): CodeIgniter\CodeIgniter->run()
#11 {main}
CRITICAL - 2024-08-20 22:04:31 --> You have an error in your SQL syntax; check the manual that corresponds to your MariaDB server version for the right syntax to use near ')' at line 3
in SYSTEMPATH/Database/BaseConnection.php on line 647.
 1 SYSTEMPATH/Database/BaseBuilder.php(1615): CodeIgniter\Database\BaseConnection->query()
 2 SYSTEMPATH/Model.php(237): CodeIgniter\Database\BaseBuilder->get()
 3 SYSTEMPATH/BaseModel.php(624): CodeIgniter\Model->doFindAll()
 4 APPPATH/Controllers/View.php(81): CodeIgniter\BaseModel->findAll()
 5 SYSTEMPATH/CodeIgniter.php(943): App\Controllers\View->getFlashSale()
 6 SYSTEMPATH/CodeIgniter.php(503): CodeIgniter\CodeIgniter->runController()
 7 SYSTEMPATH/CodeIgniter.php(362): CodeIgniter\CodeIgniter->handleRequest()
 8 FCPATH/index.php(79): CodeIgniter\CodeIgniter->run()
ERROR - 2024-08-20 22:06:38 --> mysqli_sql_exception: You have an error in your SQL syntax; check the manual that corresponds to your MariaDB server version for the right syntax to use near ')' at line 3 in /home/topupvip/public_html/system/Database/MySQLi/Connection.php:306
Stack trace:
#0 /home/topupvip/public_html/system/Database/MySQLi/Connection.php(306): mysqli->query()
#1 /home/topupvip/public_html/system/Database/BaseConnection.php(693): CodeIgniter\Database\MySQLi\Connection->execute()
#2 /home/topupvip/public_html/system/Database/BaseConnection.php(607): CodeIgniter\Database\BaseConnection->simpleQuery()
#3 /home/topupvip/public_html/system/Database/BaseBuilder.php(1615): CodeIgniter\Database\BaseConnection->query()
#4 /home/topupvip/public_html/system/Model.php(237): CodeIgniter\Database\BaseBuilder->get()
#5 /home/topupvip/public_html/system/BaseModel.php(624): CodeIgniter\Model->doFindAll()
#6 /home/topupvip/public_html/app/Controllers/View.php(81): CodeIgniter\BaseModel->findAll()
#7 /home/topupvip/public_html/system/CodeIgniter.php(943): App\Controllers\View->getFlashSale()
#8 /home/topupvip/public_html/system/CodeIgniter.php(503): CodeIgniter\CodeIgniter->runController()
#9 /home/topupvip/public_html/system/CodeIgniter.php(362): CodeIgniter\CodeIgniter->handleRequest()
#10 /home/topupvip/public_html/index.php(79): CodeIgniter\CodeIgniter->run()
#11 {main}
CRITICAL - 2024-08-20 22:06:38 --> You have an error in your SQL syntax; check the manual that corresponds to your MariaDB server version for the right syntax to use near ')' at line 3
in SYSTEMPATH/Database/BaseConnection.php on line 647.
 1 SYSTEMPATH/Database/BaseBuilder.php(1615): CodeIgniter\Database\BaseConnection->query()
 2 SYSTEMPATH/Model.php(237): CodeIgniter\Database\BaseBuilder->get()
 3 SYSTEMPATH/BaseModel.php(624): CodeIgniter\Model->doFindAll()
 4 APPPATH/Controllers/View.php(81): CodeIgniter\BaseModel->findAll()
 5 SYSTEMPATH/CodeIgniter.php(943): App\Controllers\View->getFlashSale()
 6 SYSTEMPATH/CodeIgniter.php(503): CodeIgniter\CodeIgniter->runController()
 7 SYSTEMPATH/CodeIgniter.php(362): CodeIgniter\CodeIgniter->handleRequest()
 8 FCPATH/index.php(79): CodeIgniter\CodeIgniter->run()
ERROR - 2024-08-20 22:07:04 --> mysqli_sql_exception: You have an error in your SQL syntax; check the manual that corresponds to your MariaDB server version for the right syntax to use near ')' at line 3 in /home/topupvip/public_html/system/Database/MySQLi/Connection.php:306
Stack trace:
#0 /home/topupvip/public_html/system/Database/MySQLi/Connection.php(306): mysqli->query()
#1 /home/topupvip/public_html/system/Database/BaseConnection.php(693): CodeIgniter\Database\MySQLi\Connection->execute()
#2 /home/topupvip/public_html/system/Database/BaseConnection.php(607): CodeIgniter\Database\BaseConnection->simpleQuery()
#3 /home/topupvip/public_html/system/Database/BaseBuilder.php(1615): CodeIgniter\Database\BaseConnection->query()
#4 /home/topupvip/public_html/system/Model.php(237): CodeIgniter\Database\BaseBuilder->get()
#5 /home/topupvip/public_html/system/BaseModel.php(624): CodeIgniter\Model->doFindAll()
#6 /home/topupvip/public_html/app/Controllers/View.php(81): CodeIgniter\BaseModel->findAll()
#7 /home/topupvip/public_html/system/CodeIgniter.php(943): App\Controllers\View->getFlashSale()
#8 /home/topupvip/public_html/system/CodeIgniter.php(503): CodeIgniter\CodeIgniter->runController()
#9 /home/topupvip/public_html/system/CodeIgniter.php(362): CodeIgniter\CodeIgniter->handleRequest()
#10 /home/topupvip/public_html/index.php(79): CodeIgniter\CodeIgniter->run()
#11 {main}
CRITICAL - 2024-08-20 22:07:04 --> You have an error in your SQL syntax; check the manual that corresponds to your MariaDB server version for the right syntax to use near ')' at line 3
in SYSTEMPATH/Database/BaseConnection.php on line 647.
 1 SYSTEMPATH/Database/BaseBuilder.php(1615): CodeIgniter\Database\BaseConnection->query()
 2 SYSTEMPATH/Model.php(237): CodeIgniter\Database\BaseBuilder->get()
 3 SYSTEMPATH/BaseModel.php(624): CodeIgniter\Model->doFindAll()
 4 APPPATH/Controllers/View.php(81): CodeIgniter\BaseModel->findAll()
 5 SYSTEMPATH/CodeIgniter.php(943): App\Controllers\View->getFlashSale()
 6 SYSTEMPATH/CodeIgniter.php(503): CodeIgniter\CodeIgniter->runController()
 7 SYSTEMPATH/CodeIgniter.php(362): CodeIgniter\CodeIgniter->handleRequest()
 8 FCPATH/index.php(79): CodeIgniter\CodeIgniter->run()
ERROR - 2024-08-20 22:07:11 --> mysqli_sql_exception: You have an error in your SQL syntax; check the manual that corresponds to your MariaDB server version for the right syntax to use near ')' at line 3 in /home/topupvip/public_html/system/Database/MySQLi/Connection.php:306
Stack trace:
#0 /home/topupvip/public_html/system/Database/MySQLi/Connection.php(306): mysqli->query()
#1 /home/topupvip/public_html/system/Database/BaseConnection.php(693): CodeIgniter\Database\MySQLi\Connection->execute()
#2 /home/topupvip/public_html/system/Database/BaseConnection.php(607): CodeIgniter\Database\BaseConnection->simpleQuery()
#3 /home/topupvip/public_html/system/Database/BaseBuilder.php(1615): CodeIgniter\Database\BaseConnection->query()
#4 /home/topupvip/public_html/system/Model.php(237): CodeIgniter\Database\BaseBuilder->get()
#5 /home/topupvip/public_html/system/BaseModel.php(624): CodeIgniter\Model->doFindAll()
#6 /home/topupvip/public_html/app/Controllers/View.php(81): CodeIgniter\BaseModel->findAll()
#7 /home/topupvip/public_html/system/CodeIgniter.php(943): App\Controllers\View->getFlashSale()
#8 /home/topupvip/public_html/system/CodeIgniter.php(503): CodeIgniter\CodeIgniter->runController()
#9 /home/topupvip/public_html/system/CodeIgniter.php(362): CodeIgniter\CodeIgniter->handleRequest()
#10 /home/topupvip/public_html/index.php(79): CodeIgniter\CodeIgniter->run()
#11 {main}
CRITICAL - 2024-08-20 22:07:11 --> You have an error in your SQL syntax; check the manual that corresponds to your MariaDB server version for the right syntax to use near ')' at line 3
in SYSTEMPATH/Database/BaseConnection.php on line 647.
 1 SYSTEMPATH/Database/BaseBuilder.php(1615): CodeIgniter\Database\BaseConnection->query()
 2 SYSTEMPATH/Model.php(237): CodeIgniter\Database\BaseBuilder->get()
 3 SYSTEMPATH/BaseModel.php(624): CodeIgniter\Model->doFindAll()
 4 APPPATH/Controllers/View.php(81): CodeIgniter\BaseModel->findAll()
 5 SYSTEMPATH/CodeIgniter.php(943): App\Controllers\View->getFlashSale()
 6 SYSTEMPATH/CodeIgniter.php(503): CodeIgniter\CodeIgniter->runController()
 7 SYSTEMPATH/CodeIgniter.php(362): CodeIgniter\CodeIgniter->handleRequest()
 8 FCPATH/index.php(79): CodeIgniter\CodeIgniter->run()
ERROR - 2024-08-20 22:07:25 --> mysqli_sql_exception: You have an error in your SQL syntax; check the manual that corresponds to your MariaDB server version for the right syntax to use near ')' at line 3 in /home/topupvip/public_html/system/Database/MySQLi/Connection.php:306
Stack trace:
#0 /home/topupvip/public_html/system/Database/MySQLi/Connection.php(306): mysqli->query()
#1 /home/topupvip/public_html/system/Database/BaseConnection.php(693): CodeIgniter\Database\MySQLi\Connection->execute()
#2 /home/topupvip/public_html/system/Database/BaseConnection.php(607): CodeIgniter\Database\BaseConnection->simpleQuery()
#3 /home/topupvip/public_html/system/Database/BaseBuilder.php(1615): CodeIgniter\Database\BaseConnection->query()
#4 /home/topupvip/public_html/system/Model.php(237): CodeIgniter\Database\BaseBuilder->get()
#5 /home/topupvip/public_html/system/BaseModel.php(624): CodeIgniter\Model->doFindAll()
#6 /home/topupvip/public_html/app/Controllers/View.php(81): CodeIgniter\BaseModel->findAll()
#7 /home/topupvip/public_html/system/CodeIgniter.php(943): App\Controllers\View->getFlashSale()
#8 /home/topupvip/public_html/system/CodeIgniter.php(503): CodeIgniter\CodeIgniter->runController()
#9 /home/topupvip/public_html/system/CodeIgniter.php(362): CodeIgniter\CodeIgniter->handleRequest()
#10 /home/topupvip/public_html/index.php(79): CodeIgniter\CodeIgniter->run()
#11 {main}
CRITICAL - 2024-08-20 22:07:25 --> You have an error in your SQL syntax; check the manual that corresponds to your MariaDB server version for the right syntax to use near ')' at line 3
in SYSTEMPATH/Database/BaseConnection.php on line 647.
 1 SYSTEMPATH/Database/BaseBuilder.php(1615): CodeIgniter\Database\BaseConnection->query()
 2 SYSTEMPATH/Model.php(237): CodeIgniter\Database\BaseBuilder->get()
 3 SYSTEMPATH/BaseModel.php(624): CodeIgniter\Model->doFindAll()
 4 APPPATH/Controllers/View.php(81): CodeIgniter\BaseModel->findAll()
 5 SYSTEMPATH/CodeIgniter.php(943): App\Controllers\View->getFlashSale()
 6 SYSTEMPATH/CodeIgniter.php(503): CodeIgniter\CodeIgniter->runController()
 7 SYSTEMPATH/CodeIgniter.php(362): CodeIgniter\CodeIgniter->handleRequest()
 8 FCPATH/index.php(79): CodeIgniter\CodeIgniter->run()
ERROR - 2024-08-20 22:07:28 --> mysqli_sql_exception: You have an error in your SQL syntax; check the manual that corresponds to your MariaDB server version for the right syntax to use near ')' at line 3 in /home/topupvip/public_html/system/Database/MySQLi/Connection.php:306
Stack trace:
#0 /home/topupvip/public_html/system/Database/MySQLi/Connection.php(306): mysqli->query()
#1 /home/topupvip/public_html/system/Database/BaseConnection.php(693): CodeIgniter\Database\MySQLi\Connection->execute()
#2 /home/topupvip/public_html/system/Database/BaseConnection.php(607): CodeIgniter\Database\BaseConnection->simpleQuery()
#3 /home/topupvip/public_html/system/Database/BaseBuilder.php(1615): CodeIgniter\Database\BaseConnection->query()
#4 /home/topupvip/public_html/system/Model.php(237): CodeIgniter\Database\BaseBuilder->get()
#5 /home/topupvip/public_html/system/BaseModel.php(624): CodeIgniter\Model->doFindAll()
#6 /home/topupvip/public_html/app/Controllers/View.php(81): CodeIgniter\BaseModel->findAll()
#7 /home/topupvip/public_html/system/CodeIgniter.php(943): App\Controllers\View->getFlashSale()
#8 /home/topupvip/public_html/system/CodeIgniter.php(503): CodeIgniter\CodeIgniter->runController()
#9 /home/topupvip/public_html/system/CodeIgniter.php(362): CodeIgniter\CodeIgniter->handleRequest()
#10 /home/topupvip/public_html/index.php(79): CodeIgniter\CodeIgniter->run()
#11 {main}
CRITICAL - 2024-08-20 22:07:28 --> You have an error in your SQL syntax; check the manual that corresponds to your MariaDB server version for the right syntax to use near ')' at line 3
in SYSTEMPATH/Database/BaseConnection.php on line 647.
 1 SYSTEMPATH/Database/BaseBuilder.php(1615): CodeIgniter\Database\BaseConnection->query()
 2 SYSTEMPATH/Model.php(237): CodeIgniter\Database\BaseBuilder->get()
 3 SYSTEMPATH/BaseModel.php(624): CodeIgniter\Model->doFindAll()
 4 APPPATH/Controllers/View.php(81): CodeIgniter\BaseModel->findAll()
 5 SYSTEMPATH/CodeIgniter.php(943): App\Controllers\View->getFlashSale()
 6 SYSTEMPATH/CodeIgniter.php(503): CodeIgniter\CodeIgniter->runController()
 7 SYSTEMPATH/CodeIgniter.php(362): CodeIgniter\CodeIgniter->handleRequest()
 8 FCPATH/index.php(79): CodeIgniter\CodeIgniter->run()
ERROR - 2024-08-20 22:07:33 --> mysqli_sql_exception: You have an error in your SQL syntax; check the manual that corresponds to your MariaDB server version for the right syntax to use near ')' at line 3 in /home/topupvip/public_html/system/Database/MySQLi/Connection.php:306
Stack trace:
#0 /home/topupvip/public_html/system/Database/MySQLi/Connection.php(306): mysqli->query()
#1 /home/topupvip/public_html/system/Database/BaseConnection.php(693): CodeIgniter\Database\MySQLi\Connection->execute()
#2 /home/topupvip/public_html/system/Database/BaseConnection.php(607): CodeIgniter\Database\BaseConnection->simpleQuery()
#3 /home/topupvip/public_html/system/Database/BaseBuilder.php(1615): CodeIgniter\Database\BaseConnection->query()
#4 /home/topupvip/public_html/system/Model.php(237): CodeIgniter\Database\BaseBuilder->get()
#5 /home/topupvip/public_html/system/BaseModel.php(624): CodeIgniter\Model->doFindAll()
#6 /home/topupvip/public_html/app/Controllers/View.php(81): CodeIgniter\BaseModel->findAll()
#7 /home/topupvip/public_html/system/CodeIgniter.php(943): App\Controllers\View->getFlashSale()
#8 /home/topupvip/public_html/system/CodeIgniter.php(503): CodeIgniter\CodeIgniter->runController()
#9 /home/topupvip/public_html/system/CodeIgniter.php(362): CodeIgniter\CodeIgniter->handleRequest()
#10 /home/topupvip/public_html/index.php(79): CodeIgniter\CodeIgniter->run()
#11 {main}
CRITICAL - 2024-08-20 22:07:33 --> You have an error in your SQL syntax; check the manual that corresponds to your MariaDB server version for the right syntax to use near ')' at line 3
in SYSTEMPATH/Database/BaseConnection.php on line 647.
 1 SYSTEMPATH/Database/BaseBuilder.php(1615): CodeIgniter\Database\BaseConnection->query()
 2 SYSTEMPATH/Model.php(237): CodeIgniter\Database\BaseBuilder->get()
 3 SYSTEMPATH/BaseModel.php(624): CodeIgniter\Model->doFindAll()
 4 APPPATH/Controllers/View.php(81): CodeIgniter\BaseModel->findAll()
 5 SYSTEMPATH/CodeIgniter.php(943): App\Controllers\View->getFlashSale()
 6 SYSTEMPATH/CodeIgniter.php(503): CodeIgniter\CodeIgniter->runController()
 7 SYSTEMPATH/CodeIgniter.php(362): CodeIgniter\CodeIgniter->handleRequest()
 8 FCPATH/index.php(79): CodeIgniter\CodeIgniter->run()
ERROR - 2024-08-20 22:08:14 --> mysqli_sql_exception: You have an error in your SQL syntax; check the manual that corresponds to your MariaDB server version for the right syntax to use near ')' at line 3 in /home/topupvip/public_html/system/Database/MySQLi/Connection.php:306
Stack trace:
#0 /home/topupvip/public_html/system/Database/MySQLi/Connection.php(306): mysqli->query()
#1 /home/topupvip/public_html/system/Database/BaseConnection.php(693): CodeIgniter\Database\MySQLi\Connection->execute()
#2 /home/topupvip/public_html/system/Database/BaseConnection.php(607): CodeIgniter\Database\BaseConnection->simpleQuery()
#3 /home/topupvip/public_html/system/Database/BaseBuilder.php(1615): CodeIgniter\Database\BaseConnection->query()
#4 /home/topupvip/public_html/system/Model.php(237): CodeIgniter\Database\BaseBuilder->get()
#5 /home/topupvip/public_html/system/BaseModel.php(624): CodeIgniter\Model->doFindAll()
#6 /home/topupvip/public_html/app/Controllers/View.php(81): CodeIgniter\BaseModel->findAll()
#7 /home/topupvip/public_html/system/CodeIgniter.php(943): App\Controllers\View->getFlashSale()
#8 /home/topupvip/public_html/system/CodeIgniter.php(503): CodeIgniter\CodeIgniter->runController()
#9 /home/topupvip/public_html/system/CodeIgniter.php(362): CodeIgniter\CodeIgniter->handleRequest()
#10 /home/topupvip/public_html/index.php(79): CodeIgniter\CodeIgniter->run()
#11 {main}
CRITICAL - 2024-08-20 22:08:14 --> You have an error in your SQL syntax; check the manual that corresponds to your MariaDB server version for the right syntax to use near ')' at line 3
in SYSTEMPATH/Database/BaseConnection.php on line 647.
 1 SYSTEMPATH/Database/BaseBuilder.php(1615): CodeIgniter\Database\BaseConnection->query()
 2 SYSTEMPATH/Model.php(237): CodeIgniter\Database\BaseBuilder->get()
 3 SYSTEMPATH/BaseModel.php(624): CodeIgniter\Model->doFindAll()
 4 APPPATH/Controllers/View.php(81): CodeIgniter\BaseModel->findAll()
 5 SYSTEMPATH/CodeIgniter.php(943): App\Controllers\View->getFlashSale()
 6 SYSTEMPATH/CodeIgniter.php(503): CodeIgniter\CodeIgniter->runController()
 7 SYSTEMPATH/CodeIgniter.php(362): CodeIgniter\CodeIgniter->handleRequest()
 8 FCPATH/index.php(79): CodeIgniter\CodeIgniter->run()
ERROR - 2024-08-20 22:16:32 --> mysqli_sql_exception: You have an error in your SQL syntax; check the manual that corresponds to your MariaDB server version for the right syntax to use near ')' at line 3 in /home/topupvip/public_html/system/Database/MySQLi/Connection.php:306
Stack trace:
#0 /home/topupvip/public_html/system/Database/MySQLi/Connection.php(306): mysqli->query()
#1 /home/topupvip/public_html/system/Database/BaseConnection.php(693): CodeIgniter\Database\MySQLi\Connection->execute()
#2 /home/topupvip/public_html/system/Database/BaseConnection.php(607): CodeIgniter\Database\BaseConnection->simpleQuery()
#3 /home/topupvip/public_html/system/Database/BaseBuilder.php(1615): CodeIgniter\Database\BaseConnection->query()
#4 /home/topupvip/public_html/system/Model.php(237): CodeIgniter\Database\BaseBuilder->get()
#5 /home/topupvip/public_html/system/BaseModel.php(624): CodeIgniter\Model->doFindAll()
#6 /home/topupvip/public_html/app/Controllers/View.php(81): CodeIgniter\BaseModel->findAll()
#7 /home/topupvip/public_html/system/CodeIgniter.php(943): App\Controllers\View->getFlashSale()
#8 /home/topupvip/public_html/system/CodeIgniter.php(503): CodeIgniter\CodeIgniter->runController()
#9 /home/topupvip/public_html/system/CodeIgniter.php(362): CodeIgniter\CodeIgniter->handleRequest()
#10 /home/topupvip/public_html/index.php(79): CodeIgniter\CodeIgniter->run()
#11 {main}
CRITICAL - 2024-08-20 22:16:32 --> You have an error in your SQL syntax; check the manual that corresponds to your MariaDB server version for the right syntax to use near ')' at line 3
in SYSTEMPATH/Database/BaseConnection.php on line 647.
 1 SYSTEMPATH/Database/BaseBuilder.php(1615): CodeIgniter\Database\BaseConnection->query()
 2 SYSTEMPATH/Model.php(237): CodeIgniter\Database\BaseBuilder->get()
 3 SYSTEMPATH/BaseModel.php(624): CodeIgniter\Model->doFindAll()
 4 APPPATH/Controllers/View.php(81): CodeIgniter\BaseModel->findAll()
 5 SYSTEMPATH/CodeIgniter.php(943): App\Controllers\View->getFlashSale()
 6 SYSTEMPATH/CodeIgniter.php(503): CodeIgniter\CodeIgniter->runController()
 7 SYSTEMPATH/CodeIgniter.php(362): CodeIgniter\CodeIgniter->handleRequest()
 8 FCPATH/index.php(79): CodeIgniter\CodeIgniter->run()
ERROR - 2024-08-20 22:23:20 --> mysqli_sql_exception: You have an error in your SQL syntax; check the manual that corresponds to your MariaDB server version for the right syntax to use near ')' at line 3 in /home/topupvip/public_html/system/Database/MySQLi/Connection.php:306
Stack trace:
#0 /home/topupvip/public_html/system/Database/MySQLi/Connection.php(306): mysqli->query()
#1 /home/topupvip/public_html/system/Database/BaseConnection.php(693): CodeIgniter\Database\MySQLi\Connection->execute()
#2 /home/topupvip/public_html/system/Database/BaseConnection.php(607): CodeIgniter\Database\BaseConnection->simpleQuery()
#3 /home/topupvip/public_html/system/Database/BaseBuilder.php(1615): CodeIgniter\Database\BaseConnection->query()
#4 /home/topupvip/public_html/system/Model.php(237): CodeIgniter\Database\BaseBuilder->get()
#5 /home/topupvip/public_html/system/BaseModel.php(624): CodeIgniter\Model->doFindAll()
#6 /home/topupvip/public_html/app/Controllers/View.php(81): CodeIgniter\BaseModel->findAll()
#7 /home/topupvip/public_html/system/CodeIgniter.php(943): App\Controllers\View->getFlashSale()
#8 /home/topupvip/public_html/system/CodeIgniter.php(503): CodeIgniter\CodeIgniter->runController()
#9 /home/topupvip/public_html/system/CodeIgniter.php(362): CodeIgniter\CodeIgniter->handleRequest()
#10 /home/topupvip/public_html/index.php(79): CodeIgniter\CodeIgniter->run()
#11 {main}
CRITICAL - 2024-08-20 22:23:20 --> You have an error in your SQL syntax; check the manual that corresponds to your MariaDB server version for the right syntax to use near ')' at line 3
in SYSTEMPATH/Database/BaseConnection.php on line 647.
 1 SYSTEMPATH/Database/BaseBuilder.php(1615): CodeIgniter\Database\BaseConnection->query()
 2 SYSTEMPATH/Model.php(237): CodeIgniter\Database\BaseBuilder->get()
 3 SYSTEMPATH/BaseModel.php(624): CodeIgniter\Model->doFindAll()
 4 APPPATH/Controllers/View.php(81): CodeIgniter\BaseModel->findAll()
 5 SYSTEMPATH/CodeIgniter.php(943): App\Controllers\View->getFlashSale()
 6 SYSTEMPATH/CodeIgniter.php(503): CodeIgniter\CodeIgniter->runController()
 7 SYSTEMPATH/CodeIgniter.php(362): CodeIgniter\CodeIgniter->handleRequest()
 8 FCPATH/index.php(79): CodeIgniter\CodeIgniter->run()
