CRITICAL - 2024-05-04 01:03:56 --> Undefined variable $g
in APPPATH/Views/service.php on line 25.
 1 APPPATH/Views/service.php(25): CodeIgniter\Debug\Exceptions->errorHandler(2, 'Undefined variable $g', '/storage/emulated/0/ksweb/tools/phpMyAdmin/x-tema1/app/Views/service.php', 25)
 2 SYSTEMPATH/View/View.php(228): include('/storage/emulated/0/ksweb/tools/phpMyAdmin/x-tema1/app/Views/service.php')
 3 SYSTEMPATH/View/View.php(231): CodeIgniter\View\View->CodeIgniter\View\{closure}()
 4 SYSTEMPATH/Common.php(1190): CodeIgniter\View\View->render('service', [], true)
 5 APPPATH/Controllers/View.php(419): view('service', [...])
 6 SYSTEMPATH/CodeIgniter.php(942): App\Controllers\View->service()
 7 SYSTEMPATH/CodeIgniter.php(502): CodeIgniter\CodeIgniter->runController(Object(App\Controllers\View))
 8 SYSTEMPATH/CodeIgniter.php(361): CodeIgniter\CodeIgniter->handleRequest(null, Object(Config\Cache), false)
 9 FCPATH/index.php(79): CodeIgniter\CodeIgniter->run()
CRITICAL - 2024-05-04 01:04:08 --> Undefined array key "brand"
in APPPATH/Views/service.php on line 25.
 1 APPPATH/Views/service.php(25): CodeIgniter\Debug\Exceptions->errorHandler(2, 'Undefined array key "brand"', '/storage/emulated/0/ksweb/tools/phpMyAdmin/x-tema1/app/Views/service.php', 25)
 2 SYSTEMPATH/View/View.php(228): include('/storage/emulated/0/ksweb/tools/phpMyAdmin/x-tema1/app/Views/service.php')
 3 SYSTEMPATH/View/View.php(231): CodeIgniter\View\View->CodeIgniter\View\{closure}()
 4 SYSTEMPATH/Common.php(1190): CodeIgniter\View\View->render('service', [], true)
 5 APPPATH/Controllers/View.php(419): view('service', [...])
 6 SYSTEMPATH/CodeIgniter.php(942): App\Controllers\View->service()
 7 SYSTEMPATH/CodeIgniter.php(502): CodeIgniter\CodeIgniter->runController(Object(App\Controllers\View))
 8 SYSTEMPATH/CodeIgniter.php(361): CodeIgniter\CodeIgniter->handleRequest(null, Object(Config\Cache), false)
 9 FCPATH/index.php(79): CodeIgniter\CodeIgniter->run()
CRITICAL - 2024-05-04 01:05:55 --> Undefined array key "brand"
in APPPATH/Views/service.php on line 26.
 1 APPPATH/Views/service.php(26): CodeIgniter\Debug\Exceptions->errorHandler(2, 'Undefined array key "brand"', '/storage/emulated/0/ksweb/tools/phpMyAdmin/x-tema1/app/Views/service.php', 26)
 2 SYSTEMPATH/View/View.php(228): include('/storage/emulated/0/ksweb/tools/phpMyAdmin/x-tema1/app/Views/service.php')
 3 SYSTEMPATH/View/View.php(231): CodeIgniter\View\View->CodeIgniter\View\{closure}()
 4 SYSTEMPATH/Common.php(1190): CodeIgniter\View\View->render('service', [], true)
 5 APPPATH/Controllers/View.php(419): view('service', [...])
 6 SYSTEMPATH/CodeIgniter.php(942): App\Controllers\View->service()
 7 SYSTEMPATH/CodeIgniter.php(502): CodeIgniter\CodeIgniter->runController(Object(App\Controllers\View))
 8 SYSTEMPATH/CodeIgniter.php(361): CodeIgniter\CodeIgniter->handleRequest(null, Object(Config\Cache), false)
 9 FCPATH/index.php(79): CodeIgniter\CodeIgniter->run()
CRITICAL - 2024-05-04 01:06:07 --> Undefined array key "brand"
in APPPATH/Views/service.php on line 26.
 1 APPPATH/Views/service.php(26): CodeIgniter\Debug\Exceptions->errorHandler(2, 'Undefined array key "brand"', '/storage/emulated/0/ksweb/tools/phpMyAdmin/x-tema1/app/Views/service.php', 26)
 2 SYSTEMPATH/View/View.php(228): include('/storage/emulated/0/ksweb/tools/phpMyAdmin/x-tema1/app/Views/service.php')
 3 SYSTEMPATH/View/View.php(231): CodeIgniter\View\View->CodeIgniter\View\{closure}()
 4 SYSTEMPATH/Common.php(1190): CodeIgniter\View\View->render('service', [], true)
 5 APPPATH/Controllers/View.php(419): view('service', [...])
 6 SYSTEMPATH/CodeIgniter.php(942): App\Controllers\View->service()
 7 SYSTEMPATH/CodeIgniter.php(502): CodeIgniter\CodeIgniter->runController(Object(App\Controllers\View))
 8 SYSTEMPATH/CodeIgniter.php(361): CodeIgniter\CodeIgniter->handleRequest(null, Object(Config\Cache), false)
 9 FCPATH/index.php(79): CodeIgniter\CodeIgniter->run()
