CRITICAL - 2024-05-02 14:03:10 --> Undefined property: stdClass::$emailJoki
in APPPATH/Controllers/Order.php on line 108.
 1 APPPATH/Controllers/Order.php(108): CodeIgniter\Debug\Exceptions->errorHandler(2, 'Undefined property: stdClass::$emailJoki', '/storage/emulated/0/ksweb/tools/phpMyAdmin/x-tema1/app/Controllers/Order.php', 108)
 2 SYSTEMPATH/CodeIgniter.php(942): App\Controllers\Order->payment()
 3 SYSTEMPATH/CodeIgniter.php(502): CodeIgniter\CodeIgniter->runController(Object(App\Controllers\Order))
 4 SYSTEMPATH/CodeIgniter.php(361): CodeIgniter\CodeIgniter->handleRequest(null, Object(Config\Cache), false)
 5 FCPATH/index.php(79): CodeIgniter\CodeIgniter->run()
CRITICAL - 2024-05-02 14:03:18 --> Undefined property: stdClass::$emailJoki
in APPPATH/Controllers/Order.php on line 108.
 1 APPPATH/Controllers/Order.php(108): CodeIgniter\Debug\Exceptions->errorHandler(2, 'Undefined property: stdClass::$emailJoki', '/storage/emulated/0/ksweb/tools/phpMyAdmin/x-tema1/app/Controllers/Order.php', 108)
 2 SYSTEMPATH/CodeIgniter.php(942): App\Controllers\Order->payment()
 3 SYSTEMPATH/CodeIgniter.php(502): CodeIgniter\CodeIgniter->runController(Object(App\Controllers\Order))
 4 SYSTEMPATH/CodeIgniter.php(361): CodeIgniter\CodeIgniter->handleRequest(null, Object(Config\Cache), false)
 5 FCPATH/index.php(79): CodeIgniter\CodeIgniter->run()
CRITICAL - 2024-05-02 14:03:32 --> Undefined property: stdClass::$emailJoki
in APPPATH/Controllers/Order.php on line 108.
 1 APPPATH/Controllers/Order.php(108): CodeIgniter\Debug\Exceptions->errorHandler(2, 'Undefined property: stdClass::$emailJoki', '/storage/emulated/0/ksweb/tools/phpMyAdmin/x-tema1/app/Controllers/Order.php', 108)
 2 SYSTEMPATH/CodeIgniter.php(942): App\Controllers\Order->payment()
 3 SYSTEMPATH/CodeIgniter.php(502): CodeIgniter\CodeIgniter->runController(Object(App\Controllers\Order))
 4 SYSTEMPATH/CodeIgniter.php(361): CodeIgniter\CodeIgniter->handleRequest(null, Object(Config\Cache), false)
 5 FCPATH/index.php(79): CodeIgniter\CodeIgniter->run()
CRITICAL - 2024-05-02 14:06:49 --> Undefined property: stdClass::$emailJoki
in APPPATH/Controllers/Order.php on line 108.
 1 APPPATH/Controllers/Order.php(108): CodeIgniter\Debug\Exceptions->errorHandler(2, 'Undefined property: stdClass::$emailJoki', '/storage/emulated/0/ksweb/tools/phpMyAdmin/x-tema1/app/Controllers/Order.php', 108)
 2 SYSTEMPATH/CodeIgniter.php(942): App\Controllers\Order->payment()
 3 SYSTEMPATH/CodeIgniter.php(502): CodeIgniter\CodeIgniter->runController(Object(App\Controllers\Order))
 4 SYSTEMPATH/CodeIgniter.php(361): CodeIgniter\CodeIgniter->handleRequest(null, Object(Config\Cache), false)
 5 FCPATH/index.php(79): CodeIgniter\CodeIgniter->run()
CRITICAL - 2024-05-02 14:07:11 --> Undefined property: stdClass::$emailJoki
in APPPATH/Controllers/Order.php on line 108.
 1 APPPATH/Controllers/Order.php(108): CodeIgniter\Debug\Exceptions->errorHandler(2, 'Undefined property: stdClass::$emailJoki', '/storage/emulated/0/ksweb/tools/phpMyAdmin/x-tema1/app/Controllers/Order.php', 108)
 2 SYSTEMPATH/CodeIgniter.php(942): App\Controllers\Order->payment()
 3 SYSTEMPATH/CodeIgniter.php(502): CodeIgniter\CodeIgniter->runController(Object(App\Controllers\Order))
 4 SYSTEMPATH/CodeIgniter.php(361): CodeIgniter\CodeIgniter->handleRequest(null, Object(Config\Cache), false)
 5 FCPATH/index.php(79): CodeIgniter\CodeIgniter->run()
CRITICAL - 2024-05-02 14:08:33 --> Undefined property: stdClass::$emailJoki
in APPPATH/Controllers/Order.php on line 108.
 1 APPPATH/Controllers/Order.php(108): CodeIgniter\Debug\Exceptions->errorHandler(2, 'Undefined property: stdClass::$emailJoki', '/storage/emulated/0/ksweb/tools/phpMyAdmin/x-tema1/app/Controllers/Order.php', 108)
 2 SYSTEMPATH/CodeIgniter.php(942): App\Controllers\Order->payment()
 3 SYSTEMPATH/CodeIgniter.php(502): CodeIgniter\CodeIgniter->runController(Object(App\Controllers\Order))
 4 SYSTEMPATH/CodeIgniter.php(361): CodeIgniter\CodeIgniter->handleRequest(null, Object(Config\Cache), false)
 5 FCPATH/index.php(79): CodeIgniter\CodeIgniter->run()
CRITICAL - 2024-05-02 14:09:23 --> Undefined property: stdClass::$emailJoki
in APPPATH/Controllers/Order.php on line 108.
 1 APPPATH/Controllers/Order.php(108): CodeIgniter\Debug\Exceptions->errorHandler(2, 'Undefined property: stdClass::$emailJoki', '/storage/emulated/0/ksweb/tools/phpMyAdmin/x-tema1/app/Controllers/Order.php', 108)
 2 SYSTEMPATH/CodeIgniter.php(942): App\Controllers\Order->payment()
 3 SYSTEMPATH/CodeIgniter.php(502): CodeIgniter\CodeIgniter->runController(Object(App\Controllers\Order))
 4 SYSTEMPATH/CodeIgniter.php(361): CodeIgniter\CodeIgniter->handleRequest(null, Object(Config\Cache), false)
 5 FCPATH/index.php(79): CodeIgniter\CodeIgniter->run()
CRITICAL - 2024-05-02 14:13:48 --> Undefined property: stdClass::$emailJoki
in APPPATH/Controllers/Order.php on line 108.
 1 APPPATH/Controllers/Order.php(108): CodeIgniter\Debug\Exceptions->errorHandler(2, 'Undefined property: stdClass::$emailJoki', '/storage/emulated/0/ksweb/tools/phpMyAdmin/x-tema1/app/Controllers/Order.php', 108)
 2 SYSTEMPATH/CodeIgniter.php(942): App\Controllers\Order->payment()
 3 SYSTEMPATH/CodeIgniter.php(502): CodeIgniter\CodeIgniter->runController(Object(App\Controllers\Order))
 4 SYSTEMPATH/CodeIgniter.php(361): CodeIgniter\CodeIgniter->handleRequest(null, Object(Config\Cache), false)
 5 FCPATH/index.php(79): CodeIgniter\CodeIgniter->run()
CRITICAL - 2024-05-02 14:18:12 --> Undefined property: stdClass::$emailJoki
in APPPATH/Controllers/Order.php on line 108.
 1 APPPATH/Controllers/Order.php(108): CodeIgniter\Debug\Exceptions->errorHandler(2, 'Undefined property: stdClass::$emailJoki', '/storage/emulated/0/ksweb/tools/phpMyAdmin/x-tema1/app/Controllers/Order.php', 108)
 2 SYSTEMPATH/CodeIgniter.php(942): App\Controllers\Order->payment()
 3 SYSTEMPATH/CodeIgniter.php(502): CodeIgniter\CodeIgniter->runController(Object(App\Controllers\Order))
 4 SYSTEMPATH/CodeIgniter.php(361): CodeIgniter\CodeIgniter->handleRequest(null, Object(Config\Cache), false)
 5 FCPATH/index.php(79): CodeIgniter\CodeIgniter->run()
CRITICAL - 2024-05-02 15:48:19 --> Undefined variable $data
in APPPATH/Controllers/Sistem/Sistem.php on line 555.
 1 APPPATH/Controllers/Sistem/Sistem.php(555): CodeIgniter\Debug\Exceptions->errorHandler(2, 'Undefined variable $data', '/storage/emulated/0/ksweb/tools/phpMyAdmin/x-tema1/app/Controllers/Sistem/Sistem.php', 555)
 2 SYSTEMPATH/CodeIgniter.php(942): App\Controllers\Sistem\Sistem->getProdukVcg()
 3 SYSTEMPATH/CodeIgniter.php(502): CodeIgniter\CodeIgniter->runController(Object(App\Controllers\Sistem\Sistem))
 4 SYSTEMPATH/CodeIgniter.php(361): CodeIgniter\CodeIgniter->handleRequest(null, Object(Config\Cache), false)
 5 FCPATH/index.php(79): CodeIgniter\CodeIgniter->run()
