ERROR - 2024-06-27 01:01:48 --> mysqli_sql_exception: You have an error in your SQL syntax; check the manual that corresponds to your MariaDB server version for the right syntax to use near ')' at line 3 in /home/topupvip/public_html/system/Database/MySQLi/Connection.php:306
Stack trace:
#0 /home/topupvip/public_html/system/Database/MySQLi/Connection.php(306): mysqli->query('SELECT *\nFROM `...', 0)
#1 /home/topupvip/public_html/system/Database/BaseConnection.php(693): CodeIgniter\Database\MySQLi\Connection->execute('SELECT *\nFROM `...')
#2 /home/topupvip/public_html/system/Database/BaseConnection.php(607): CodeIgniter\Database\BaseConnection->simpleQuery('SELECT *\nFROM `...')
#3 /home/topupvip/public_html/system/Database/BaseBuilder.php(1615): CodeIgniter\Database\BaseConnection->query('SELECT *\nFROM `...', Array, false)
#4 /home/topupvip/public_html/system/Model.php(237): CodeIgniter\Database\BaseBuilder->get()
#5 /home/topupvip/public_html/system/BaseModel.php(624): CodeIgniter\Model->doFindAll(0, 0)
#6 /home/topupvip/public_html/app/Controllers/View.php(80): CodeIgniter\BaseModel->findAll()
#7 /home/topupvip/public_html/system/CodeIgniter.php(943): App\Controllers\View->getFlashSale()
#8 /home/topupvip/public_html/system/CodeIgniter.php(503): CodeIgniter\CodeIgniter->runController(Object(App\Controllers\View))
#9 /home/topupvip/public_html/system/CodeIgniter.php(362): CodeIgniter\CodeIgniter->handleRequest(NULL, Object(Config\Cache), false)
#10 /home/topupvip/public_html/index.php(79): CodeIgniter\CodeIgniter->run()
#11 {main}
CRITICAL - 2024-06-27 01:01:48 --> You have an error in your SQL syntax; check the manual that corresponds to your MariaDB server version for the right syntax to use near ')' at line 3
in SYSTEMPATH/Database/BaseConnection.php on line 647.
 1 SYSTEMPATH/Database/BaseBuilder.php(1615): CodeIgniter\Database\BaseConnection->query('SELECT *
FROM `games`
WHERE `brand` IN :brand:', [...], false)
 2 SYSTEMPATH/Model.php(237): CodeIgniter\Database\BaseBuilder->get()
 3 SYSTEMPATH/BaseModel.php(624): CodeIgniter\Model->doFindAll(0, 0)
 4 APPPATH/Controllers/View.php(80): CodeIgniter\BaseModel->findAll()
 5 SYSTEMPATH/CodeIgniter.php(943): App\Controllers\View->getFlashSale()
 6 SYSTEMPATH/CodeIgniter.php(503): CodeIgniter\CodeIgniter->runController(Object(App\Controllers\View))
 7 SYSTEMPATH/CodeIgniter.php(362): CodeIgniter\CodeIgniter->handleRequest(null, Object(Config\Cache), false)
 8 FCPATH/index.php(79): CodeIgniter\CodeIgniter->run()
ERROR - 2024-06-27 01:01:52 --> mysqli_sql_exception: You have an error in your SQL syntax; check the manual that corresponds to your MariaDB server version for the right syntax to use near ')' at line 3 in /home/topupvip/public_html/system/Database/MySQLi/Connection.php:306
Stack trace:
#0 /home/topupvip/public_html/system/Database/MySQLi/Connection.php(306): mysqli->query('SELECT *\nFROM `...', 0)
#1 /home/topupvip/public_html/system/Database/BaseConnection.php(693): CodeIgniter\Database\MySQLi\Connection->execute('SELECT *\nFROM `...')
#2 /home/topupvip/public_html/system/Database/BaseConnection.php(607): CodeIgniter\Database\BaseConnection->simpleQuery('SELECT *\nFROM `...')
#3 /home/topupvip/public_html/system/Database/BaseBuilder.php(1615): CodeIgniter\Database\BaseConnection->query('SELECT *\nFROM `...', Array, false)
#4 /home/topupvip/public_html/system/Model.php(237): CodeIgniter\Database\BaseBuilder->get()
#5 /home/topupvip/public_html/system/BaseModel.php(624): CodeIgniter\Model->doFindAll(0, 0)
#6 /home/topupvip/public_html/app/Controllers/View.php(80): CodeIgniter\BaseModel->findAll()
#7 /home/topupvip/public_html/system/CodeIgniter.php(943): App\Controllers\View->getFlashSale()
#8 /home/topupvip/public_html/system/CodeIgniter.php(503): CodeIgniter\CodeIgniter->runController(Object(App\Controllers\View))
#9 /home/topupvip/public_html/system/CodeIgniter.php(362): CodeIgniter\CodeIgniter->handleRequest(NULL, Object(Config\Cache), false)
#10 /home/topupvip/public_html/index.php(79): CodeIgniter\CodeIgniter->run()
#11 {main}
CRITICAL - 2024-06-27 01:01:52 --> You have an error in your SQL syntax; check the manual that corresponds to your MariaDB server version for the right syntax to use near ')' at line 3
in SYSTEMPATH/Database/BaseConnection.php on line 647.
 1 SYSTEMPATH/Database/BaseBuilder.php(1615): CodeIgniter\Database\BaseConnection->query('SELECT *
FROM `games`
WHERE `brand` IN :brand:', [...], false)
 2 SYSTEMPATH/Model.php(237): CodeIgniter\Database\BaseBuilder->get()
 3 SYSTEMPATH/BaseModel.php(624): CodeIgniter\Model->doFindAll(0, 0)
 4 APPPATH/Controllers/View.php(80): CodeIgniter\BaseModel->findAll()
 5 SYSTEMPATH/CodeIgniter.php(943): App\Controllers\View->getFlashSale()
 6 SYSTEMPATH/CodeIgniter.php(503): CodeIgniter\CodeIgniter->runController(Object(App\Controllers\View))
 7 SYSTEMPATH/CodeIgniter.php(362): CodeIgniter\CodeIgniter->handleRequest(null, Object(Config\Cache), false)
 8 FCPATH/index.php(79): CodeIgniter\CodeIgniter->run()
ERROR - 2024-06-27 01:02:42 --> mysqli_sql_exception: You have an error in your SQL syntax; check the manual that corresponds to your MariaDB server version for the right syntax to use near ')' at line 3 in /home/topupvip/public_html/system/Database/MySQLi/Connection.php:306
Stack trace:
#0 /home/topupvip/public_html/system/Database/MySQLi/Connection.php(306): mysqli->query('SELECT *\nFROM `...', 0)
#1 /home/topupvip/public_html/system/Database/BaseConnection.php(693): CodeIgniter\Database\MySQLi\Connection->execute('SELECT *\nFROM `...')
#2 /home/topupvip/public_html/system/Database/BaseConnection.php(607): CodeIgniter\Database\BaseConnection->simpleQuery('SELECT *\nFROM `...')
#3 /home/topupvip/public_html/system/Database/BaseBuilder.php(1615): CodeIgniter\Database\BaseConnection->query('SELECT *\nFROM `...', Array, false)
#4 /home/topupvip/public_html/system/Model.php(237): CodeIgniter\Database\BaseBuilder->get()
#5 /home/topupvip/public_html/system/BaseModel.php(624): CodeIgniter\Model->doFindAll(0, 0)
#6 /home/topupvip/public_html/app/Controllers/View.php(80): CodeIgniter\BaseModel->findAll()
#7 /home/topupvip/public_html/system/CodeIgniter.php(943): App\Controllers\View->getFlashSale()
#8 /home/topupvip/public_html/system/CodeIgniter.php(503): CodeIgniter\CodeIgniter->runController(Object(App\Controllers\View))
#9 /home/topupvip/public_html/system/CodeIgniter.php(362): CodeIgniter\CodeIgniter->handleRequest(NULL, Object(Config\Cache), false)
#10 /home/topupvip/public_html/index.php(79): CodeIgniter\CodeIgniter->run()
#11 {main}
CRITICAL - 2024-06-27 01:02:42 --> You have an error in your SQL syntax; check the manual that corresponds to your MariaDB server version for the right syntax to use near ')' at line 3
in SYSTEMPATH/Database/BaseConnection.php on line 647.
 1 SYSTEMPATH/Database/BaseBuilder.php(1615): CodeIgniter\Database\BaseConnection->query('SELECT *
FROM `games`
WHERE `brand` IN :brand:', [...], false)
 2 SYSTEMPATH/Model.php(237): CodeIgniter\Database\BaseBuilder->get()
 3 SYSTEMPATH/BaseModel.php(624): CodeIgniter\Model->doFindAll(0, 0)
 4 APPPATH/Controllers/View.php(80): CodeIgniter\BaseModel->findAll()
 5 SYSTEMPATH/CodeIgniter.php(943): App\Controllers\View->getFlashSale()
 6 SYSTEMPATH/CodeIgniter.php(503): CodeIgniter\CodeIgniter->runController(Object(App\Controllers\View))
 7 SYSTEMPATH/CodeIgniter.php(362): CodeIgniter\CodeIgniter->handleRequest(null, Object(Config\Cache), false)
 8 FCPATH/index.php(79): CodeIgniter\CodeIgniter->run()
ERROR - 2024-06-27 06:12:30 --> mysqli_sql_exception: You have an error in your SQL syntax; check the manual that corresponds to your MariaDB server version for the right syntax to use near ')' at line 3 in /home/topupvip/public_html/system/Database/MySQLi/Connection.php:306
Stack trace:
#0 /home/topupvip/public_html/system/Database/MySQLi/Connection.php(306): mysqli->query('SELECT *\nFROM `...', 0)
#1 /home/topupvip/public_html/system/Database/BaseConnection.php(693): CodeIgniter\Database\MySQLi\Connection->execute('SELECT *\nFROM `...')
#2 /home/topupvip/public_html/system/Database/BaseConnection.php(607): CodeIgniter\Database\BaseConnection->simpleQuery('SELECT *\nFROM `...')
#3 /home/topupvip/public_html/system/Database/BaseBuilder.php(1615): CodeIgniter\Database\BaseConnection->query('SELECT *\nFROM `...', Array, false)
#4 /home/topupvip/public_html/system/Model.php(237): CodeIgniter\Database\BaseBuilder->get()
#5 /home/topupvip/public_html/system/BaseModel.php(624): CodeIgniter\Model->doFindAll(0, 0)
#6 /home/topupvip/public_html/app/Controllers/View.php(80): CodeIgniter\BaseModel->findAll()
#7 /home/topupvip/public_html/system/CodeIgniter.php(943): App\Controllers\View->getFlashSale()
#8 /home/topupvip/public_html/system/CodeIgniter.php(503): CodeIgniter\CodeIgniter->runController(Object(App\Controllers\View))
#9 /home/topupvip/public_html/system/CodeIgniter.php(362): CodeIgniter\CodeIgniter->handleRequest(NULL, Object(Config\Cache), false)
#10 /home/topupvip/public_html/index.php(79): CodeIgniter\CodeIgniter->run()
#11 {main}
CRITICAL - 2024-06-27 06:12:30 --> You have an error in your SQL syntax; check the manual that corresponds to your MariaDB server version for the right syntax to use near ')' at line 3
in SYSTEMPATH/Database/BaseConnection.php on line 647.
 1 SYSTEMPATH/Database/BaseBuilder.php(1615): CodeIgniter\Database\BaseConnection->query('SELECT *
FROM `games`
WHERE `brand` IN :brand:', [...], false)
 2 SYSTEMPATH/Model.php(237): CodeIgniter\Database\BaseBuilder->get()
 3 SYSTEMPATH/BaseModel.php(624): CodeIgniter\Model->doFindAll(0, 0)
 4 APPPATH/Controllers/View.php(80): CodeIgniter\BaseModel->findAll()
 5 SYSTEMPATH/CodeIgniter.php(943): App\Controllers\View->getFlashSale()
 6 SYSTEMPATH/CodeIgniter.php(503): CodeIgniter\CodeIgniter->runController(Object(App\Controllers\View))
 7 SYSTEMPATH/CodeIgniter.php(362): CodeIgniter\CodeIgniter->handleRequest(null, Object(Config\Cache), false)
 8 FCPATH/index.php(79): CodeIgniter\CodeIgniter->run()
ERROR - 2024-06-27 09:47:51 --> mysqli_sql_exception: You have an error in your SQL syntax; check the manual that corresponds to your MariaDB server version for the right syntax to use near ')' at line 3 in /home/topupvip/public_html/system/Database/MySQLi/Connection.php:306
Stack trace:
#0 /home/topupvip/public_html/system/Database/MySQLi/Connection.php(306): mysqli->query('SELECT *\nFROM `...', 0)
#1 /home/topupvip/public_html/system/Database/BaseConnection.php(693): CodeIgniter\Database\MySQLi\Connection->execute('SELECT *\nFROM `...')
#2 /home/topupvip/public_html/system/Database/BaseConnection.php(607): CodeIgniter\Database\BaseConnection->simpleQuery('SELECT *\nFROM `...')
#3 /home/topupvip/public_html/system/Database/BaseBuilder.php(1615): CodeIgniter\Database\BaseConnection->query('SELECT *\nFROM `...', Array, false)
#4 /home/topupvip/public_html/system/Model.php(237): CodeIgniter\Database\BaseBuilder->get()
#5 /home/topupvip/public_html/system/BaseModel.php(624): CodeIgniter\Model->doFindAll(0, 0)
#6 /home/topupvip/public_html/app/Controllers/View.php(80): CodeIgniter\BaseModel->findAll()
#7 /home/topupvip/public_html/system/CodeIgniter.php(943): App\Controllers\View->getFlashSale()
#8 /home/topupvip/public_html/system/CodeIgniter.php(503): CodeIgniter\CodeIgniter->runController(Object(App\Controllers\View))
#9 /home/topupvip/public_html/system/CodeIgniter.php(362): CodeIgniter\CodeIgniter->handleRequest(NULL, Object(Config\Cache), false)
#10 /home/topupvip/public_html/index.php(79): CodeIgniter\CodeIgniter->run()
#11 {main}
CRITICAL - 2024-06-27 09:47:51 --> You have an error in your SQL syntax; check the manual that corresponds to your MariaDB server version for the right syntax to use near ')' at line 3
in SYSTEMPATH/Database/BaseConnection.php on line 647.
 1 SYSTEMPATH/Database/BaseBuilder.php(1615): CodeIgniter\Database\BaseConnection->query('SELECT *
FROM `games`
WHERE `brand` IN :brand:', [...], false)
 2 SYSTEMPATH/Model.php(237): CodeIgniter\Database\BaseBuilder->get()
 3 SYSTEMPATH/BaseModel.php(624): CodeIgniter\Model->doFindAll(0, 0)
 4 APPPATH/Controllers/View.php(80): CodeIgniter\BaseModel->findAll()
 5 SYSTEMPATH/CodeIgniter.php(943): App\Controllers\View->getFlashSale()
 6 SYSTEMPATH/CodeIgniter.php(503): CodeIgniter\CodeIgniter->runController(Object(App\Controllers\View))
 7 SYSTEMPATH/CodeIgniter.php(362): CodeIgniter\CodeIgniter->handleRequest(null, Object(Config\Cache), false)
 8 FCPATH/index.php(79): CodeIgniter\CodeIgniter->run()
ERROR - 2024-06-27 09:48:14 --> mysqli_sql_exception: You have an error in your SQL syntax; check the manual that corresponds to your MariaDB server version for the right syntax to use near ')' at line 3 in /home/topupvip/public_html/system/Database/MySQLi/Connection.php:306
Stack trace:
#0 /home/topupvip/public_html/system/Database/MySQLi/Connection.php(306): mysqli->query('SELECT *\nFROM `...', 0)
#1 /home/topupvip/public_html/system/Database/BaseConnection.php(693): CodeIgniter\Database\MySQLi\Connection->execute('SELECT *\nFROM `...')
#2 /home/topupvip/public_html/system/Database/BaseConnection.php(607): CodeIgniter\Database\BaseConnection->simpleQuery('SELECT *\nFROM `...')
#3 /home/topupvip/public_html/system/Database/BaseBuilder.php(1615): CodeIgniter\Database\BaseConnection->query('SELECT *\nFROM `...', Array, false)
#4 /home/topupvip/public_html/system/Model.php(237): CodeIgniter\Database\BaseBuilder->get()
#5 /home/topupvip/public_html/system/BaseModel.php(624): CodeIgniter\Model->doFindAll(0, 0)
#6 /home/topupvip/public_html/app/Controllers/View.php(80): CodeIgniter\BaseModel->findAll()
#7 /home/topupvip/public_html/system/CodeIgniter.php(943): App\Controllers\View->getFlashSale()
#8 /home/topupvip/public_html/system/CodeIgniter.php(503): CodeIgniter\CodeIgniter->runController(Object(App\Controllers\View))
#9 /home/topupvip/public_html/system/CodeIgniter.php(362): CodeIgniter\CodeIgniter->handleRequest(NULL, Object(Config\Cache), false)
#10 /home/topupvip/public_html/index.php(79): CodeIgniter\CodeIgniter->run()
#11 {main}
CRITICAL - 2024-06-27 09:48:14 --> You have an error in your SQL syntax; check the manual that corresponds to your MariaDB server version for the right syntax to use near ')' at line 3
in SYSTEMPATH/Database/BaseConnection.php on line 647.
 1 SYSTEMPATH/Database/BaseBuilder.php(1615): CodeIgniter\Database\BaseConnection->query('SELECT *
FROM `games`
WHERE `brand` IN :brand:', [...], false)
 2 SYSTEMPATH/Model.php(237): CodeIgniter\Database\BaseBuilder->get()
 3 SYSTEMPATH/BaseModel.php(624): CodeIgniter\Model->doFindAll(0, 0)
 4 APPPATH/Controllers/View.php(80): CodeIgniter\BaseModel->findAll()
 5 SYSTEMPATH/CodeIgniter.php(943): App\Controllers\View->getFlashSale()
 6 SYSTEMPATH/CodeIgniter.php(503): CodeIgniter\CodeIgniter->runController(Object(App\Controllers\View))
 7 SYSTEMPATH/CodeIgniter.php(362): CodeIgniter\CodeIgniter->handleRequest(null, Object(Config\Cache), false)
 8 FCPATH/index.php(79): CodeIgniter\CodeIgniter->run()
ERROR - 2024-06-27 09:50:28 --> mysqli_sql_exception: You have an error in your SQL syntax; check the manual that corresponds to your MariaDB server version for the right syntax to use near ')' at line 3 in /home/topupvip/public_html/system/Database/MySQLi/Connection.php:306
Stack trace:
#0 /home/topupvip/public_html/system/Database/MySQLi/Connection.php(306): mysqli->query('SELECT *\nFROM `...', 0)
#1 /home/topupvip/public_html/system/Database/BaseConnection.php(693): CodeIgniter\Database\MySQLi\Connection->execute('SELECT *\nFROM `...')
#2 /home/topupvip/public_html/system/Database/BaseConnection.php(607): CodeIgniter\Database\BaseConnection->simpleQuery('SELECT *\nFROM `...')
#3 /home/topupvip/public_html/system/Database/BaseBuilder.php(1615): CodeIgniter\Database\BaseConnection->query('SELECT *\nFROM `...', Array, false)
#4 /home/topupvip/public_html/system/Model.php(237): CodeIgniter\Database\BaseBuilder->get()
#5 /home/topupvip/public_html/system/BaseModel.php(624): CodeIgniter\Model->doFindAll(0, 0)
#6 /home/topupvip/public_html/app/Controllers/View.php(80): CodeIgniter\BaseModel->findAll()
#7 /home/topupvip/public_html/system/CodeIgniter.php(943): App\Controllers\View->getFlashSale()
#8 /home/topupvip/public_html/system/CodeIgniter.php(503): CodeIgniter\CodeIgniter->runController(Object(App\Controllers\View))
#9 /home/topupvip/public_html/system/CodeIgniter.php(362): CodeIgniter\CodeIgniter->handleRequest(NULL, Object(Config\Cache), false)
#10 /home/topupvip/public_html/index.php(79): CodeIgniter\CodeIgniter->run()
#11 {main}
CRITICAL - 2024-06-27 09:50:28 --> You have an error in your SQL syntax; check the manual that corresponds to your MariaDB server version for the right syntax to use near ')' at line 3
in SYSTEMPATH/Database/BaseConnection.php on line 647.
 1 SYSTEMPATH/Database/BaseBuilder.php(1615): CodeIgniter\Database\BaseConnection->query('SELECT *
FROM `games`
WHERE `brand` IN :brand:', [...], false)
 2 SYSTEMPATH/Model.php(237): CodeIgniter\Database\BaseBuilder->get()
 3 SYSTEMPATH/BaseModel.php(624): CodeIgniter\Model->doFindAll(0, 0)
 4 APPPATH/Controllers/View.php(80): CodeIgniter\BaseModel->findAll()
 5 SYSTEMPATH/CodeIgniter.php(943): App\Controllers\View->getFlashSale()
 6 SYSTEMPATH/CodeIgniter.php(503): CodeIgniter\CodeIgniter->runController(Object(App\Controllers\View))
 7 SYSTEMPATH/CodeIgniter.php(362): CodeIgniter\CodeIgniter->handleRequest(null, Object(Config\Cache), false)
 8 FCPATH/index.php(79): CodeIgniter\CodeIgniter->run()
ERROR - 2024-06-27 09:50:31 --> mysqli_sql_exception: You have an error in your SQL syntax; check the manual that corresponds to your MariaDB server version for the right syntax to use near ')' at line 3 in /home/topupvip/public_html/system/Database/MySQLi/Connection.php:306
Stack trace:
#0 /home/topupvip/public_html/system/Database/MySQLi/Connection.php(306): mysqli->query('SELECT *\nFROM `...', 0)
#1 /home/topupvip/public_html/system/Database/BaseConnection.php(693): CodeIgniter\Database\MySQLi\Connection->execute('SELECT *\nFROM `...')
#2 /home/topupvip/public_html/system/Database/BaseConnection.php(607): CodeIgniter\Database\BaseConnection->simpleQuery('SELECT *\nFROM `...')
#3 /home/topupvip/public_html/system/Database/BaseBuilder.php(1615): CodeIgniter\Database\BaseConnection->query('SELECT *\nFROM `...', Array, false)
#4 /home/topupvip/public_html/system/Model.php(237): CodeIgniter\Database\BaseBuilder->get()
#5 /home/topupvip/public_html/system/BaseModel.php(624): CodeIgniter\Model->doFindAll(0, 0)
#6 /home/topupvip/public_html/app/Controllers/View.php(80): CodeIgniter\BaseModel->findAll()
#7 /home/topupvip/public_html/system/CodeIgniter.php(943): App\Controllers\View->getFlashSale()
#8 /home/topupvip/public_html/system/CodeIgniter.php(503): CodeIgniter\CodeIgniter->runController(Object(App\Controllers\View))
#9 /home/topupvip/public_html/system/CodeIgniter.php(362): CodeIgniter\CodeIgniter->handleRequest(NULL, Object(Config\Cache), false)
#10 /home/topupvip/public_html/index.php(79): CodeIgniter\CodeIgniter->run()
#11 {main}
CRITICAL - 2024-06-27 09:50:31 --> You have an error in your SQL syntax; check the manual that corresponds to your MariaDB server version for the right syntax to use near ')' at line 3
in SYSTEMPATH/Database/BaseConnection.php on line 647.
 1 SYSTEMPATH/Database/BaseBuilder.php(1615): CodeIgniter\Database\BaseConnection->query('SELECT *
FROM `games`
WHERE `brand` IN :brand:', [...], false)
 2 SYSTEMPATH/Model.php(237): CodeIgniter\Database\BaseBuilder->get()
 3 SYSTEMPATH/BaseModel.php(624): CodeIgniter\Model->doFindAll(0, 0)
 4 APPPATH/Controllers/View.php(80): CodeIgniter\BaseModel->findAll()
 5 SYSTEMPATH/CodeIgniter.php(943): App\Controllers\View->getFlashSale()
 6 SYSTEMPATH/CodeIgniter.php(503): CodeIgniter\CodeIgniter->runController(Object(App\Controllers\View))
 7 SYSTEMPATH/CodeIgniter.php(362): CodeIgniter\CodeIgniter->handleRequest(null, Object(Config\Cache), false)
 8 FCPATH/index.php(79): CodeIgniter\CodeIgniter->run()
ERROR - 2024-06-27 09:50:40 --> mysqli_sql_exception: You have an error in your SQL syntax; check the manual that corresponds to your MariaDB server version for the right syntax to use near ')' at line 3 in /home/topupvip/public_html/system/Database/MySQLi/Connection.php:306
Stack trace:
#0 /home/topupvip/public_html/system/Database/MySQLi/Connection.php(306): mysqli->query('SELECT *\nFROM `...', 0)
#1 /home/topupvip/public_html/system/Database/BaseConnection.php(693): CodeIgniter\Database\MySQLi\Connection->execute('SELECT *\nFROM `...')
#2 /home/topupvip/public_html/system/Database/BaseConnection.php(607): CodeIgniter\Database\BaseConnection->simpleQuery('SELECT *\nFROM `...')
#3 /home/topupvip/public_html/system/Database/BaseBuilder.php(1615): CodeIgniter\Database\BaseConnection->query('SELECT *\nFROM `...', Array, false)
#4 /home/topupvip/public_html/system/Model.php(237): CodeIgniter\Database\BaseBuilder->get()
#5 /home/topupvip/public_html/system/BaseModel.php(624): CodeIgniter\Model->doFindAll(0, 0)
#6 /home/topupvip/public_html/app/Controllers/View.php(80): CodeIgniter\BaseModel->findAll()
#7 /home/topupvip/public_html/system/CodeIgniter.php(943): App\Controllers\View->getFlashSale()
#8 /home/topupvip/public_html/system/CodeIgniter.php(503): CodeIgniter\CodeIgniter->runController(Object(App\Controllers\View))
#9 /home/topupvip/public_html/system/CodeIgniter.php(362): CodeIgniter\CodeIgniter->handleRequest(NULL, Object(Config\Cache), false)
#10 /home/topupvip/public_html/index.php(79): CodeIgniter\CodeIgniter->run()
#11 {main}
CRITICAL - 2024-06-27 09:50:40 --> You have an error in your SQL syntax; check the manual that corresponds to your MariaDB server version for the right syntax to use near ')' at line 3
in SYSTEMPATH/Database/BaseConnection.php on line 647.
 1 SYSTEMPATH/Database/BaseBuilder.php(1615): CodeIgniter\Database\BaseConnection->query('SELECT *
FROM `games`
WHERE `brand` IN :brand:', [...], false)
 2 SYSTEMPATH/Model.php(237): CodeIgniter\Database\BaseBuilder->get()
 3 SYSTEMPATH/BaseModel.php(624): CodeIgniter\Model->doFindAll(0, 0)
 4 APPPATH/Controllers/View.php(80): CodeIgniter\BaseModel->findAll()
 5 SYSTEMPATH/CodeIgniter.php(943): App\Controllers\View->getFlashSale()
 6 SYSTEMPATH/CodeIgniter.php(503): CodeIgniter\CodeIgniter->runController(Object(App\Controllers\View))
 7 SYSTEMPATH/CodeIgniter.php(362): CodeIgniter\CodeIgniter->handleRequest(null, Object(Config\Cache), false)
 8 FCPATH/index.php(79): CodeIgniter\CodeIgniter->run()
ERROR - 2024-06-27 13:04:36 --> mysqli_sql_exception: You have an error in your SQL syntax; check the manual that corresponds to your MariaDB server version for the right syntax to use near ')' at line 3 in /home/topupvip/public_html/system/Database/MySQLi/Connection.php:306
Stack trace:
#0 /home/topupvip/public_html/system/Database/MySQLi/Connection.php(306): mysqli->query('SELECT *\nFROM `...', 0)
#1 /home/topupvip/public_html/system/Database/BaseConnection.php(693): CodeIgniter\Database\MySQLi\Connection->execute('SELECT *\nFROM `...')
#2 /home/topupvip/public_html/system/Database/BaseConnection.php(607): CodeIgniter\Database\BaseConnection->simpleQuery('SELECT *\nFROM `...')
#3 /home/topupvip/public_html/system/Database/BaseBuilder.php(1615): CodeIgniter\Database\BaseConnection->query('SELECT *\nFROM `...', Array, false)
#4 /home/topupvip/public_html/system/Model.php(237): CodeIgniter\Database\BaseBuilder->get()
#5 /home/topupvip/public_html/system/BaseModel.php(624): CodeIgniter\Model->doFindAll(0, 0)
#6 /home/topupvip/public_html/app/Controllers/View.php(80): CodeIgniter\BaseModel->findAll()
#7 /home/topupvip/public_html/system/CodeIgniter.php(943): App\Controllers\View->getFlashSale()
#8 /home/topupvip/public_html/system/CodeIgniter.php(503): CodeIgniter\CodeIgniter->runController(Object(App\Controllers\View))
#9 /home/topupvip/public_html/system/CodeIgniter.php(362): CodeIgniter\CodeIgniter->handleRequest(NULL, Object(Config\Cache), false)
#10 /home/topupvip/public_html/index.php(79): CodeIgniter\CodeIgniter->run()
#11 {main}
CRITICAL - 2024-06-27 13:04:36 --> You have an error in your SQL syntax; check the manual that corresponds to your MariaDB server version for the right syntax to use near ')' at line 3
in SYSTEMPATH/Database/BaseConnection.php on line 647.
 1 SYSTEMPATH/Database/BaseBuilder.php(1615): CodeIgniter\Database\BaseConnection->query('SELECT *
FROM `games`
WHERE `brand` IN :brand:', [...], false)
 2 SYSTEMPATH/Model.php(237): CodeIgniter\Database\BaseBuilder->get()
 3 SYSTEMPATH/BaseModel.php(624): CodeIgniter\Model->doFindAll(0, 0)
 4 APPPATH/Controllers/View.php(80): CodeIgniter\BaseModel->findAll()
 5 SYSTEMPATH/CodeIgniter.php(943): App\Controllers\View->getFlashSale()
 6 SYSTEMPATH/CodeIgniter.php(503): CodeIgniter\CodeIgniter->runController(Object(App\Controllers\View))
 7 SYSTEMPATH/CodeIgniter.php(362): CodeIgniter\CodeIgniter->handleRequest(null, Object(Config\Cache), false)
 8 FCPATH/index.php(79): CodeIgniter\CodeIgniter->run()
ERROR - 2024-06-27 13:04:46 --> mysqli_sql_exception: You have an error in your SQL syntax; check the manual that corresponds to your MariaDB server version for the right syntax to use near ')' at line 3 in /home/topupvip/public_html/system/Database/MySQLi/Connection.php:306
Stack trace:
#0 /home/topupvip/public_html/system/Database/MySQLi/Connection.php(306): mysqli->query('SELECT *\nFROM `...', 0)
#1 /home/topupvip/public_html/system/Database/BaseConnection.php(693): CodeIgniter\Database\MySQLi\Connection->execute('SELECT *\nFROM `...')
#2 /home/topupvip/public_html/system/Database/BaseConnection.php(607): CodeIgniter\Database\BaseConnection->simpleQuery('SELECT *\nFROM `...')
#3 /home/topupvip/public_html/system/Database/BaseBuilder.php(1615): CodeIgniter\Database\BaseConnection->query('SELECT *\nFROM `...', Array, false)
#4 /home/topupvip/public_html/system/Model.php(237): CodeIgniter\Database\BaseBuilder->get()
#5 /home/topupvip/public_html/system/BaseModel.php(624): CodeIgniter\Model->doFindAll(0, 0)
#6 /home/topupvip/public_html/app/Controllers/View.php(80): CodeIgniter\BaseModel->findAll()
#7 /home/topupvip/public_html/system/CodeIgniter.php(943): App\Controllers\View->getFlashSale()
#8 /home/topupvip/public_html/system/CodeIgniter.php(503): CodeIgniter\CodeIgniter->runController(Object(App\Controllers\View))
#9 /home/topupvip/public_html/system/CodeIgniter.php(362): CodeIgniter\CodeIgniter->handleRequest(NULL, Object(Config\Cache), false)
#10 /home/topupvip/public_html/index.php(79): CodeIgniter\CodeIgniter->run()
#11 {main}
CRITICAL - 2024-06-27 13:04:46 --> You have an error in your SQL syntax; check the manual that corresponds to your MariaDB server version for the right syntax to use near ')' at line 3
in SYSTEMPATH/Database/BaseConnection.php on line 647.
 1 SYSTEMPATH/Database/BaseBuilder.php(1615): CodeIgniter\Database\BaseConnection->query('SELECT *
FROM `games`
WHERE `brand` IN :brand:', [...], false)
 2 SYSTEMPATH/Model.php(237): CodeIgniter\Database\BaseBuilder->get()
 3 SYSTEMPATH/BaseModel.php(624): CodeIgniter\Model->doFindAll(0, 0)
 4 APPPATH/Controllers/View.php(80): CodeIgniter\BaseModel->findAll()
 5 SYSTEMPATH/CodeIgniter.php(943): App\Controllers\View->getFlashSale()
 6 SYSTEMPATH/CodeIgniter.php(503): CodeIgniter\CodeIgniter->runController(Object(App\Controllers\View))
 7 SYSTEMPATH/CodeIgniter.php(362): CodeIgniter\CodeIgniter->handleRequest(null, Object(Config\Cache), false)
 8 FCPATH/index.php(79): CodeIgniter\CodeIgniter->run()
ERROR - 2024-06-27 22:36:38 --> mysqli_sql_exception: You have an error in your SQL syntax; check the manual that corresponds to your MariaDB server version for the right syntax to use near ')' at line 3 in /home/topupvip/public_html/system/Database/MySQLi/Connection.php:306
Stack trace:
#0 /home/topupvip/public_html/system/Database/MySQLi/Connection.php(306): mysqli->query('SELECT *\nFROM `...', 0)
#1 /home/topupvip/public_html/system/Database/BaseConnection.php(693): CodeIgniter\Database\MySQLi\Connection->execute('SELECT *\nFROM `...')
#2 /home/topupvip/public_html/system/Database/BaseConnection.php(607): CodeIgniter\Database\BaseConnection->simpleQuery('SELECT *\nFROM `...')
#3 /home/topupvip/public_html/system/Database/BaseBuilder.php(1615): CodeIgniter\Database\BaseConnection->query('SELECT *\nFROM `...', Array, false)
#4 /home/topupvip/public_html/system/Model.php(237): CodeIgniter\Database\BaseBuilder->get()
#5 /home/topupvip/public_html/system/BaseModel.php(624): CodeIgniter\Model->doFindAll(0, 0)
#6 /home/topupvip/public_html/app/Controllers/View.php(80): CodeIgniter\BaseModel->findAll()
#7 /home/topupvip/public_html/system/CodeIgniter.php(943): App\Controllers\View->getFlashSale()
#8 /home/topupvip/public_html/system/CodeIgniter.php(503): CodeIgniter\CodeIgniter->runController(Object(App\Controllers\View))
#9 /home/topupvip/public_html/system/CodeIgniter.php(362): CodeIgniter\CodeIgniter->handleRequest(NULL, Object(Config\Cache), false)
#10 /home/topupvip/public_html/index.php(79): CodeIgniter\CodeIgniter->run()
#11 {main}
CRITICAL - 2024-06-27 22:36:38 --> You have an error in your SQL syntax; check the manual that corresponds to your MariaDB server version for the right syntax to use near ')' at line 3
in SYSTEMPATH/Database/BaseConnection.php on line 647.
 1 SYSTEMPATH/Database/BaseBuilder.php(1615): CodeIgniter\Database\BaseConnection->query('SELECT *
FROM `games`
WHERE `brand` IN :brand:', [...], false)
 2 SYSTEMPATH/Model.php(237): CodeIgniter\Database\BaseBuilder->get()
 3 SYSTEMPATH/BaseModel.php(624): CodeIgniter\Model->doFindAll(0, 0)
 4 APPPATH/Controllers/View.php(80): CodeIgniter\BaseModel->findAll()
 5 SYSTEMPATH/CodeIgniter.php(943): App\Controllers\View->getFlashSale()
 6 SYSTEMPATH/CodeIgniter.php(503): CodeIgniter\CodeIgniter->runController(Object(App\Controllers\View))
 7 SYSTEMPATH/CodeIgniter.php(362): CodeIgniter\CodeIgniter->handleRequest(null, Object(Config\Cache), false)
 8 FCPATH/index.php(79): CodeIgniter\CodeIgniter->run()
ERROR - 2024-06-27 22:37:23 --> mysqli_sql_exception: You have an error in your SQL syntax; check the manual that corresponds to your MariaDB server version for the right syntax to use near ')' at line 3 in /home/topupvip/public_html/system/Database/MySQLi/Connection.php:306
Stack trace:
#0 /home/topupvip/public_html/system/Database/MySQLi/Connection.php(306): mysqli->query('SELECT *\nFROM `...', 0)
#1 /home/topupvip/public_html/system/Database/BaseConnection.php(693): CodeIgniter\Database\MySQLi\Connection->execute('SELECT *\nFROM `...')
#2 /home/topupvip/public_html/system/Database/BaseConnection.php(607): CodeIgniter\Database\BaseConnection->simpleQuery('SELECT *\nFROM `...')
#3 /home/topupvip/public_html/system/Database/BaseBuilder.php(1615): CodeIgniter\Database\BaseConnection->query('SELECT *\nFROM `...', Array, false)
#4 /home/topupvip/public_html/system/Model.php(237): CodeIgniter\Database\BaseBuilder->get()
#5 /home/topupvip/public_html/system/BaseModel.php(624): CodeIgniter\Model->doFindAll(0, 0)
#6 /home/topupvip/public_html/app/Controllers/View.php(80): CodeIgniter\BaseModel->findAll()
#7 /home/topupvip/public_html/system/CodeIgniter.php(943): App\Controllers\View->getFlashSale()
#8 /home/topupvip/public_html/system/CodeIgniter.php(503): CodeIgniter\CodeIgniter->runController(Object(App\Controllers\View))
#9 /home/topupvip/public_html/system/CodeIgniter.php(362): CodeIgniter\CodeIgniter->handleRequest(NULL, Object(Config\Cache), false)
#10 /home/topupvip/public_html/index.php(79): CodeIgniter\CodeIgniter->run()
#11 {main}
CRITICAL - 2024-06-27 22:37:23 --> You have an error in your SQL syntax; check the manual that corresponds to your MariaDB server version for the right syntax to use near ')' at line 3
in SYSTEMPATH/Database/BaseConnection.php on line 647.
 1 SYSTEMPATH/Database/BaseBuilder.php(1615): CodeIgniter\Database\BaseConnection->query('SELECT *
FROM `games`
WHERE `brand` IN :brand:', [...], false)
 2 SYSTEMPATH/Model.php(237): CodeIgniter\Database\BaseBuilder->get()
 3 SYSTEMPATH/BaseModel.php(624): CodeIgniter\Model->doFindAll(0, 0)
 4 APPPATH/Controllers/View.php(80): CodeIgniter\BaseModel->findAll()
 5 SYSTEMPATH/CodeIgniter.php(943): App\Controllers\View->getFlashSale()
 6 SYSTEMPATH/CodeIgniter.php(503): CodeIgniter\CodeIgniter->runController(Object(App\Controllers\View))
 7 SYSTEMPATH/CodeIgniter.php(362): CodeIgniter\CodeIgniter->handleRequest(null, Object(Config\Cache), false)
 8 FCPATH/index.php(79): CodeIgniter\CodeIgniter->run()
