ERROR - 2024-09-26 15:49:09 --> mysqli_sql_exception: You have an error in your SQL syntax; check the manual that corresponds to your MariaDB server version for the right syntax to use near ')' at line 3 in /home/linkpaym/v8.linkpayment.my.id/system/Database/MySQLi/Connection.php:306
Stack trace:
#0 /home/linkpaym/v8.linkpayment.my.id/system/Database/MySQLi/Connection.php(306): mysqli->query()
#1 /home/linkpaym/v8.linkpayment.my.id/system/Database/BaseConnection.php(693): CodeIgniter\Database\MySQLi\Connection->execute()
#2 /home/linkpaym/v8.linkpayment.my.id/system/Database/BaseConnection.php(607): CodeIgniter\Database\BaseConnection->simpleQuery()
#3 /home/linkpaym/v8.linkpayment.my.id/system/Database/BaseBuilder.php(1615): CodeIgniter\Database\BaseConnection->query()
#4 /home/linkpaym/v8.linkpayment.my.id/system/Model.php(237): CodeIgniter\Database\BaseBuilder->get()
#5 /home/linkpaym/v8.linkpayment.my.id/system/BaseModel.php(624): CodeIgniter\Model->doFindAll()
#6 /home/linkpaym/v8.linkpayment.my.id/app/Controllers/View.php(81): CodeIgniter\BaseModel->findAll()
#7 /home/linkpaym/v8.linkpayment.my.id/system/CodeIgniter.php(943): App\Controllers\View->getFlashSale()
#8 /home/linkpaym/v8.linkpayment.my.id/system/CodeIgniter.php(503): CodeIgniter\CodeIgniter->runController()
#9 /home/linkpaym/v8.linkpayment.my.id/system/CodeIgniter.php(362): CodeIgniter\CodeIgniter->handleRequest()
#10 /home/linkpaym/v8.linkpayment.my.id/index.php(79): CodeIgniter\CodeIgniter->run()
#11 {main}
CRITICAL - 2024-09-26 15:49:09 --> You have an error in your SQL syntax; check the manual that corresponds to your MariaDB server version for the right syntax to use near ')' at line 3
in SYSTEMPATH/Database/BaseConnection.php on line 647.
 1 SYSTEMPATH/Database/BaseBuilder.php(1615): CodeIgniter\Database\BaseConnection->query()
 2 SYSTEMPATH/Model.php(237): CodeIgniter\Database\BaseBuilder->get()
 3 SYSTEMPATH/BaseModel.php(624): CodeIgniter\Model->doFindAll()
 4 APPPATH/Controllers/View.php(81): CodeIgniter\BaseModel->findAll()
 5 SYSTEMPATH/CodeIgniter.php(943): App\Controllers\View->getFlashSale()
 6 SYSTEMPATH/CodeIgniter.php(503): CodeIgniter\CodeIgniter->runController()
 7 SYSTEMPATH/CodeIgniter.php(362): CodeIgniter\CodeIgniter->handleRequest()
 8 FCPATH/index.php(79): CodeIgniter\CodeIgniter->run()
ERROR - 2024-09-26 15:49:30 --> mysqli_sql_exception: You have an error in your SQL syntax; check the manual that corresponds to your MariaDB server version for the right syntax to use near ')' at line 3 in /home/linkpaym/v8.linkpayment.my.id/system/Database/MySQLi/Connection.php:306
Stack trace:
#0 /home/linkpaym/v8.linkpayment.my.id/system/Database/MySQLi/Connection.php(306): mysqli->query()
#1 /home/linkpaym/v8.linkpayment.my.id/system/Database/BaseConnection.php(693): CodeIgniter\Database\MySQLi\Connection->execute()
#2 /home/linkpaym/v8.linkpayment.my.id/system/Database/BaseConnection.php(607): CodeIgniter\Database\BaseConnection->simpleQuery()
#3 /home/linkpaym/v8.linkpayment.my.id/system/Database/BaseBuilder.php(1615): CodeIgniter\Database\BaseConnection->query()
#4 /home/linkpaym/v8.linkpayment.my.id/system/Model.php(237): CodeIgniter\Database\BaseBuilder->get()
#5 /home/linkpaym/v8.linkpayment.my.id/system/BaseModel.php(624): CodeIgniter\Model->doFindAll()
#6 /home/linkpaym/v8.linkpayment.my.id/app/Controllers/View.php(81): CodeIgniter\BaseModel->findAll()
#7 /home/linkpaym/v8.linkpayment.my.id/system/CodeIgniter.php(943): App\Controllers\View->getFlashSale()
#8 /home/linkpaym/v8.linkpayment.my.id/system/CodeIgniter.php(503): CodeIgniter\CodeIgniter->runController()
#9 /home/linkpaym/v8.linkpayment.my.id/system/CodeIgniter.php(362): CodeIgniter\CodeIgniter->handleRequest()
#10 /home/linkpaym/v8.linkpayment.my.id/index.php(79): CodeIgniter\CodeIgniter->run()
#11 {main}
CRITICAL - 2024-09-26 15:49:30 --> You have an error in your SQL syntax; check the manual that corresponds to your MariaDB server version for the right syntax to use near ')' at line 3
in SYSTEMPATH/Database/BaseConnection.php on line 647.
 1 SYSTEMPATH/Database/BaseBuilder.php(1615): CodeIgniter\Database\BaseConnection->query()
 2 SYSTEMPATH/Model.php(237): CodeIgniter\Database\BaseBuilder->get()
 3 SYSTEMPATH/BaseModel.php(624): CodeIgniter\Model->doFindAll()
 4 APPPATH/Controllers/View.php(81): CodeIgniter\BaseModel->findAll()
 5 SYSTEMPATH/CodeIgniter.php(943): App\Controllers\View->getFlashSale()
 6 SYSTEMPATH/CodeIgniter.php(503): CodeIgniter\CodeIgniter->runController()
 7 SYSTEMPATH/CodeIgniter.php(362): CodeIgniter\CodeIgniter->handleRequest()
 8 FCPATH/index.php(79): CodeIgniter\CodeIgniter->run()
ERROR - 2024-09-26 15:59:41 --> mysqli_sql_exception: You have an error in your SQL syntax; check the manual that corresponds to your MariaDB server version for the right syntax to use near ')' at line 3 in /home/linkpaym/v8.linkpayment.my.id/system/Database/MySQLi/Connection.php:306
Stack trace:
#0 /home/linkpaym/v8.linkpayment.my.id/system/Database/MySQLi/Connection.php(306): mysqli->query()
#1 /home/linkpaym/v8.linkpayment.my.id/system/Database/BaseConnection.php(693): CodeIgniter\Database\MySQLi\Connection->execute()
#2 /home/linkpaym/v8.linkpayment.my.id/system/Database/BaseConnection.php(607): CodeIgniter\Database\BaseConnection->simpleQuery()
#3 /home/linkpaym/v8.linkpayment.my.id/system/Database/BaseBuilder.php(1615): CodeIgniter\Database\BaseConnection->query()
#4 /home/linkpaym/v8.linkpayment.my.id/system/Model.php(237): CodeIgniter\Database\BaseBuilder->get()
#5 /home/linkpaym/v8.linkpayment.my.id/system/BaseModel.php(624): CodeIgniter\Model->doFindAll()
#6 /home/linkpaym/v8.linkpayment.my.id/app/Controllers/View.php(81): CodeIgniter\BaseModel->findAll()
#7 /home/linkpaym/v8.linkpayment.my.id/system/CodeIgniter.php(943): App\Controllers\View->getFlashSale()
#8 /home/linkpaym/v8.linkpayment.my.id/system/CodeIgniter.php(503): CodeIgniter\CodeIgniter->runController()
#9 /home/linkpaym/v8.linkpayment.my.id/system/CodeIgniter.php(362): CodeIgniter\CodeIgniter->handleRequest()
#10 /home/linkpaym/v8.linkpayment.my.id/index.php(79): CodeIgniter\CodeIgniter->run()
#11 {main}
CRITICAL - 2024-09-26 15:59:41 --> You have an error in your SQL syntax; check the manual that corresponds to your MariaDB server version for the right syntax to use near ')' at line 3
in SYSTEMPATH/Database/BaseConnection.php on line 647.
 1 SYSTEMPATH/Database/BaseBuilder.php(1615): CodeIgniter\Database\BaseConnection->query()
 2 SYSTEMPATH/Model.php(237): CodeIgniter\Database\BaseBuilder->get()
 3 SYSTEMPATH/BaseModel.php(624): CodeIgniter\Model->doFindAll()
 4 APPPATH/Controllers/View.php(81): CodeIgniter\BaseModel->findAll()
 5 SYSTEMPATH/CodeIgniter.php(943): App\Controllers\View->getFlashSale()
 6 SYSTEMPATH/CodeIgniter.php(503): CodeIgniter\CodeIgniter->runController()
 7 SYSTEMPATH/CodeIgniter.php(362): CodeIgniter\CodeIgniter->handleRequest()
 8 FCPATH/index.php(79): CodeIgniter\CodeIgniter->run()
ERROR - 2024-09-26 15:59:41 --> mysqli_sql_exception: You have an error in your SQL syntax; check the manual that corresponds to your MariaDB server version for the right syntax to use near ')' at line 3 in /home/linkpaym/v8.linkpayment.my.id/system/Database/MySQLi/Connection.php:306
Stack trace:
#0 /home/linkpaym/v8.linkpayment.my.id/system/Database/MySQLi/Connection.php(306): mysqli->query()
#1 /home/linkpaym/v8.linkpayment.my.id/system/Database/BaseConnection.php(693): CodeIgniter\Database\MySQLi\Connection->execute()
#2 /home/linkpaym/v8.linkpayment.my.id/system/Database/BaseConnection.php(607): CodeIgniter\Database\BaseConnection->simpleQuery()
#3 /home/linkpaym/v8.linkpayment.my.id/system/Database/BaseBuilder.php(1615): CodeIgniter\Database\BaseConnection->query()
#4 /home/linkpaym/v8.linkpayment.my.id/system/Model.php(237): CodeIgniter\Database\BaseBuilder->get()
#5 /home/linkpaym/v8.linkpayment.my.id/system/BaseModel.php(624): CodeIgniter\Model->doFindAll()
#6 /home/linkpaym/v8.linkpayment.my.id/app/Controllers/View.php(81): CodeIgniter\BaseModel->findAll()
#7 /home/linkpaym/v8.linkpayment.my.id/system/CodeIgniter.php(943): App\Controllers\View->getFlashSale()
#8 /home/linkpaym/v8.linkpayment.my.id/system/CodeIgniter.php(503): CodeIgniter\CodeIgniter->runController()
#9 /home/linkpaym/v8.linkpayment.my.id/system/CodeIgniter.php(362): CodeIgniter\CodeIgniter->handleRequest()
#10 /home/linkpaym/v8.linkpayment.my.id/index.php(79): CodeIgniter\CodeIgniter->run()
#11 {main}
CRITICAL - 2024-09-26 15:59:41 --> You have an error in your SQL syntax; check the manual that corresponds to your MariaDB server version for the right syntax to use near ')' at line 3
in SYSTEMPATH/Database/BaseConnection.php on line 647.
 1 SYSTEMPATH/Database/BaseBuilder.php(1615): CodeIgniter\Database\BaseConnection->query()
 2 SYSTEMPATH/Model.php(237): CodeIgniter\Database\BaseBuilder->get()
 3 SYSTEMPATH/BaseModel.php(624): CodeIgniter\Model->doFindAll()
 4 APPPATH/Controllers/View.php(81): CodeIgniter\BaseModel->findAll()
 5 SYSTEMPATH/CodeIgniter.php(943): App\Controllers\View->getFlashSale()
 6 SYSTEMPATH/CodeIgniter.php(503): CodeIgniter\CodeIgniter->runController()
 7 SYSTEMPATH/CodeIgniter.php(362): CodeIgniter\CodeIgniter->handleRequest()
 8 FCPATH/index.php(79): CodeIgniter\CodeIgniter->run()
ERROR - 2024-09-26 16:03:19 --> mysqli_sql_exception: You have an error in your SQL syntax; check the manual that corresponds to your MariaDB server version for the right syntax to use near ')' at line 3 in /home/linkpaym/v8.linkpayment.my.id/system/Database/MySQLi/Connection.php:306
Stack trace:
#0 /home/linkpaym/v8.linkpayment.my.id/system/Database/MySQLi/Connection.php(306): mysqli->query()
#1 /home/linkpaym/v8.linkpayment.my.id/system/Database/BaseConnection.php(693): CodeIgniter\Database\MySQLi\Connection->execute()
#2 /home/linkpaym/v8.linkpayment.my.id/system/Database/BaseConnection.php(607): CodeIgniter\Database\BaseConnection->simpleQuery()
#3 /home/linkpaym/v8.linkpayment.my.id/system/Database/BaseBuilder.php(1615): CodeIgniter\Database\BaseConnection->query()
#4 /home/linkpaym/v8.linkpayment.my.id/system/Model.php(237): CodeIgniter\Database\BaseBuilder->get()
#5 /home/linkpaym/v8.linkpayment.my.id/system/BaseModel.php(624): CodeIgniter\Model->doFindAll()
#6 /home/linkpaym/v8.linkpayment.my.id/app/Controllers/View.php(81): CodeIgniter\BaseModel->findAll()
#7 /home/linkpaym/v8.linkpayment.my.id/system/CodeIgniter.php(943): App\Controllers\View->getFlashSale()
#8 /home/linkpaym/v8.linkpayment.my.id/system/CodeIgniter.php(503): CodeIgniter\CodeIgniter->runController()
#9 /home/linkpaym/v8.linkpayment.my.id/system/CodeIgniter.php(362): CodeIgniter\CodeIgniter->handleRequest()
#10 /home/linkpaym/v8.linkpayment.my.id/index.php(79): CodeIgniter\CodeIgniter->run()
#11 {main}
CRITICAL - 2024-09-26 16:03:19 --> You have an error in your SQL syntax; check the manual that corresponds to your MariaDB server version for the right syntax to use near ')' at line 3
in SYSTEMPATH/Database/BaseConnection.php on line 647.
 1 SYSTEMPATH/Database/BaseBuilder.php(1615): CodeIgniter\Database\BaseConnection->query()
 2 SYSTEMPATH/Model.php(237): CodeIgniter\Database\BaseBuilder->get()
 3 SYSTEMPATH/BaseModel.php(624): CodeIgniter\Model->doFindAll()
 4 APPPATH/Controllers/View.php(81): CodeIgniter\BaseModel->findAll()
 5 SYSTEMPATH/CodeIgniter.php(943): App\Controllers\View->getFlashSale()
 6 SYSTEMPATH/CodeIgniter.php(503): CodeIgniter\CodeIgniter->runController()
 7 SYSTEMPATH/CodeIgniter.php(362): CodeIgniter\CodeIgniter->handleRequest()
 8 FCPATH/index.php(79): CodeIgniter\CodeIgniter->run()
ERROR - 2024-09-26 16:04:11 --> mysqli_sql_exception: You have an error in your SQL syntax; check the manual that corresponds to your MariaDB server version for the right syntax to use near ')' at line 3 in /home/linkpaym/v8.linkpayment.my.id/system/Database/MySQLi/Connection.php:306
Stack trace:
#0 /home/linkpaym/v8.linkpayment.my.id/system/Database/MySQLi/Connection.php(306): mysqli->query()
#1 /home/linkpaym/v8.linkpayment.my.id/system/Database/BaseConnection.php(693): CodeIgniter\Database\MySQLi\Connection->execute()
#2 /home/linkpaym/v8.linkpayment.my.id/system/Database/BaseConnection.php(607): CodeIgniter\Database\BaseConnection->simpleQuery()
#3 /home/linkpaym/v8.linkpayment.my.id/system/Database/BaseBuilder.php(1615): CodeIgniter\Database\BaseConnection->query()
#4 /home/linkpaym/v8.linkpayment.my.id/system/Model.php(237): CodeIgniter\Database\BaseBuilder->get()
#5 /home/linkpaym/v8.linkpayment.my.id/system/BaseModel.php(624): CodeIgniter\Model->doFindAll()
#6 /home/linkpaym/v8.linkpayment.my.id/app/Controllers/View.php(81): CodeIgniter\BaseModel->findAll()
#7 /home/linkpaym/v8.linkpayment.my.id/system/CodeIgniter.php(943): App\Controllers\View->getFlashSale()
#8 /home/linkpaym/v8.linkpayment.my.id/system/CodeIgniter.php(503): CodeIgniter\CodeIgniter->runController()
#9 /home/linkpaym/v8.linkpayment.my.id/system/CodeIgniter.php(362): CodeIgniter\CodeIgniter->handleRequest()
#10 /home/linkpaym/v8.linkpayment.my.id/index.php(79): CodeIgniter\CodeIgniter->run()
#11 {main}
CRITICAL - 2024-09-26 16:04:11 --> You have an error in your SQL syntax; check the manual that corresponds to your MariaDB server version for the right syntax to use near ')' at line 3
in SYSTEMPATH/Database/BaseConnection.php on line 647.
 1 SYSTEMPATH/Database/BaseBuilder.php(1615): CodeIgniter\Database\BaseConnection->query()
 2 SYSTEMPATH/Model.php(237): CodeIgniter\Database\BaseBuilder->get()
 3 SYSTEMPATH/BaseModel.php(624): CodeIgniter\Model->doFindAll()
 4 APPPATH/Controllers/View.php(81): CodeIgniter\BaseModel->findAll()
 5 SYSTEMPATH/CodeIgniter.php(943): App\Controllers\View->getFlashSale()
 6 SYSTEMPATH/CodeIgniter.php(503): CodeIgniter\CodeIgniter->runController()
 7 SYSTEMPATH/CodeIgniter.php(362): CodeIgniter\CodeIgniter->handleRequest()
 8 FCPATH/index.php(79): CodeIgniter\CodeIgniter->run()
ERROR - 2024-09-26 16:07:07 --> mysqli_sql_exception: You have an error in your SQL syntax; check the manual that corresponds to your MariaDB server version for the right syntax to use near ')' at line 3 in /home/linkpaym/v8.linkpayment.my.id/system/Database/MySQLi/Connection.php:306
Stack trace:
#0 /home/linkpaym/v8.linkpayment.my.id/system/Database/MySQLi/Connection.php(306): mysqli->query()
#1 /home/linkpaym/v8.linkpayment.my.id/system/Database/BaseConnection.php(693): CodeIgniter\Database\MySQLi\Connection->execute()
#2 /home/linkpaym/v8.linkpayment.my.id/system/Database/BaseConnection.php(607): CodeIgniter\Database\BaseConnection->simpleQuery()
#3 /home/linkpaym/v8.linkpayment.my.id/system/Database/BaseBuilder.php(1615): CodeIgniter\Database\BaseConnection->query()
#4 /home/linkpaym/v8.linkpayment.my.id/system/Model.php(237): CodeIgniter\Database\BaseBuilder->get()
#5 /home/linkpaym/v8.linkpayment.my.id/system/BaseModel.php(624): CodeIgniter\Model->doFindAll()
#6 /home/linkpaym/v8.linkpayment.my.id/app/Controllers/View.php(81): CodeIgniter\BaseModel->findAll()
#7 /home/linkpaym/v8.linkpayment.my.id/system/CodeIgniter.php(943): App\Controllers\View->getFlashSale()
#8 /home/linkpaym/v8.linkpayment.my.id/system/CodeIgniter.php(503): CodeIgniter\CodeIgniter->runController()
#9 /home/linkpaym/v8.linkpayment.my.id/system/CodeIgniter.php(362): CodeIgniter\CodeIgniter->handleRequest()
#10 /home/linkpaym/v8.linkpayment.my.id/index.php(79): CodeIgniter\CodeIgniter->run()
#11 {main}
CRITICAL - 2024-09-26 16:07:07 --> You have an error in your SQL syntax; check the manual that corresponds to your MariaDB server version for the right syntax to use near ')' at line 3
in SYSTEMPATH/Database/BaseConnection.php on line 647.
 1 SYSTEMPATH/Database/BaseBuilder.php(1615): CodeIgniter\Database\BaseConnection->query()
 2 SYSTEMPATH/Model.php(237): CodeIgniter\Database\BaseBuilder->get()
 3 SYSTEMPATH/BaseModel.php(624): CodeIgniter\Model->doFindAll()
 4 APPPATH/Controllers/View.php(81): CodeIgniter\BaseModel->findAll()
 5 SYSTEMPATH/CodeIgniter.php(943): App\Controllers\View->getFlashSale()
 6 SYSTEMPATH/CodeIgniter.php(503): CodeIgniter\CodeIgniter->runController()
 7 SYSTEMPATH/CodeIgniter.php(362): CodeIgniter\CodeIgniter->handleRequest()
 8 FCPATH/index.php(79): CodeIgniter\CodeIgniter->run()
ERROR - 2024-09-26 16:28:15 --> mysqli_sql_exception: You have an error in your SQL syntax; check the manual that corresponds to your MariaDB server version for the right syntax to use near ')' at line 3 in /home/linkpaym/v8.linkpayment.my.id/system/Database/MySQLi/Connection.php:306
Stack trace:
#0 /home/linkpaym/v8.linkpayment.my.id/system/Database/MySQLi/Connection.php(306): mysqli->query()
#1 /home/linkpaym/v8.linkpayment.my.id/system/Database/BaseConnection.php(693): CodeIgniter\Database\MySQLi\Connection->execute()
#2 /home/linkpaym/v8.linkpayment.my.id/system/Database/BaseConnection.php(607): CodeIgniter\Database\BaseConnection->simpleQuery()
#3 /home/linkpaym/v8.linkpayment.my.id/system/Database/BaseBuilder.php(1615): CodeIgniter\Database\BaseConnection->query()
#4 /home/linkpaym/v8.linkpayment.my.id/system/Model.php(237): CodeIgniter\Database\BaseBuilder->get()
#5 /home/linkpaym/v8.linkpayment.my.id/system/BaseModel.php(624): CodeIgniter\Model->doFindAll()
#6 /home/linkpaym/v8.linkpayment.my.id/app/Controllers/View.php(81): CodeIgniter\BaseModel->findAll()
#7 /home/linkpaym/v8.linkpayment.my.id/system/CodeIgniter.php(943): App\Controllers\View->getFlashSale()
#8 /home/linkpaym/v8.linkpayment.my.id/system/CodeIgniter.php(503): CodeIgniter\CodeIgniter->runController()
#9 /home/linkpaym/v8.linkpayment.my.id/system/CodeIgniter.php(362): CodeIgniter\CodeIgniter->handleRequest()
#10 /home/linkpaym/v8.linkpayment.my.id/index.php(79): CodeIgniter\CodeIgniter->run()
#11 {main}
CRITICAL - 2024-09-26 16:28:15 --> You have an error in your SQL syntax; check the manual that corresponds to your MariaDB server version for the right syntax to use near ')' at line 3
in SYSTEMPATH/Database/BaseConnection.php on line 647.
 1 SYSTEMPATH/Database/BaseBuilder.php(1615): CodeIgniter\Database\BaseConnection->query()
 2 SYSTEMPATH/Model.php(237): CodeIgniter\Database\BaseBuilder->get()
 3 SYSTEMPATH/BaseModel.php(624): CodeIgniter\Model->doFindAll()
 4 APPPATH/Controllers/View.php(81): CodeIgniter\BaseModel->findAll()
 5 SYSTEMPATH/CodeIgniter.php(943): App\Controllers\View->getFlashSale()
 6 SYSTEMPATH/CodeIgniter.php(503): CodeIgniter\CodeIgniter->runController()
 7 SYSTEMPATH/CodeIgniter.php(362): CodeIgniter\CodeIgniter->handleRequest()
 8 FCPATH/index.php(79): CodeIgniter\CodeIgniter->run()
ERROR - 2024-09-26 16:42:57 --> mysqli_sql_exception: You have an error in your SQL syntax; check the manual that corresponds to your MariaDB server version for the right syntax to use near ')' at line 3 in /home/linkpaym/v8.linkpayment.my.id/system/Database/MySQLi/Connection.php:306
Stack trace:
#0 /home/linkpaym/v8.linkpayment.my.id/system/Database/MySQLi/Connection.php(306): mysqli->query()
#1 /home/linkpaym/v8.linkpayment.my.id/system/Database/BaseConnection.php(693): CodeIgniter\Database\MySQLi\Connection->execute()
#2 /home/linkpaym/v8.linkpayment.my.id/system/Database/BaseConnection.php(607): CodeIgniter\Database\BaseConnection->simpleQuery()
#3 /home/linkpaym/v8.linkpayment.my.id/system/Database/BaseBuilder.php(1615): CodeIgniter\Database\BaseConnection->query()
#4 /home/linkpaym/v8.linkpayment.my.id/system/Model.php(237): CodeIgniter\Database\BaseBuilder->get()
#5 /home/linkpaym/v8.linkpayment.my.id/system/BaseModel.php(624): CodeIgniter\Model->doFindAll()
#6 /home/linkpaym/v8.linkpayment.my.id/app/Controllers/View.php(81): CodeIgniter\BaseModel->findAll()
#7 /home/linkpaym/v8.linkpayment.my.id/system/CodeIgniter.php(943): App\Controllers\View->getFlashSale()
#8 /home/linkpaym/v8.linkpayment.my.id/system/CodeIgniter.php(503): CodeIgniter\CodeIgniter->runController()
#9 /home/linkpaym/v8.linkpayment.my.id/system/CodeIgniter.php(362): CodeIgniter\CodeIgniter->handleRequest()
#10 /home/linkpaym/v8.linkpayment.my.id/index.php(79): CodeIgniter\CodeIgniter->run()
#11 {main}
CRITICAL - 2024-09-26 16:42:57 --> You have an error in your SQL syntax; check the manual that corresponds to your MariaDB server version for the right syntax to use near ')' at line 3
in SYSTEMPATH/Database/BaseConnection.php on line 647.
 1 SYSTEMPATH/Database/BaseBuilder.php(1615): CodeIgniter\Database\BaseConnection->query()
 2 SYSTEMPATH/Model.php(237): CodeIgniter\Database\BaseBuilder->get()
 3 SYSTEMPATH/BaseModel.php(624): CodeIgniter\Model->doFindAll()
 4 APPPATH/Controllers/View.php(81): CodeIgniter\BaseModel->findAll()
 5 SYSTEMPATH/CodeIgniter.php(943): App\Controllers\View->getFlashSale()
 6 SYSTEMPATH/CodeIgniter.php(503): CodeIgniter\CodeIgniter->runController()
 7 SYSTEMPATH/CodeIgniter.php(362): CodeIgniter\CodeIgniter->handleRequest()
 8 FCPATH/index.php(79): CodeIgniter\CodeIgniter->run()
ERROR - 2024-09-26 19:23:19 --> mysqli_sql_exception: You have an error in your SQL syntax; check the manual that corresponds to your MariaDB server version for the right syntax to use near ')' at line 3 in /home/linkpaym/v8.linkpayment.my.id/system/Database/MySQLi/Connection.php:306
Stack trace:
#0 /home/linkpaym/v8.linkpayment.my.id/system/Database/MySQLi/Connection.php(306): mysqli->query()
#1 /home/linkpaym/v8.linkpayment.my.id/system/Database/BaseConnection.php(693): CodeIgniter\Database\MySQLi\Connection->execute()
#2 /home/linkpaym/v8.linkpayment.my.id/system/Database/BaseConnection.php(607): CodeIgniter\Database\BaseConnection->simpleQuery()
#3 /home/linkpaym/v8.linkpayment.my.id/system/Database/BaseBuilder.php(1615): CodeIgniter\Database\BaseConnection->query()
#4 /home/linkpaym/v8.linkpayment.my.id/system/Model.php(237): CodeIgniter\Database\BaseBuilder->get()
#5 /home/linkpaym/v8.linkpayment.my.id/system/BaseModel.php(624): CodeIgniter\Model->doFindAll()
#6 /home/linkpaym/v8.linkpayment.my.id/app/Controllers/View.php(81): CodeIgniter\BaseModel->findAll()
#7 /home/linkpaym/v8.linkpayment.my.id/system/CodeIgniter.php(943): App\Controllers\View->getFlashSale()
#8 /home/linkpaym/v8.linkpayment.my.id/system/CodeIgniter.php(503): CodeIgniter\CodeIgniter->runController()
#9 /home/linkpaym/v8.linkpayment.my.id/system/CodeIgniter.php(362): CodeIgniter\CodeIgniter->handleRequest()
#10 /home/linkpaym/v8.linkpayment.my.id/index.php(79): CodeIgniter\CodeIgniter->run()
#11 {main}
CRITICAL - 2024-09-26 19:23:19 --> You have an error in your SQL syntax; check the manual that corresponds to your MariaDB server version for the right syntax to use near ')' at line 3
in SYSTEMPATH/Database/BaseConnection.php on line 647.
 1 SYSTEMPATH/Database/BaseBuilder.php(1615): CodeIgniter\Database\BaseConnection->query()
 2 SYSTEMPATH/Model.php(237): CodeIgniter\Database\BaseBuilder->get()
 3 SYSTEMPATH/BaseModel.php(624): CodeIgniter\Model->doFindAll()
 4 APPPATH/Controllers/View.php(81): CodeIgniter\BaseModel->findAll()
 5 SYSTEMPATH/CodeIgniter.php(943): App\Controllers\View->getFlashSale()
 6 SYSTEMPATH/CodeIgniter.php(503): CodeIgniter\CodeIgniter->runController()
 7 SYSTEMPATH/CodeIgniter.php(362): CodeIgniter\CodeIgniter->handleRequest()
 8 FCPATH/index.php(79): CodeIgniter\CodeIgniter->run()
ERROR - 2024-09-26 20:06:19 --> mysqli_sql_exception: You have an error in your SQL syntax; check the manual that corresponds to your MariaDB server version for the right syntax to use near ')' at line 3 in /home/linkpaym/v8.linkpayment.my.id/system/Database/MySQLi/Connection.php:306
Stack trace:
#0 /home/linkpaym/v8.linkpayment.my.id/system/Database/MySQLi/Connection.php(306): mysqli->query()
#1 /home/linkpaym/v8.linkpayment.my.id/system/Database/BaseConnection.php(693): CodeIgniter\Database\MySQLi\Connection->execute()
#2 /home/linkpaym/v8.linkpayment.my.id/system/Database/BaseConnection.php(607): CodeIgniter\Database\BaseConnection->simpleQuery()
#3 /home/linkpaym/v8.linkpayment.my.id/system/Database/BaseBuilder.php(1615): CodeIgniter\Database\BaseConnection->query()
#4 /home/linkpaym/v8.linkpayment.my.id/system/Model.php(237): CodeIgniter\Database\BaseBuilder->get()
#5 /home/linkpaym/v8.linkpayment.my.id/system/BaseModel.php(624): CodeIgniter\Model->doFindAll()
#6 /home/linkpaym/v8.linkpayment.my.id/app/Controllers/View.php(81): CodeIgniter\BaseModel->findAll()
#7 /home/linkpaym/v8.linkpayment.my.id/system/CodeIgniter.php(943): App\Controllers\View->getFlashSale()
#8 /home/linkpaym/v8.linkpayment.my.id/system/CodeIgniter.php(503): CodeIgniter\CodeIgniter->runController()
#9 /home/linkpaym/v8.linkpayment.my.id/system/CodeIgniter.php(362): CodeIgniter\CodeIgniter->handleRequest()
#10 /home/linkpaym/v8.linkpayment.my.id/index.php(79): CodeIgniter\CodeIgniter->run()
#11 {main}
CRITICAL - 2024-09-26 20:06:19 --> You have an error in your SQL syntax; check the manual that corresponds to your MariaDB server version for the right syntax to use near ')' at line 3
in SYSTEMPATH/Database/BaseConnection.php on line 647.
 1 SYSTEMPATH/Database/BaseBuilder.php(1615): CodeIgniter\Database\BaseConnection->query()
 2 SYSTEMPATH/Model.php(237): CodeIgniter\Database\BaseBuilder->get()
 3 SYSTEMPATH/BaseModel.php(624): CodeIgniter\Model->doFindAll()
 4 APPPATH/Controllers/View.php(81): CodeIgniter\BaseModel->findAll()
 5 SYSTEMPATH/CodeIgniter.php(943): App\Controllers\View->getFlashSale()
 6 SYSTEMPATH/CodeIgniter.php(503): CodeIgniter\CodeIgniter->runController()
 7 SYSTEMPATH/CodeIgniter.php(362): CodeIgniter\CodeIgniter->handleRequest()
 8 FCPATH/index.php(79): CodeIgniter\CodeIgniter->run()
ERROR - 2024-09-26 20:28:58 --> mysqli_sql_exception: You have an error in your SQL syntax; check the manual that corresponds to your MariaDB server version for the right syntax to use near ')' at line 3 in /home/linkpaym/v8.linkpayment.my.id/system/Database/MySQLi/Connection.php:306
Stack trace:
#0 /home/linkpaym/v8.linkpayment.my.id/system/Database/MySQLi/Connection.php(306): mysqli->query()
#1 /home/linkpaym/v8.linkpayment.my.id/system/Database/BaseConnection.php(693): CodeIgniter\Database\MySQLi\Connection->execute()
#2 /home/linkpaym/v8.linkpayment.my.id/system/Database/BaseConnection.php(607): CodeIgniter\Database\BaseConnection->simpleQuery()
#3 /home/linkpaym/v8.linkpayment.my.id/system/Database/BaseBuilder.php(1615): CodeIgniter\Database\BaseConnection->query()
#4 /home/linkpaym/v8.linkpayment.my.id/system/Model.php(237): CodeIgniter\Database\BaseBuilder->get()
#5 /home/linkpaym/v8.linkpayment.my.id/system/BaseModel.php(624): CodeIgniter\Model->doFindAll()
#6 /home/linkpaym/v8.linkpayment.my.id/app/Controllers/View.php(81): CodeIgniter\BaseModel->findAll()
#7 /home/linkpaym/v8.linkpayment.my.id/system/CodeIgniter.php(943): App\Controllers\View->getFlashSale()
#8 /home/linkpaym/v8.linkpayment.my.id/system/CodeIgniter.php(503): CodeIgniter\CodeIgniter->runController()
#9 /home/linkpaym/v8.linkpayment.my.id/system/CodeIgniter.php(362): CodeIgniter\CodeIgniter->handleRequest()
#10 /home/linkpaym/v8.linkpayment.my.id/index.php(79): CodeIgniter\CodeIgniter->run()
#11 {main}
CRITICAL - 2024-09-26 20:28:58 --> You have an error in your SQL syntax; check the manual that corresponds to your MariaDB server version for the right syntax to use near ')' at line 3
in SYSTEMPATH/Database/BaseConnection.php on line 647.
 1 SYSTEMPATH/Database/BaseBuilder.php(1615): CodeIgniter\Database\BaseConnection->query()
 2 SYSTEMPATH/Model.php(237): CodeIgniter\Database\BaseBuilder->get()
 3 SYSTEMPATH/BaseModel.php(624): CodeIgniter\Model->doFindAll()
 4 APPPATH/Controllers/View.php(81): CodeIgniter\BaseModel->findAll()
 5 SYSTEMPATH/CodeIgniter.php(943): App\Controllers\View->getFlashSale()
 6 SYSTEMPATH/CodeIgniter.php(503): CodeIgniter\CodeIgniter->runController()
 7 SYSTEMPATH/CodeIgniter.php(362): CodeIgniter\CodeIgniter->handleRequest()
 8 FCPATH/index.php(79): CodeIgniter\CodeIgniter->run()
ERROR - 2024-09-26 20:31:51 --> mysqli_sql_exception: You have an error in your SQL syntax; check the manual that corresponds to your MariaDB server version for the right syntax to use near ')' at line 3 in /home/linkpaym/v8.linkpayment.my.id/system/Database/MySQLi/Connection.php:306
Stack trace:
#0 /home/linkpaym/v8.linkpayment.my.id/system/Database/MySQLi/Connection.php(306): mysqli->query()
#1 /home/linkpaym/v8.linkpayment.my.id/system/Database/BaseConnection.php(693): CodeIgniter\Database\MySQLi\Connection->execute()
#2 /home/linkpaym/v8.linkpayment.my.id/system/Database/BaseConnection.php(607): CodeIgniter\Database\BaseConnection->simpleQuery()
#3 /home/linkpaym/v8.linkpayment.my.id/system/Database/BaseBuilder.php(1615): CodeIgniter\Database\BaseConnection->query()
#4 /home/linkpaym/v8.linkpayment.my.id/system/Model.php(237): CodeIgniter\Database\BaseBuilder->get()
#5 /home/linkpaym/v8.linkpayment.my.id/system/BaseModel.php(624): CodeIgniter\Model->doFindAll()
#6 /home/linkpaym/v8.linkpayment.my.id/app/Controllers/View.php(81): CodeIgniter\BaseModel->findAll()
#7 /home/linkpaym/v8.linkpayment.my.id/system/CodeIgniter.php(943): App\Controllers\View->getFlashSale()
#8 /home/linkpaym/v8.linkpayment.my.id/system/CodeIgniter.php(503): CodeIgniter\CodeIgniter->runController()
#9 /home/linkpaym/v8.linkpayment.my.id/system/CodeIgniter.php(362): CodeIgniter\CodeIgniter->handleRequest()
#10 /home/linkpaym/v8.linkpayment.my.id/index.php(79): CodeIgniter\CodeIgniter->run()
#11 {main}
CRITICAL - 2024-09-26 20:31:51 --> You have an error in your SQL syntax; check the manual that corresponds to your MariaDB server version for the right syntax to use near ')' at line 3
in SYSTEMPATH/Database/BaseConnection.php on line 647.
 1 SYSTEMPATH/Database/BaseBuilder.php(1615): CodeIgniter\Database\BaseConnection->query()
 2 SYSTEMPATH/Model.php(237): CodeIgniter\Database\BaseBuilder->get()
 3 SYSTEMPATH/BaseModel.php(624): CodeIgniter\Model->doFindAll()
 4 APPPATH/Controllers/View.php(81): CodeIgniter\BaseModel->findAll()
 5 SYSTEMPATH/CodeIgniter.php(943): App\Controllers\View->getFlashSale()
 6 SYSTEMPATH/CodeIgniter.php(503): CodeIgniter\CodeIgniter->runController()
 7 SYSTEMPATH/CodeIgniter.php(362): CodeIgniter\CodeIgniter->handleRequest()
 8 FCPATH/index.php(79): CodeIgniter\CodeIgniter->run()
ERROR - 2024-09-26 20:33:43 --> mysqli_sql_exception: You have an error in your SQL syntax; check the manual that corresponds to your MariaDB server version for the right syntax to use near ')' at line 3 in /home/linkpaym/v8.linkpayment.my.id/system/Database/MySQLi/Connection.php:306
Stack trace:
#0 /home/linkpaym/v8.linkpayment.my.id/system/Database/MySQLi/Connection.php(306): mysqli->query()
#1 /home/linkpaym/v8.linkpayment.my.id/system/Database/BaseConnection.php(693): CodeIgniter\Database\MySQLi\Connection->execute()
#2 /home/linkpaym/v8.linkpayment.my.id/system/Database/BaseConnection.php(607): CodeIgniter\Database\BaseConnection->simpleQuery()
#3 /home/linkpaym/v8.linkpayment.my.id/system/Database/BaseBuilder.php(1615): CodeIgniter\Database\BaseConnection->query()
#4 /home/linkpaym/v8.linkpayment.my.id/system/Model.php(237): CodeIgniter\Database\BaseBuilder->get()
#5 /home/linkpaym/v8.linkpayment.my.id/system/BaseModel.php(624): CodeIgniter\Model->doFindAll()
#6 /home/linkpaym/v8.linkpayment.my.id/app/Controllers/View.php(81): CodeIgniter\BaseModel->findAll()
#7 /home/linkpaym/v8.linkpayment.my.id/system/CodeIgniter.php(943): App\Controllers\View->getFlashSale()
#8 /home/linkpaym/v8.linkpayment.my.id/system/CodeIgniter.php(503): CodeIgniter\CodeIgniter->runController()
#9 /home/linkpaym/v8.linkpayment.my.id/system/CodeIgniter.php(362): CodeIgniter\CodeIgniter->handleRequest()
#10 /home/linkpaym/v8.linkpayment.my.id/index.php(79): CodeIgniter\CodeIgniter->run()
#11 {main}
CRITICAL - 2024-09-26 20:33:43 --> You have an error in your SQL syntax; check the manual that corresponds to your MariaDB server version for the right syntax to use near ')' at line 3
in SYSTEMPATH/Database/BaseConnection.php on line 647.
 1 SYSTEMPATH/Database/BaseBuilder.php(1615): CodeIgniter\Database\BaseConnection->query()
 2 SYSTEMPATH/Model.php(237): CodeIgniter\Database\BaseBuilder->get()
 3 SYSTEMPATH/BaseModel.php(624): CodeIgniter\Model->doFindAll()
 4 APPPATH/Controllers/View.php(81): CodeIgniter\BaseModel->findAll()
 5 SYSTEMPATH/CodeIgniter.php(943): App\Controllers\View->getFlashSale()
 6 SYSTEMPATH/CodeIgniter.php(503): CodeIgniter\CodeIgniter->runController()
 7 SYSTEMPATH/CodeIgniter.php(362): CodeIgniter\CodeIgniter->handleRequest()
 8 FCPATH/index.php(79): CodeIgniter\CodeIgniter->run()
ERROR - 2024-09-26 21:01:21 --> mysqli_sql_exception: You have an error in your SQL syntax; check the manual that corresponds to your MariaDB server version for the right syntax to use near ')' at line 3 in /home/linkpaym/v8.linkpayment.my.id/system/Database/MySQLi/Connection.php:306
Stack trace:
#0 /home/linkpaym/v8.linkpayment.my.id/system/Database/MySQLi/Connection.php(306): mysqli->query()
#1 /home/linkpaym/v8.linkpayment.my.id/system/Database/BaseConnection.php(693): CodeIgniter\Database\MySQLi\Connection->execute()
#2 /home/linkpaym/v8.linkpayment.my.id/system/Database/BaseConnection.php(607): CodeIgniter\Database\BaseConnection->simpleQuery()
#3 /home/linkpaym/v8.linkpayment.my.id/system/Database/BaseBuilder.php(1615): CodeIgniter\Database\BaseConnection->query()
#4 /home/linkpaym/v8.linkpayment.my.id/system/Model.php(237): CodeIgniter\Database\BaseBuilder->get()
#5 /home/linkpaym/v8.linkpayment.my.id/system/BaseModel.php(624): CodeIgniter\Model->doFindAll()
#6 /home/linkpaym/v8.linkpayment.my.id/app/Controllers/View.php(81): CodeIgniter\BaseModel->findAll()
#7 /home/linkpaym/v8.linkpayment.my.id/system/CodeIgniter.php(943): App\Controllers\View->getFlashSale()
#8 /home/linkpaym/v8.linkpayment.my.id/system/CodeIgniter.php(503): CodeIgniter\CodeIgniter->runController()
#9 /home/linkpaym/v8.linkpayment.my.id/system/CodeIgniter.php(362): CodeIgniter\CodeIgniter->handleRequest()
#10 /home/linkpaym/v8.linkpayment.my.id/index.php(79): CodeIgniter\CodeIgniter->run()
#11 {main}
CRITICAL - 2024-09-26 21:01:21 --> You have an error in your SQL syntax; check the manual that corresponds to your MariaDB server version for the right syntax to use near ')' at line 3
in SYSTEMPATH/Database/BaseConnection.php on line 647.
 1 SYSTEMPATH/Database/BaseBuilder.php(1615): CodeIgniter\Database\BaseConnection->query()
 2 SYSTEMPATH/Model.php(237): CodeIgniter\Database\BaseBuilder->get()
 3 SYSTEMPATH/BaseModel.php(624): CodeIgniter\Model->doFindAll()
 4 APPPATH/Controllers/View.php(81): CodeIgniter\BaseModel->findAll()
 5 SYSTEMPATH/CodeIgniter.php(943): App\Controllers\View->getFlashSale()
 6 SYSTEMPATH/CodeIgniter.php(503): CodeIgniter\CodeIgniter->runController()
 7 SYSTEMPATH/CodeIgniter.php(362): CodeIgniter\CodeIgniter->handleRequest()
 8 FCPATH/index.php(79): CodeIgniter\CodeIgniter->run()
ERROR - 2024-09-26 21:12:20 --> mysqli_sql_exception: You have an error in your SQL syntax; check the manual that corresponds to your MariaDB server version for the right syntax to use near ')' at line 3 in /home/linkpaym/v8.linkpayment.my.id/system/Database/MySQLi/Connection.php:306
Stack trace:
#0 /home/linkpaym/v8.linkpayment.my.id/system/Database/MySQLi/Connection.php(306): mysqli->query()
#1 /home/linkpaym/v8.linkpayment.my.id/system/Database/BaseConnection.php(693): CodeIgniter\Database\MySQLi\Connection->execute()
#2 /home/linkpaym/v8.linkpayment.my.id/system/Database/BaseConnection.php(607): CodeIgniter\Database\BaseConnection->simpleQuery()
#3 /home/linkpaym/v8.linkpayment.my.id/system/Database/BaseBuilder.php(1615): CodeIgniter\Database\BaseConnection->query()
#4 /home/linkpaym/v8.linkpayment.my.id/system/Model.php(237): CodeIgniter\Database\BaseBuilder->get()
#5 /home/linkpaym/v8.linkpayment.my.id/system/BaseModel.php(624): CodeIgniter\Model->doFindAll()
#6 /home/linkpaym/v8.linkpayment.my.id/app/Controllers/View.php(81): CodeIgniter\BaseModel->findAll()
#7 /home/linkpaym/v8.linkpayment.my.id/system/CodeIgniter.php(943): App\Controllers\View->getFlashSale()
#8 /home/linkpaym/v8.linkpayment.my.id/system/CodeIgniter.php(503): CodeIgniter\CodeIgniter->runController()
#9 /home/linkpaym/v8.linkpayment.my.id/system/CodeIgniter.php(362): CodeIgniter\CodeIgniter->handleRequest()
#10 /home/linkpaym/v8.linkpayment.my.id/index.php(79): CodeIgniter\CodeIgniter->run()
#11 {main}
CRITICAL - 2024-09-26 21:12:20 --> You have an error in your SQL syntax; check the manual that corresponds to your MariaDB server version for the right syntax to use near ')' at line 3
in SYSTEMPATH/Database/BaseConnection.php on line 647.
 1 SYSTEMPATH/Database/BaseBuilder.php(1615): CodeIgniter\Database\BaseConnection->query()
 2 SYSTEMPATH/Model.php(237): CodeIgniter\Database\BaseBuilder->get()
 3 SYSTEMPATH/BaseModel.php(624): CodeIgniter\Model->doFindAll()
 4 APPPATH/Controllers/View.php(81): CodeIgniter\BaseModel->findAll()
 5 SYSTEMPATH/CodeIgniter.php(943): App\Controllers\View->getFlashSale()
 6 SYSTEMPATH/CodeIgniter.php(503): CodeIgniter\CodeIgniter->runController()
 7 SYSTEMPATH/CodeIgniter.php(362): CodeIgniter\CodeIgniter->handleRequest()
 8 FCPATH/index.php(79): CodeIgniter\CodeIgniter->run()
ERROR - 2024-09-26 21:14:37 --> mysqli_sql_exception: You have an error in your SQL syntax; check the manual that corresponds to your MariaDB server version for the right syntax to use near ')' at line 3 in /home/linkpaym/v8.linkpayment.my.id/system/Database/MySQLi/Connection.php:306
Stack trace:
#0 /home/linkpaym/v8.linkpayment.my.id/system/Database/MySQLi/Connection.php(306): mysqli->query()
#1 /home/linkpaym/v8.linkpayment.my.id/system/Database/BaseConnection.php(693): CodeIgniter\Database\MySQLi\Connection->execute()
#2 /home/linkpaym/v8.linkpayment.my.id/system/Database/BaseConnection.php(607): CodeIgniter\Database\BaseConnection->simpleQuery()
#3 /home/linkpaym/v8.linkpayment.my.id/system/Database/BaseBuilder.php(1615): CodeIgniter\Database\BaseConnection->query()
#4 /home/linkpaym/v8.linkpayment.my.id/system/Model.php(237): CodeIgniter\Database\BaseBuilder->get()
#5 /home/linkpaym/v8.linkpayment.my.id/system/BaseModel.php(624): CodeIgniter\Model->doFindAll()
#6 /home/linkpaym/v8.linkpayment.my.id/app/Controllers/View.php(81): CodeIgniter\BaseModel->findAll()
#7 /home/linkpaym/v8.linkpayment.my.id/system/CodeIgniter.php(943): App\Controllers\View->getFlashSale()
#8 /home/linkpaym/v8.linkpayment.my.id/system/CodeIgniter.php(503): CodeIgniter\CodeIgniter->runController()
#9 /home/linkpaym/v8.linkpayment.my.id/system/CodeIgniter.php(362): CodeIgniter\CodeIgniter->handleRequest()
#10 /home/linkpaym/v8.linkpayment.my.id/index.php(79): CodeIgniter\CodeIgniter->run()
#11 {main}
CRITICAL - 2024-09-26 21:14:37 --> You have an error in your SQL syntax; check the manual that corresponds to your MariaDB server version for the right syntax to use near ')' at line 3
in SYSTEMPATH/Database/BaseConnection.php on line 647.
 1 SYSTEMPATH/Database/BaseBuilder.php(1615): CodeIgniter\Database\BaseConnection->query()
 2 SYSTEMPATH/Model.php(237): CodeIgniter\Database\BaseBuilder->get()
 3 SYSTEMPATH/BaseModel.php(624): CodeIgniter\Model->doFindAll()
 4 APPPATH/Controllers/View.php(81): CodeIgniter\BaseModel->findAll()
 5 SYSTEMPATH/CodeIgniter.php(943): App\Controllers\View->getFlashSale()
 6 SYSTEMPATH/CodeIgniter.php(503): CodeIgniter\CodeIgniter->runController()
 7 SYSTEMPATH/CodeIgniter.php(362): CodeIgniter\CodeIgniter->handleRequest()
 8 FCPATH/index.php(79): CodeIgniter\CodeIgniter->run()
ERROR - 2024-09-26 21:16:27 --> mysqli_sql_exception: You have an error in your SQL syntax; check the manual that corresponds to your MariaDB server version for the right syntax to use near ')' at line 3 in /home/linkpaym/v8.linkpayment.my.id/system/Database/MySQLi/Connection.php:306
Stack trace:
#0 /home/linkpaym/v8.linkpayment.my.id/system/Database/MySQLi/Connection.php(306): mysqli->query()
#1 /home/linkpaym/v8.linkpayment.my.id/system/Database/BaseConnection.php(693): CodeIgniter\Database\MySQLi\Connection->execute()
#2 /home/linkpaym/v8.linkpayment.my.id/system/Database/BaseConnection.php(607): CodeIgniter\Database\BaseConnection->simpleQuery()
#3 /home/linkpaym/v8.linkpayment.my.id/system/Database/BaseBuilder.php(1615): CodeIgniter\Database\BaseConnection->query()
#4 /home/linkpaym/v8.linkpayment.my.id/system/Model.php(237): CodeIgniter\Database\BaseBuilder->get()
#5 /home/linkpaym/v8.linkpayment.my.id/system/BaseModel.php(624): CodeIgniter\Model->doFindAll()
#6 /home/linkpaym/v8.linkpayment.my.id/app/Controllers/View.php(81): CodeIgniter\BaseModel->findAll()
#7 /home/linkpaym/v8.linkpayment.my.id/system/CodeIgniter.php(943): App\Controllers\View->getFlashSale()
#8 /home/linkpaym/v8.linkpayment.my.id/system/CodeIgniter.php(503): CodeIgniter\CodeIgniter->runController()
#9 /home/linkpaym/v8.linkpayment.my.id/system/CodeIgniter.php(362): CodeIgniter\CodeIgniter->handleRequest()
#10 /home/linkpaym/v8.linkpayment.my.id/index.php(79): CodeIgniter\CodeIgniter->run()
#11 {main}
CRITICAL - 2024-09-26 21:16:27 --> You have an error in your SQL syntax; check the manual that corresponds to your MariaDB server version for the right syntax to use near ')' at line 3
in SYSTEMPATH/Database/BaseConnection.php on line 647.
 1 SYSTEMPATH/Database/BaseBuilder.php(1615): CodeIgniter\Database\BaseConnection->query()
 2 SYSTEMPATH/Model.php(237): CodeIgniter\Database\BaseBuilder->get()
 3 SYSTEMPATH/BaseModel.php(624): CodeIgniter\Model->doFindAll()
 4 APPPATH/Controllers/View.php(81): CodeIgniter\BaseModel->findAll()
 5 SYSTEMPATH/CodeIgniter.php(943): App\Controllers\View->getFlashSale()
 6 SYSTEMPATH/CodeIgniter.php(503): CodeIgniter\CodeIgniter->runController()
 7 SYSTEMPATH/CodeIgniter.php(362): CodeIgniter\CodeIgniter->handleRequest()
 8 FCPATH/index.php(79): CodeIgniter\CodeIgniter->run()
ERROR - 2024-09-26 21:16:42 --> mysqli_sql_exception: You have an error in your SQL syntax; check the manual that corresponds to your MariaDB server version for the right syntax to use near ')' at line 3 in /home/linkpaym/v8.linkpayment.my.id/system/Database/MySQLi/Connection.php:306
Stack trace:
#0 /home/linkpaym/v8.linkpayment.my.id/system/Database/MySQLi/Connection.php(306): mysqli->query()
#1 /home/linkpaym/v8.linkpayment.my.id/system/Database/BaseConnection.php(693): CodeIgniter\Database\MySQLi\Connection->execute()
#2 /home/linkpaym/v8.linkpayment.my.id/system/Database/BaseConnection.php(607): CodeIgniter\Database\BaseConnection->simpleQuery()
#3 /home/linkpaym/v8.linkpayment.my.id/system/Database/BaseBuilder.php(1615): CodeIgniter\Database\BaseConnection->query()
#4 /home/linkpaym/v8.linkpayment.my.id/system/Model.php(237): CodeIgniter\Database\BaseBuilder->get()
#5 /home/linkpaym/v8.linkpayment.my.id/system/BaseModel.php(624): CodeIgniter\Model->doFindAll()
#6 /home/linkpaym/v8.linkpayment.my.id/app/Controllers/View.php(81): CodeIgniter\BaseModel->findAll()
#7 /home/linkpaym/v8.linkpayment.my.id/system/CodeIgniter.php(943): App\Controllers\View->getFlashSale()
#8 /home/linkpaym/v8.linkpayment.my.id/system/CodeIgniter.php(503): CodeIgniter\CodeIgniter->runController()
#9 /home/linkpaym/v8.linkpayment.my.id/system/CodeIgniter.php(362): CodeIgniter\CodeIgniter->handleRequest()
#10 /home/linkpaym/v8.linkpayment.my.id/index.php(79): CodeIgniter\CodeIgniter->run()
#11 {main}
CRITICAL - 2024-09-26 21:16:42 --> You have an error in your SQL syntax; check the manual that corresponds to your MariaDB server version for the right syntax to use near ')' at line 3
in SYSTEMPATH/Database/BaseConnection.php on line 647.
 1 SYSTEMPATH/Database/BaseBuilder.php(1615): CodeIgniter\Database\BaseConnection->query()
 2 SYSTEMPATH/Model.php(237): CodeIgniter\Database\BaseBuilder->get()
 3 SYSTEMPATH/BaseModel.php(624): CodeIgniter\Model->doFindAll()
 4 APPPATH/Controllers/View.php(81): CodeIgniter\BaseModel->findAll()
 5 SYSTEMPATH/CodeIgniter.php(943): App\Controllers\View->getFlashSale()
 6 SYSTEMPATH/CodeIgniter.php(503): CodeIgniter\CodeIgniter->runController()
 7 SYSTEMPATH/CodeIgniter.php(362): CodeIgniter\CodeIgniter->handleRequest()
 8 FCPATH/index.php(79): CodeIgniter\CodeIgniter->run()
ERROR - 2024-09-26 21:57:16 --> mysqli_sql_exception: You have an error in your SQL syntax; check the manual that corresponds to your MariaDB server version for the right syntax to use near ')' at line 3 in /home/linkpaym/v8.linkpayment.my.id/system/Database/MySQLi/Connection.php:306
Stack trace:
#0 /home/linkpaym/v8.linkpayment.my.id/system/Database/MySQLi/Connection.php(306): mysqli->query()
#1 /home/linkpaym/v8.linkpayment.my.id/system/Database/BaseConnection.php(693): CodeIgniter\Database\MySQLi\Connection->execute()
#2 /home/linkpaym/v8.linkpayment.my.id/system/Database/BaseConnection.php(607): CodeIgniter\Database\BaseConnection->simpleQuery()
#3 /home/linkpaym/v8.linkpayment.my.id/system/Database/BaseBuilder.php(1615): CodeIgniter\Database\BaseConnection->query()
#4 /home/linkpaym/v8.linkpayment.my.id/system/Model.php(237): CodeIgniter\Database\BaseBuilder->get()
#5 /home/linkpaym/v8.linkpayment.my.id/system/BaseModel.php(624): CodeIgniter\Model->doFindAll()
#6 /home/linkpaym/v8.linkpayment.my.id/app/Controllers/View.php(81): CodeIgniter\BaseModel->findAll()
#7 /home/linkpaym/v8.linkpayment.my.id/system/CodeIgniter.php(943): App\Controllers\View->getFlashSale()
#8 /home/linkpaym/v8.linkpayment.my.id/system/CodeIgniter.php(503): CodeIgniter\CodeIgniter->runController()
#9 /home/linkpaym/v8.linkpayment.my.id/system/CodeIgniter.php(362): CodeIgniter\CodeIgniter->handleRequest()
#10 /home/linkpaym/v8.linkpayment.my.id/index.php(79): CodeIgniter\CodeIgniter->run()
#11 {main}
CRITICAL - 2024-09-26 21:57:16 --> You have an error in your SQL syntax; check the manual that corresponds to your MariaDB server version for the right syntax to use near ')' at line 3
in SYSTEMPATH/Database/BaseConnection.php on line 647.
 1 SYSTEMPATH/Database/BaseBuilder.php(1615): CodeIgniter\Database\BaseConnection->query()
 2 SYSTEMPATH/Model.php(237): CodeIgniter\Database\BaseBuilder->get()
 3 SYSTEMPATH/BaseModel.php(624): CodeIgniter\Model->doFindAll()
 4 APPPATH/Controllers/View.php(81): CodeIgniter\BaseModel->findAll()
 5 SYSTEMPATH/CodeIgniter.php(943): App\Controllers\View->getFlashSale()
 6 SYSTEMPATH/CodeIgniter.php(503): CodeIgniter\CodeIgniter->runController()
 7 SYSTEMPATH/CodeIgniter.php(362): CodeIgniter\CodeIgniter->handleRequest()
 8 FCPATH/index.php(79): CodeIgniter\CodeIgniter->run()
