ERROR - 2024-04-27 02:10:03 --> Error connecting to the database: mysqli_sql_exception: No such file or directory in /home/mentari3/tema1.xosgames.com/system/Database/MySQLi/Connection.php:185
Stack trace:
#0 /home/mentari3/tema1.xosgames.com/system/Database/MySQLi/Connection.php(185): mysqli->real_connect()
#1 /home/mentari3/tema1.xosgames.com/system/Database/BaseConnection.php(392): CodeIgniter\Database\MySQLi\Connection->connect()
#2 /home/mentari3/tema1.xosgames.com/system/Database/BaseConnection.php(575): CodeIgniter\Database\BaseConnection->initialize()
#3 /home/mentari3/tema1.xosgames.com/system/Database/BaseBuilder.php(1615): CodeIgniter\Database\BaseConnection->query()
#4 /home/mentari3/tema1.xosgames.com/system/Model.php(264): CodeIgniter\Database\BaseBuilder->get()
#5 /home/mentari3/tema1.xosgames.com/system/BaseModel.php(662): CodeIgniter\Model->doFirst()
#6 /home/mentari3/tema1.xosgames.com/app/Controllers/BaseController.php(39): CodeIgniter\BaseModel->first()
#7 /home/mentari3/tema1.xosgames.com/app/Controllers/Sistem/Sistem.php(110): App\Controllers\BaseController->getSettingsData()
#8 /home/mentari3/tema1.xosgames.com/system/CodeIgniter.php(942): App\Controllers\Sistem\Sistem->updateStatusVip()
#9 /home/mentari3/tema1.xosgames.com/system/CodeIgniter.php(502): CodeIgniter\CodeIgniter->runController()
#10 /home/mentari3/tema1.xosgames.com/system/CodeIgniter.php(361): CodeIgniter\CodeIgniter->handleRequest()
#11 /home/mentari3/tema1.xosgames.com/index.php(79): CodeIgniter\CodeIgniter->run()
#12 {main}

Next CodeIgniter\Database\Exceptions\DatabaseException: No such file or directory in /home/mentari3/tema1.xosgames.com/system/Database/MySQLi/Connection.php:229
Stack trace:
#0 /home/mentari3/tema1.xosgames.com/system/Database/BaseConnection.php(392): CodeIgniter\Database\MySQLi\Connection->connect()
#1 /home/mentari3/tema1.xosgames.com/system/Database/BaseConnection.php(575): CodeIgniter\Database\BaseConnection->initialize()
#2 /home/mentari3/tema1.xosgames.com/system/Database/BaseBuilder.php(1615): CodeIgniter\Database\BaseConnection->query()
#3 /home/mentari3/tema1.xosgames.com/system/Model.php(264): CodeIgniter\Database\BaseBuilder->get()
#4 /home/mentari3/tema1.xosgames.com/system/BaseModel.php(662): CodeIgniter\Model->doFirst()
#5 /home/mentari3/tema1.xosgames.com/app/Controllers/BaseController.php(39): CodeIgniter\BaseModel->first()
#6 /home/mentari3/tema1.xosgames.com/app/Controllers/Sistem/Sistem.php(110): App\Controllers\BaseController->getSettingsData()
#7 /home/mentari3/tema1.xosgames.com/system/CodeIgniter.php(942): App\Controllers\Sistem\Sistem->updateStatusVip()
#8 /home/mentari3/tema1.xosgames.com/system/CodeIgniter.php(502): CodeIgniter\CodeIgniter->runController()
#9 /home/mentari3/tema1.xosgames.com/system/CodeIgniter.php(361): CodeIgniter\CodeIgniter->handleRequest()
#10 /home/mentari3/tema1.xosgames.com/index.php(79): CodeIgniter\CodeIgniter->run()
#11 {main}
CRITICAL - 2024-04-27 02:10:03 --> Unable to connect to the database.
Main connection [MySQLi]: No such file or directory
in SYSTEMPATH/Database/BaseConnection.php on line 428.
 1 SYSTEMPATH/Database/BaseConnection.php(575): CodeIgniter\Database\BaseConnection->initialize()
 2 SYSTEMPATH/Database/BaseBuilder.php(1615): CodeIgniter\Database\BaseConnection->query()
 3 SYSTEMPATH/Model.php(264): CodeIgniter\Database\BaseBuilder->get()
 4 SYSTEMPATH/BaseModel.php(662): CodeIgniter\Model->doFirst()
 5 APPPATH/Controllers/BaseController.php(39): CodeIgniter\BaseModel->first()
 6 APPPATH/Controllers/Sistem/Sistem.php(110): App\Controllers\BaseController->getSettingsData()
 7 SYSTEMPATH/CodeIgniter.php(942): App\Controllers\Sistem\Sistem->updateStatusVip()
 8 SYSTEMPATH/CodeIgniter.php(502): CodeIgniter\CodeIgniter->runController()
 9 SYSTEMPATH/CodeIgniter.php(361): CodeIgniter\CodeIgniter->handleRequest()
10 FCPATH/index.php(79): CodeIgniter\CodeIgniter->run()
ERROR - 2024-04-27 02:10:03 --> Error connecting to the database: mysqli_sql_exception: No such file or directory in /home/mentari3/tema1.xosgames.com/system/Database/MySQLi/Connection.php:185
Stack trace:
#0 /home/mentari3/tema1.xosgames.com/system/Database/MySQLi/Connection.php(185): mysqli->real_connect()
#1 /home/mentari3/tema1.xosgames.com/system/Database/BaseConnection.php(392): CodeIgniter\Database\MySQLi\Connection->connect()
#2 /home/mentari3/tema1.xosgames.com/system/Database/BaseConnection.php(575): CodeIgniter\Database\BaseConnection->initialize()
#3 /home/mentari3/tema1.xosgames.com/system/Database/BaseBuilder.php(1615): CodeIgniter\Database\BaseConnection->query()
#4 /home/mentari3/tema1.xosgames.com/system/Model.php(264): CodeIgniter\Database\BaseBuilder->get()
#5 /home/mentari3/tema1.xosgames.com/system/BaseModel.php(662): CodeIgniter\Model->doFirst()
#6 /home/mentari3/tema1.xosgames.com/app/Controllers/BaseController.php(39): CodeIgniter\BaseModel->first()
#7 /home/mentari3/tema1.xosgames.com/app/Controllers/Sistem/Sistem.php(329): App\Controllers\BaseController->getSettingsData()
#8 /home/mentari3/tema1.xosgames.com/system/CodeIgniter.php(942): App\Controllers\Sistem\Sistem->updateStatusDf()
#9 /home/mentari3/tema1.xosgames.com/system/CodeIgniter.php(502): CodeIgniter\CodeIgniter->runController()
#10 /home/mentari3/tema1.xosgames.com/system/CodeIgniter.php(361): CodeIgniter\CodeIgniter->handleRequest()
#11 /home/mentari3/tema1.xosgames.com/index.php(79): CodeIgniter\CodeIgniter->run()
#12 {main}

Next CodeIgniter\Database\Exceptions\DatabaseException: No such file or directory in /home/mentari3/tema1.xosgames.com/system/Database/MySQLi/Connection.php:229
Stack trace:
#0 /home/mentari3/tema1.xosgames.com/system/Database/BaseConnection.php(392): CodeIgniter\Database\MySQLi\Connection->connect()
#1 /home/mentari3/tema1.xosgames.com/system/Database/BaseConnection.php(575): CodeIgniter\Database\BaseConnection->initialize()
#2 /home/mentari3/tema1.xosgames.com/system/Database/BaseBuilder.php(1615): CodeIgniter\Database\BaseConnection->query()
#3 /home/mentari3/tema1.xosgames.com/system/Model.php(264): CodeIgniter\Database\BaseBuilder->get()
#4 /home/mentari3/tema1.xosgames.com/system/BaseModel.php(662): CodeIgniter\Model->doFirst()
#5 /home/mentari3/tema1.xosgames.com/app/Controllers/BaseController.php(39): CodeIgniter\BaseModel->first()
#6 /home/mentari3/tema1.xosgames.com/app/Controllers/Sistem/Sistem.php(329): App\Controllers\BaseController->getSettingsData()
#7 /home/mentari3/tema1.xosgames.com/system/CodeIgniter.php(942): App\Controllers\Sistem\Sistem->updateStatusDf()
#8 /home/mentari3/tema1.xosgames.com/system/CodeIgniter.php(502): CodeIgniter\CodeIgniter->runController()
#9 /home/mentari3/tema1.xosgames.com/system/CodeIgniter.php(361): CodeIgniter\CodeIgniter->handleRequest()
#10 /home/mentari3/tema1.xosgames.com/index.php(79): CodeIgniter\CodeIgniter->run()
#11 {main}
CRITICAL - 2024-04-27 02:10:03 --> Unable to connect to the database.
Main connection [MySQLi]: No such file or directory
in SYSTEMPATH/Database/BaseConnection.php on line 428.
 1 SYSTEMPATH/Database/BaseConnection.php(575): CodeIgniter\Database\BaseConnection->initialize()
 2 SYSTEMPATH/Database/BaseBuilder.php(1615): CodeIgniter\Database\BaseConnection->query()
 3 SYSTEMPATH/Model.php(264): CodeIgniter\Database\BaseBuilder->get()
 4 SYSTEMPATH/BaseModel.php(662): CodeIgniter\Model->doFirst()
 5 APPPATH/Controllers/BaseController.php(39): CodeIgniter\BaseModel->first()
 6 APPPATH/Controllers/Sistem/Sistem.php(329): App\Controllers\BaseController->getSettingsData()
 7 SYSTEMPATH/CodeIgniter.php(942): App\Controllers\Sistem\Sistem->updateStatusDf()
 8 SYSTEMPATH/CodeIgniter.php(502): CodeIgniter\CodeIgniter->runController()
 9 SYSTEMPATH/CodeIgniter.php(361): CodeIgniter\CodeIgniter->handleRequest()
10 FCPATH/index.php(79): CodeIgniter\CodeIgniter->run()
CRITICAL - 2024-04-27 02:26:47 --> Trying to access array offset on value of type null
in APPPATH/Views/invoice.php on line 31.
 1 APPPATH/Views/invoice.php(31): CodeIgniter\Debug\Exceptions->errorHandler()
 2 SYSTEMPATH/View/View.php(228): include('/home/mentari3/tema1.xosgames.com/app/Views/invoice.php')
 3 SYSTEMPATH/View/View.php(231): CodeIgniter\View\View->CodeIgniter\View\{closure}()
 4 SYSTEMPATH/Common.php(1190): CodeIgniter\View\View->render()
 5 APPPATH/Controllers/View.php(225): view()
 6 SYSTEMPATH/CodeIgniter.php(942): App\Controllers\View->invoice()
 7 SYSTEMPATH/CodeIgniter.php(502): CodeIgniter\CodeIgniter->runController()
 8 SYSTEMPATH/CodeIgniter.php(361): CodeIgniter\CodeIgniter->handleRequest()
 9 FCPATH/index.php(79): CodeIgniter\CodeIgniter->run()
CRITICAL - 2024-04-27 02:26:51 --> Trying to access array offset on value of type null
in APPPATH/Views/invoice.php on line 31.
 1 APPPATH/Views/invoice.php(31): CodeIgniter\Debug\Exceptions->errorHandler()
 2 SYSTEMPATH/View/View.php(228): include('/home/mentari3/tema1.xosgames.com/app/Views/invoice.php')
 3 SYSTEMPATH/View/View.php(231): CodeIgniter\View\View->CodeIgniter\View\{closure}()
 4 SYSTEMPATH/Common.php(1190): CodeIgniter\View\View->render()
 5 APPPATH/Controllers/View.php(225): view()
 6 SYSTEMPATH/CodeIgniter.php(942): App\Controllers\View->invoice()
 7 SYSTEMPATH/CodeIgniter.php(502): CodeIgniter\CodeIgniter->runController()
 8 SYSTEMPATH/CodeIgniter.php(361): CodeIgniter\CodeIgniter->handleRequest()
 9 FCPATH/index.php(79): CodeIgniter\CodeIgniter->run()
CRITICAL - 2024-04-27 02:26:53 --> Trying to access array offset on value of type null
in APPPATH/Views/invoice.php on line 31.
 1 APPPATH/Views/invoice.php(31): CodeIgniter\Debug\Exceptions->errorHandler()
 2 SYSTEMPATH/View/View.php(228): include('/home/mentari3/tema1.xosgames.com/app/Views/invoice.php')
 3 SYSTEMPATH/View/View.php(231): CodeIgniter\View\View->CodeIgniter\View\{closure}()
 4 SYSTEMPATH/Common.php(1190): CodeIgniter\View\View->render()
 5 APPPATH/Controllers/View.php(225): view()
 6 SYSTEMPATH/CodeIgniter.php(942): App\Controllers\View->invoice()
 7 SYSTEMPATH/CodeIgniter.php(502): CodeIgniter\CodeIgniter->runController()
 8 SYSTEMPATH/CodeIgniter.php(361): CodeIgniter\CodeIgniter->handleRequest()
 9 FCPATH/index.php(79): CodeIgniter\CodeIgniter->run()
