CRITICAL - 2024-04-06 00:37:31 --> Undefined array key "status_pembayaran"
in APPPATH/Views/user/invoice.php on line 9.
 1 APPPATH/Views/user/invoice.php(9): CodeIgniter\Debug\Exceptions->errorHandler()
 2 SYSTEMPATH/View/View.php(228): include('/home/mentari3/tema1.xosgames.com/app/Views/user/invoice.php')
 3 SYSTEMPATH/View/View.php(231): CodeIgniter\View\View->CodeIgniter\View\{closure}()
 4 SYSTEMPATH/Common.php(1190): CodeIgniter\View\View->render()
 5 APPPATH/Controllers/User/View.php(203): view()
 6 SYSTEMPATH/CodeIgniter.php(942): App\Controllers\User\View->invoice()
 7 SYSTEMPATH/CodeIgniter.php(502): CodeIgniter\CodeIgniter->runController()
 8 SYSTEMPATH/CodeIgniter.php(361): CodeIgniter\CodeIgniter->handleRequest()
 9 FCPATH/index.php(79): CodeIgniter\CodeIgniter->run()
CRITICAL - 2024-04-06 00:37:37 --> Undefined array key "status_pembayaran"
in APPPATH/Views/user/invoice.php on line 9.
 1 APPPATH/Views/user/invoice.php(9): CodeIgniter\Debug\Exceptions->errorHandler()
 2 SYSTEMPATH/View/View.php(228): include('/home/mentari3/tema1.xosgames.com/app/Views/user/invoice.php')
 3 SYSTEMPATH/View/View.php(231): CodeIgniter\View\View->CodeIgniter\View\{closure}()
 4 SYSTEMPATH/Common.php(1190): CodeIgniter\View\View->render()
 5 APPPATH/Controllers/User/View.php(203): view()
 6 SYSTEMPATH/CodeIgniter.php(942): App\Controllers\User\View->invoice()
 7 SYSTEMPATH/CodeIgniter.php(502): CodeIgniter\CodeIgniter->runController()
 8 SYSTEMPATH/CodeIgniter.php(361): CodeIgniter\CodeIgniter->handleRequest()
 9 FCPATH/index.php(79): CodeIgniter\CodeIgniter->run()
CRITICAL - 2024-04-06 00:38:03 --> Undefined array key "status_pembayaran"
in APPPATH/Views/user/invoice.php on line 9.
 1 APPPATH/Views/user/invoice.php(9): CodeIgniter\Debug\Exceptions->errorHandler()
 2 SYSTEMPATH/View/View.php(228): include('/home/mentari3/tema1.xosgames.com/app/Views/user/invoice.php')
 3 SYSTEMPATH/View/View.php(231): CodeIgniter\View\View->CodeIgniter\View\{closure}()
 4 SYSTEMPATH/Common.php(1190): CodeIgniter\View\View->render()
 5 APPPATH/Controllers/User/View.php(203): view()
 6 SYSTEMPATH/CodeIgniter.php(942): App\Controllers\User\View->invoice()
 7 SYSTEMPATH/CodeIgniter.php(502): CodeIgniter\CodeIgniter->runController()
 8 SYSTEMPATH/CodeIgniter.php(361): CodeIgniter\CodeIgniter->handleRequest()
 9 FCPATH/index.php(79): CodeIgniter\CodeIgniter->run()
CRITICAL - 2024-04-06 00:38:09 --> Undefined array key "status_pembayaran"
in APPPATH/Views/user/invoice.php on line 9.
 1 APPPATH/Views/user/invoice.php(9): CodeIgniter\Debug\Exceptions->errorHandler()
 2 SYSTEMPATH/View/View.php(228): include('/home/mentari3/tema1.xosgames.com/app/Views/user/invoice.php')
 3 SYSTEMPATH/View/View.php(231): CodeIgniter\View\View->CodeIgniter\View\{closure}()
 4 SYSTEMPATH/Common.php(1190): CodeIgniter\View\View->render()
 5 APPPATH/Controllers/User/View.php(203): view()
 6 SYSTEMPATH/CodeIgniter.php(942): App\Controllers\User\View->invoice()
 7 SYSTEMPATH/CodeIgniter.php(502): CodeIgniter\CodeIgniter->runController()
 8 SYSTEMPATH/CodeIgniter.php(361): CodeIgniter\CodeIgniter->handleRequest()
 9 FCPATH/index.php(79): CodeIgniter\CodeIgniter->run()
CRITICAL - 2024-04-06 00:38:22 --> Undefined array key "status_pembayaran"
in APPPATH/Views/user/invoice.php on line 9.
 1 APPPATH/Views/user/invoice.php(9): CodeIgniter\Debug\Exceptions->errorHandler()
 2 SYSTEMPATH/View/View.php(228): include('/home/mentari3/tema1.xosgames.com/app/Views/user/invoice.php')
 3 SYSTEMPATH/View/View.php(231): CodeIgniter\View\View->CodeIgniter\View\{closure}()
 4 SYSTEMPATH/Common.php(1190): CodeIgniter\View\View->render()
 5 APPPATH/Controllers/User/View.php(203): view()
 6 SYSTEMPATH/CodeIgniter.php(942): App\Controllers\User\View->invoice()
 7 SYSTEMPATH/CodeIgniter.php(502): CodeIgniter\CodeIgniter->runController()
 8 SYSTEMPATH/CodeIgniter.php(361): CodeIgniter\CodeIgniter->handleRequest()
 9 FCPATH/index.php(79): CodeIgniter\CodeIgniter->run()
