ERROR - 2024-08-06 00:31:42 --> mysqli_sql_exception: You have an error in your SQL syntax; check the manual that corresponds to your MariaDB server version for the right syntax to use near ')' at line 3 in /home/topupvip/public_html/system/Database/MySQLi/Connection.php:306
Stack trace:
#0 /home/topupvip/public_html/system/Database/MySQLi/Connection.php(306): mysqli->query()
#1 /home/topupvip/public_html/system/Database/BaseConnection.php(693): CodeIgniter\Database\MySQLi\Connection->execute()
#2 /home/topupvip/public_html/system/Database/BaseConnection.php(607): CodeIgniter\Database\BaseConnection->simpleQuery()
#3 /home/topupvip/public_html/system/Database/BaseBuilder.php(1615): CodeIgniter\Database\BaseConnection->query()
#4 /home/topupvip/public_html/system/Model.php(237): CodeIgniter\Database\BaseBuilder->get()
#5 /home/topupvip/public_html/system/BaseModel.php(624): CodeIgniter\Model->doFindAll()
#6 /home/topupvip/public_html/app/Controllers/View.php(81): CodeIgniter\BaseModel->findAll()
#7 /home/topupvip/public_html/system/CodeIgniter.php(943): App\Controllers\View->getFlashSale()
#8 /home/topupvip/public_html/system/CodeIgniter.php(503): CodeIgniter\CodeIgniter->runController()
#9 /home/topupvip/public_html/system/CodeIgniter.php(362): CodeIgniter\CodeIgniter->handleRequest()
#10 /home/topupvip/public_html/index.php(79): CodeIgniter\CodeIgniter->run()
#11 {main}
CRITICAL - 2024-08-06 00:31:42 --> You have an error in your SQL syntax; check the manual that corresponds to your MariaDB server version for the right syntax to use near ')' at line 3
in SYSTEMPATH/Database/BaseConnection.php on line 647.
 1 SYSTEMPATH/Database/BaseBuilder.php(1615): CodeIgniter\Database\BaseConnection->query()
 2 SYSTEMPATH/Model.php(237): CodeIgniter\Database\BaseBuilder->get()
 3 SYSTEMPATH/BaseModel.php(624): CodeIgniter\Model->doFindAll()
 4 APPPATH/Controllers/View.php(81): CodeIgniter\BaseModel->findAll()
 5 SYSTEMPATH/CodeIgniter.php(943): App\Controllers\View->getFlashSale()
 6 SYSTEMPATH/CodeIgniter.php(503): CodeIgniter\CodeIgniter->runController()
 7 SYSTEMPATH/CodeIgniter.php(362): CodeIgniter\CodeIgniter->handleRequest()
 8 FCPATH/index.php(79): CodeIgniter\CodeIgniter->run()
ERROR - 2024-08-06 00:32:15 --> mysqli_sql_exception: You have an error in your SQL syntax; check the manual that corresponds to your MariaDB server version for the right syntax to use near ')' at line 3 in /home/topupvip/public_html/system/Database/MySQLi/Connection.php:306
Stack trace:
#0 /home/topupvip/public_html/system/Database/MySQLi/Connection.php(306): mysqli->query()
#1 /home/topupvip/public_html/system/Database/BaseConnection.php(693): CodeIgniter\Database\MySQLi\Connection->execute()
#2 /home/topupvip/public_html/system/Database/BaseConnection.php(607): CodeIgniter\Database\BaseConnection->simpleQuery()
#3 /home/topupvip/public_html/system/Database/BaseBuilder.php(1615): CodeIgniter\Database\BaseConnection->query()
#4 /home/topupvip/public_html/system/Model.php(237): CodeIgniter\Database\BaseBuilder->get()
#5 /home/topupvip/public_html/system/BaseModel.php(624): CodeIgniter\Model->doFindAll()
#6 /home/topupvip/public_html/app/Controllers/View.php(81): CodeIgniter\BaseModel->findAll()
#7 /home/topupvip/public_html/system/CodeIgniter.php(943): App\Controllers\View->getFlashSale()
#8 /home/topupvip/public_html/system/CodeIgniter.php(503): CodeIgniter\CodeIgniter->runController()
#9 /home/topupvip/public_html/system/CodeIgniter.php(362): CodeIgniter\CodeIgniter->handleRequest()
#10 /home/topupvip/public_html/index.php(79): CodeIgniter\CodeIgniter->run()
#11 {main}
CRITICAL - 2024-08-06 00:32:15 --> You have an error in your SQL syntax; check the manual that corresponds to your MariaDB server version for the right syntax to use near ')' at line 3
in SYSTEMPATH/Database/BaseConnection.php on line 647.
 1 SYSTEMPATH/Database/BaseBuilder.php(1615): CodeIgniter\Database\BaseConnection->query()
 2 SYSTEMPATH/Model.php(237): CodeIgniter\Database\BaseBuilder->get()
 3 SYSTEMPATH/BaseModel.php(624): CodeIgniter\Model->doFindAll()
 4 APPPATH/Controllers/View.php(81): CodeIgniter\BaseModel->findAll()
 5 SYSTEMPATH/CodeIgniter.php(943): App\Controllers\View->getFlashSale()
 6 SYSTEMPATH/CodeIgniter.php(503): CodeIgniter\CodeIgniter->runController()
 7 SYSTEMPATH/CodeIgniter.php(362): CodeIgniter\CodeIgniter->handleRequest()
 8 FCPATH/index.php(79): CodeIgniter\CodeIgniter->run()
ERROR - 2024-08-06 00:32:31 --> mysqli_sql_exception: You have an error in your SQL syntax; check the manual that corresponds to your MariaDB server version for the right syntax to use near ')' at line 3 in /home/topupvip/public_html/system/Database/MySQLi/Connection.php:306
Stack trace:
#0 /home/topupvip/public_html/system/Database/MySQLi/Connection.php(306): mysqli->query()
#1 /home/topupvip/public_html/system/Database/BaseConnection.php(693): CodeIgniter\Database\MySQLi\Connection->execute()
#2 /home/topupvip/public_html/system/Database/BaseConnection.php(607): CodeIgniter\Database\BaseConnection->simpleQuery()
#3 /home/topupvip/public_html/system/Database/BaseBuilder.php(1615): CodeIgniter\Database\BaseConnection->query()
#4 /home/topupvip/public_html/system/Model.php(237): CodeIgniter\Database\BaseBuilder->get()
#5 /home/topupvip/public_html/system/BaseModel.php(624): CodeIgniter\Model->doFindAll()
#6 /home/topupvip/public_html/app/Controllers/View.php(81): CodeIgniter\BaseModel->findAll()
#7 /home/topupvip/public_html/system/CodeIgniter.php(943): App\Controllers\View->getFlashSale()
#8 /home/topupvip/public_html/system/CodeIgniter.php(503): CodeIgniter\CodeIgniter->runController()
#9 /home/topupvip/public_html/system/CodeIgniter.php(362): CodeIgniter\CodeIgniter->handleRequest()
#10 /home/topupvip/public_html/index.php(79): CodeIgniter\CodeIgniter->run()
#11 {main}
CRITICAL - 2024-08-06 00:32:31 --> You have an error in your SQL syntax; check the manual that corresponds to your MariaDB server version for the right syntax to use near ')' at line 3
in SYSTEMPATH/Database/BaseConnection.php on line 647.
 1 SYSTEMPATH/Database/BaseBuilder.php(1615): CodeIgniter\Database\BaseConnection->query()
 2 SYSTEMPATH/Model.php(237): CodeIgniter\Database\BaseBuilder->get()
 3 SYSTEMPATH/BaseModel.php(624): CodeIgniter\Model->doFindAll()
 4 APPPATH/Controllers/View.php(81): CodeIgniter\BaseModel->findAll()
 5 SYSTEMPATH/CodeIgniter.php(943): App\Controllers\View->getFlashSale()
 6 SYSTEMPATH/CodeIgniter.php(503): CodeIgniter\CodeIgniter->runController()
 7 SYSTEMPATH/CodeIgniter.php(362): CodeIgniter\CodeIgniter->handleRequest()
 8 FCPATH/index.php(79): CodeIgniter\CodeIgniter->run()
ERROR - 2024-08-06 00:32:46 --> mysqli_sql_exception: You have an error in your SQL syntax; check the manual that corresponds to your MariaDB server version for the right syntax to use near ')' at line 3 in /home/topupvip/public_html/system/Database/MySQLi/Connection.php:306
Stack trace:
#0 /home/topupvip/public_html/system/Database/MySQLi/Connection.php(306): mysqli->query()
#1 /home/topupvip/public_html/system/Database/BaseConnection.php(693): CodeIgniter\Database\MySQLi\Connection->execute()
#2 /home/topupvip/public_html/system/Database/BaseConnection.php(607): CodeIgniter\Database\BaseConnection->simpleQuery()
#3 /home/topupvip/public_html/system/Database/BaseBuilder.php(1615): CodeIgniter\Database\BaseConnection->query()
#4 /home/topupvip/public_html/system/Model.php(237): CodeIgniter\Database\BaseBuilder->get()
#5 /home/topupvip/public_html/system/BaseModel.php(624): CodeIgniter\Model->doFindAll()
#6 /home/topupvip/public_html/app/Controllers/View.php(81): CodeIgniter\BaseModel->findAll()
#7 /home/topupvip/public_html/system/CodeIgniter.php(943): App\Controllers\View->getFlashSale()
#8 /home/topupvip/public_html/system/CodeIgniter.php(503): CodeIgniter\CodeIgniter->runController()
#9 /home/topupvip/public_html/system/CodeIgniter.php(362): CodeIgniter\CodeIgniter->handleRequest()
#10 /home/topupvip/public_html/index.php(79): CodeIgniter\CodeIgniter->run()
#11 {main}
CRITICAL - 2024-08-06 00:32:46 --> You have an error in your SQL syntax; check the manual that corresponds to your MariaDB server version for the right syntax to use near ')' at line 3
in SYSTEMPATH/Database/BaseConnection.php on line 647.
 1 SYSTEMPATH/Database/BaseBuilder.php(1615): CodeIgniter\Database\BaseConnection->query()
 2 SYSTEMPATH/Model.php(237): CodeIgniter\Database\BaseBuilder->get()
 3 SYSTEMPATH/BaseModel.php(624): CodeIgniter\Model->doFindAll()
 4 APPPATH/Controllers/View.php(81): CodeIgniter\BaseModel->findAll()
 5 SYSTEMPATH/CodeIgniter.php(943): App\Controllers\View->getFlashSale()
 6 SYSTEMPATH/CodeIgniter.php(503): CodeIgniter\CodeIgniter->runController()
 7 SYSTEMPATH/CodeIgniter.php(362): CodeIgniter\CodeIgniter->handleRequest()
 8 FCPATH/index.php(79): CodeIgniter\CodeIgniter->run()
ERROR - 2024-08-06 00:34:11 --> mysqli_sql_exception: You have an error in your SQL syntax; check the manual that corresponds to your MariaDB server version for the right syntax to use near ')' at line 3 in /home/topupvip/public_html/system/Database/MySQLi/Connection.php:306
Stack trace:
#0 /home/topupvip/public_html/system/Database/MySQLi/Connection.php(306): mysqli->query()
#1 /home/topupvip/public_html/system/Database/BaseConnection.php(693): CodeIgniter\Database\MySQLi\Connection->execute()
#2 /home/topupvip/public_html/system/Database/BaseConnection.php(607): CodeIgniter\Database\BaseConnection->simpleQuery()
#3 /home/topupvip/public_html/system/Database/BaseBuilder.php(1615): CodeIgniter\Database\BaseConnection->query()
#4 /home/topupvip/public_html/system/Model.php(237): CodeIgniter\Database\BaseBuilder->get()
#5 /home/topupvip/public_html/system/BaseModel.php(624): CodeIgniter\Model->doFindAll()
#6 /home/topupvip/public_html/app/Controllers/View.php(81): CodeIgniter\BaseModel->findAll()
#7 /home/topupvip/public_html/system/CodeIgniter.php(943): App\Controllers\View->getFlashSale()
#8 /home/topupvip/public_html/system/CodeIgniter.php(503): CodeIgniter\CodeIgniter->runController()
#9 /home/topupvip/public_html/system/CodeIgniter.php(362): CodeIgniter\CodeIgniter->handleRequest()
#10 /home/topupvip/public_html/index.php(79): CodeIgniter\CodeIgniter->run()
#11 {main}
CRITICAL - 2024-08-06 00:34:11 --> You have an error in your SQL syntax; check the manual that corresponds to your MariaDB server version for the right syntax to use near ')' at line 3
in SYSTEMPATH/Database/BaseConnection.php on line 647.
 1 SYSTEMPATH/Database/BaseBuilder.php(1615): CodeIgniter\Database\BaseConnection->query()
 2 SYSTEMPATH/Model.php(237): CodeIgniter\Database\BaseBuilder->get()
 3 SYSTEMPATH/BaseModel.php(624): CodeIgniter\Model->doFindAll()
 4 APPPATH/Controllers/View.php(81): CodeIgniter\BaseModel->findAll()
 5 SYSTEMPATH/CodeIgniter.php(943): App\Controllers\View->getFlashSale()
 6 SYSTEMPATH/CodeIgniter.php(503): CodeIgniter\CodeIgniter->runController()
 7 SYSTEMPATH/CodeIgniter.php(362): CodeIgniter\CodeIgniter->handleRequest()
 8 FCPATH/index.php(79): CodeIgniter\CodeIgniter->run()
ERROR - 2024-08-06 00:34:46 --> mysqli_sql_exception: You have an error in your SQL syntax; check the manual that corresponds to your MariaDB server version for the right syntax to use near ')' at line 3 in /home/topupvip/public_html/system/Database/MySQLi/Connection.php:306
Stack trace:
#0 /home/topupvip/public_html/system/Database/MySQLi/Connection.php(306): mysqli->query()
#1 /home/topupvip/public_html/system/Database/BaseConnection.php(693): CodeIgniter\Database\MySQLi\Connection->execute()
#2 /home/topupvip/public_html/system/Database/BaseConnection.php(607): CodeIgniter\Database\BaseConnection->simpleQuery()
#3 /home/topupvip/public_html/system/Database/BaseBuilder.php(1615): CodeIgniter\Database\BaseConnection->query()
#4 /home/topupvip/public_html/system/Model.php(237): CodeIgniter\Database\BaseBuilder->get()
#5 /home/topupvip/public_html/system/BaseModel.php(624): CodeIgniter\Model->doFindAll()
#6 /home/topupvip/public_html/app/Controllers/View.php(81): CodeIgniter\BaseModel->findAll()
#7 /home/topupvip/public_html/system/CodeIgniter.php(943): App\Controllers\View->getFlashSale()
#8 /home/topupvip/public_html/system/CodeIgniter.php(503): CodeIgniter\CodeIgniter->runController()
#9 /home/topupvip/public_html/system/CodeIgniter.php(362): CodeIgniter\CodeIgniter->handleRequest()
#10 /home/topupvip/public_html/index.php(79): CodeIgniter\CodeIgniter->run()
#11 {main}
CRITICAL - 2024-08-06 00:34:46 --> You have an error in your SQL syntax; check the manual that corresponds to your MariaDB server version for the right syntax to use near ')' at line 3
in SYSTEMPATH/Database/BaseConnection.php on line 647.
 1 SYSTEMPATH/Database/BaseBuilder.php(1615): CodeIgniter\Database\BaseConnection->query()
 2 SYSTEMPATH/Model.php(237): CodeIgniter\Database\BaseBuilder->get()
 3 SYSTEMPATH/BaseModel.php(624): CodeIgniter\Model->doFindAll()
 4 APPPATH/Controllers/View.php(81): CodeIgniter\BaseModel->findAll()
 5 SYSTEMPATH/CodeIgniter.php(943): App\Controllers\View->getFlashSale()
 6 SYSTEMPATH/CodeIgniter.php(503): CodeIgniter\CodeIgniter->runController()
 7 SYSTEMPATH/CodeIgniter.php(362): CodeIgniter\CodeIgniter->handleRequest()
 8 FCPATH/index.php(79): CodeIgniter\CodeIgniter->run()
ERROR - 2024-08-06 01:04:45 --> mysqli_sql_exception: You have an error in your SQL syntax; check the manual that corresponds to your MariaDB server version for the right syntax to use near ')' at line 3 in /home/topupvip/public_html/system/Database/MySQLi/Connection.php:306
Stack trace:
#0 /home/topupvip/public_html/system/Database/MySQLi/Connection.php(306): mysqli->query()
#1 /home/topupvip/public_html/system/Database/BaseConnection.php(693): CodeIgniter\Database\MySQLi\Connection->execute()
#2 /home/topupvip/public_html/system/Database/BaseConnection.php(607): CodeIgniter\Database\BaseConnection->simpleQuery()
#3 /home/topupvip/public_html/system/Database/BaseBuilder.php(1615): CodeIgniter\Database\BaseConnection->query()
#4 /home/topupvip/public_html/system/Model.php(237): CodeIgniter\Database\BaseBuilder->get()
#5 /home/topupvip/public_html/system/BaseModel.php(624): CodeIgniter\Model->doFindAll()
#6 /home/topupvip/public_html/app/Controllers/View.php(81): CodeIgniter\BaseModel->findAll()
#7 /home/topupvip/public_html/system/CodeIgniter.php(943): App\Controllers\View->getFlashSale()
#8 /home/topupvip/public_html/system/CodeIgniter.php(503): CodeIgniter\CodeIgniter->runController()
#9 /home/topupvip/public_html/system/CodeIgniter.php(362): CodeIgniter\CodeIgniter->handleRequest()
#10 /home/topupvip/public_html/index.php(79): CodeIgniter\CodeIgniter->run()
#11 {main}
CRITICAL - 2024-08-06 01:04:45 --> You have an error in your SQL syntax; check the manual that corresponds to your MariaDB server version for the right syntax to use near ')' at line 3
in SYSTEMPATH/Database/BaseConnection.php on line 647.
 1 SYSTEMPATH/Database/BaseBuilder.php(1615): CodeIgniter\Database\BaseConnection->query()
 2 SYSTEMPATH/Model.php(237): CodeIgniter\Database\BaseBuilder->get()
 3 SYSTEMPATH/BaseModel.php(624): CodeIgniter\Model->doFindAll()
 4 APPPATH/Controllers/View.php(81): CodeIgniter\BaseModel->findAll()
 5 SYSTEMPATH/CodeIgniter.php(943): App\Controllers\View->getFlashSale()
 6 SYSTEMPATH/CodeIgniter.php(503): CodeIgniter\CodeIgniter->runController()
 7 SYSTEMPATH/CodeIgniter.php(362): CodeIgniter\CodeIgniter->handleRequest()
 8 FCPATH/index.php(79): CodeIgniter\CodeIgniter->run()
ERROR - 2024-08-06 01:04:51 --> mysqli_sql_exception: You have an error in your SQL syntax; check the manual that corresponds to your MariaDB server version for the right syntax to use near ')' at line 3 in /home/topupvip/public_html/system/Database/MySQLi/Connection.php:306
Stack trace:
#0 /home/topupvip/public_html/system/Database/MySQLi/Connection.php(306): mysqli->query()
#1 /home/topupvip/public_html/system/Database/BaseConnection.php(693): CodeIgniter\Database\MySQLi\Connection->execute()
#2 /home/topupvip/public_html/system/Database/BaseConnection.php(607): CodeIgniter\Database\BaseConnection->simpleQuery()
#3 /home/topupvip/public_html/system/Database/BaseBuilder.php(1615): CodeIgniter\Database\BaseConnection->query()
#4 /home/topupvip/public_html/system/Model.php(237): CodeIgniter\Database\BaseBuilder->get()
#5 /home/topupvip/public_html/system/BaseModel.php(624): CodeIgniter\Model->doFindAll()
#6 /home/topupvip/public_html/app/Controllers/View.php(81): CodeIgniter\BaseModel->findAll()
#7 /home/topupvip/public_html/system/CodeIgniter.php(943): App\Controllers\View->getFlashSale()
#8 /home/topupvip/public_html/system/CodeIgniter.php(503): CodeIgniter\CodeIgniter->runController()
#9 /home/topupvip/public_html/system/CodeIgniter.php(362): CodeIgniter\CodeIgniter->handleRequest()
#10 /home/topupvip/public_html/index.php(79): CodeIgniter\CodeIgniter->run()
#11 {main}
CRITICAL - 2024-08-06 01:04:51 --> You have an error in your SQL syntax; check the manual that corresponds to your MariaDB server version for the right syntax to use near ')' at line 3
in SYSTEMPATH/Database/BaseConnection.php on line 647.
 1 SYSTEMPATH/Database/BaseBuilder.php(1615): CodeIgniter\Database\BaseConnection->query()
 2 SYSTEMPATH/Model.php(237): CodeIgniter\Database\BaseBuilder->get()
 3 SYSTEMPATH/BaseModel.php(624): CodeIgniter\Model->doFindAll()
 4 APPPATH/Controllers/View.php(81): CodeIgniter\BaseModel->findAll()
 5 SYSTEMPATH/CodeIgniter.php(943): App\Controllers\View->getFlashSale()
 6 SYSTEMPATH/CodeIgniter.php(503): CodeIgniter\CodeIgniter->runController()
 7 SYSTEMPATH/CodeIgniter.php(362): CodeIgniter\CodeIgniter->handleRequest()
 8 FCPATH/index.php(79): CodeIgniter\CodeIgniter->run()
ERROR - 2024-08-06 01:10:01 --> mysqli_sql_exception: You have an error in your SQL syntax; check the manual that corresponds to your MariaDB server version for the right syntax to use near ')' at line 3 in /home/topupvip/public_html/system/Database/MySQLi/Connection.php:306
Stack trace:
#0 /home/topupvip/public_html/system/Database/MySQLi/Connection.php(306): mysqli->query()
#1 /home/topupvip/public_html/system/Database/BaseConnection.php(693): CodeIgniter\Database\MySQLi\Connection->execute()
#2 /home/topupvip/public_html/system/Database/BaseConnection.php(607): CodeIgniter\Database\BaseConnection->simpleQuery()
#3 /home/topupvip/public_html/system/Database/BaseBuilder.php(1615): CodeIgniter\Database\BaseConnection->query()
#4 /home/topupvip/public_html/system/Model.php(237): CodeIgniter\Database\BaseBuilder->get()
#5 /home/topupvip/public_html/system/BaseModel.php(624): CodeIgniter\Model->doFindAll()
#6 /home/topupvip/public_html/app/Controllers/View.php(81): CodeIgniter\BaseModel->findAll()
#7 /home/topupvip/public_html/system/CodeIgniter.php(943): App\Controllers\View->getFlashSale()
#8 /home/topupvip/public_html/system/CodeIgniter.php(503): CodeIgniter\CodeIgniter->runController()
#9 /home/topupvip/public_html/system/CodeIgniter.php(362): CodeIgniter\CodeIgniter->handleRequest()
#10 /home/topupvip/public_html/index.php(79): CodeIgniter\CodeIgniter->run()
#11 {main}
CRITICAL - 2024-08-06 01:10:01 --> You have an error in your SQL syntax; check the manual that corresponds to your MariaDB server version for the right syntax to use near ')' at line 3
in SYSTEMPATH/Database/BaseConnection.php on line 647.
 1 SYSTEMPATH/Database/BaseBuilder.php(1615): CodeIgniter\Database\BaseConnection->query()
 2 SYSTEMPATH/Model.php(237): CodeIgniter\Database\BaseBuilder->get()
 3 SYSTEMPATH/BaseModel.php(624): CodeIgniter\Model->doFindAll()
 4 APPPATH/Controllers/View.php(81): CodeIgniter\BaseModel->findAll()
 5 SYSTEMPATH/CodeIgniter.php(943): App\Controllers\View->getFlashSale()
 6 SYSTEMPATH/CodeIgniter.php(503): CodeIgniter\CodeIgniter->runController()
 7 SYSTEMPATH/CodeIgniter.php(362): CodeIgniter\CodeIgniter->handleRequest()
 8 FCPATH/index.php(79): CodeIgniter\CodeIgniter->run()
ERROR - 2024-08-06 01:10:58 --> mysqli_sql_exception: You have an error in your SQL syntax; check the manual that corresponds to your MariaDB server version for the right syntax to use near ')' at line 3 in /home/topupvip/public_html/system/Database/MySQLi/Connection.php:306
Stack trace:
#0 /home/topupvip/public_html/system/Database/MySQLi/Connection.php(306): mysqli->query()
#1 /home/topupvip/public_html/system/Database/BaseConnection.php(693): CodeIgniter\Database\MySQLi\Connection->execute()
#2 /home/topupvip/public_html/system/Database/BaseConnection.php(607): CodeIgniter\Database\BaseConnection->simpleQuery()
#3 /home/topupvip/public_html/system/Database/BaseBuilder.php(1615): CodeIgniter\Database\BaseConnection->query()
#4 /home/topupvip/public_html/system/Model.php(237): CodeIgniter\Database\BaseBuilder->get()
#5 /home/topupvip/public_html/system/BaseModel.php(624): CodeIgniter\Model->doFindAll()
#6 /home/topupvip/public_html/app/Controllers/View.php(81): CodeIgniter\BaseModel->findAll()
#7 /home/topupvip/public_html/system/CodeIgniter.php(943): App\Controllers\View->getFlashSale()
#8 /home/topupvip/public_html/system/CodeIgniter.php(503): CodeIgniter\CodeIgniter->runController()
#9 /home/topupvip/public_html/system/CodeIgniter.php(362): CodeIgniter\CodeIgniter->handleRequest()
#10 /home/topupvip/public_html/index.php(79): CodeIgniter\CodeIgniter->run()
#11 {main}
CRITICAL - 2024-08-06 01:10:58 --> You have an error in your SQL syntax; check the manual that corresponds to your MariaDB server version for the right syntax to use near ')' at line 3
in SYSTEMPATH/Database/BaseConnection.php on line 647.
 1 SYSTEMPATH/Database/BaseBuilder.php(1615): CodeIgniter\Database\BaseConnection->query()
 2 SYSTEMPATH/Model.php(237): CodeIgniter\Database\BaseBuilder->get()
 3 SYSTEMPATH/BaseModel.php(624): CodeIgniter\Model->doFindAll()
 4 APPPATH/Controllers/View.php(81): CodeIgniter\BaseModel->findAll()
 5 SYSTEMPATH/CodeIgniter.php(943): App\Controllers\View->getFlashSale()
 6 SYSTEMPATH/CodeIgniter.php(503): CodeIgniter\CodeIgniter->runController()
 7 SYSTEMPATH/CodeIgniter.php(362): CodeIgniter\CodeIgniter->handleRequest()
 8 FCPATH/index.php(79): CodeIgniter\CodeIgniter->run()
ERROR - 2024-08-06 01:11:10 --> mysqli_sql_exception: You have an error in your SQL syntax; check the manual that corresponds to your MariaDB server version for the right syntax to use near ')' at line 3 in /home/topupvip/public_html/system/Database/MySQLi/Connection.php:306
Stack trace:
#0 /home/topupvip/public_html/system/Database/MySQLi/Connection.php(306): mysqli->query()
#1 /home/topupvip/public_html/system/Database/BaseConnection.php(693): CodeIgniter\Database\MySQLi\Connection->execute()
#2 /home/topupvip/public_html/system/Database/BaseConnection.php(607): CodeIgniter\Database\BaseConnection->simpleQuery()
#3 /home/topupvip/public_html/system/Database/BaseBuilder.php(1615): CodeIgniter\Database\BaseConnection->query()
#4 /home/topupvip/public_html/system/Model.php(237): CodeIgniter\Database\BaseBuilder->get()
#5 /home/topupvip/public_html/system/BaseModel.php(624): CodeIgniter\Model->doFindAll()
#6 /home/topupvip/public_html/app/Controllers/View.php(81): CodeIgniter\BaseModel->findAll()
#7 /home/topupvip/public_html/system/CodeIgniter.php(943): App\Controllers\View->getFlashSale()
#8 /home/topupvip/public_html/system/CodeIgniter.php(503): CodeIgniter\CodeIgniter->runController()
#9 /home/topupvip/public_html/system/CodeIgniter.php(362): CodeIgniter\CodeIgniter->handleRequest()
#10 /home/topupvip/public_html/index.php(79): CodeIgniter\CodeIgniter->run()
#11 {main}
CRITICAL - 2024-08-06 01:11:10 --> You have an error in your SQL syntax; check the manual that corresponds to your MariaDB server version for the right syntax to use near ')' at line 3
in SYSTEMPATH/Database/BaseConnection.php on line 647.
 1 SYSTEMPATH/Database/BaseBuilder.php(1615): CodeIgniter\Database\BaseConnection->query()
 2 SYSTEMPATH/Model.php(237): CodeIgniter\Database\BaseBuilder->get()
 3 SYSTEMPATH/BaseModel.php(624): CodeIgniter\Model->doFindAll()
 4 APPPATH/Controllers/View.php(81): CodeIgniter\BaseModel->findAll()
 5 SYSTEMPATH/CodeIgniter.php(943): App\Controllers\View->getFlashSale()
 6 SYSTEMPATH/CodeIgniter.php(503): CodeIgniter\CodeIgniter->runController()
 7 SYSTEMPATH/CodeIgniter.php(362): CodeIgniter\CodeIgniter->handleRequest()
 8 FCPATH/index.php(79): CodeIgniter\CodeIgniter->run()
ERROR - 2024-08-06 05:38:16 --> mysqli_sql_exception: You have an error in your SQL syntax; check the manual that corresponds to your MariaDB server version for the right syntax to use near ')' at line 3 in /home/topupvip/public_html/system/Database/MySQLi/Connection.php:306
Stack trace:
#0 /home/topupvip/public_html/system/Database/MySQLi/Connection.php(306): mysqli->query()
#1 /home/topupvip/public_html/system/Database/BaseConnection.php(693): CodeIgniter\Database\MySQLi\Connection->execute()
#2 /home/topupvip/public_html/system/Database/BaseConnection.php(607): CodeIgniter\Database\BaseConnection->simpleQuery()
#3 /home/topupvip/public_html/system/Database/BaseBuilder.php(1615): CodeIgniter\Database\BaseConnection->query()
#4 /home/topupvip/public_html/system/Model.php(237): CodeIgniter\Database\BaseBuilder->get()
#5 /home/topupvip/public_html/system/BaseModel.php(624): CodeIgniter\Model->doFindAll()
#6 /home/topupvip/public_html/app/Controllers/View.php(81): CodeIgniter\BaseModel->findAll()
#7 /home/topupvip/public_html/system/CodeIgniter.php(943): App\Controllers\View->getFlashSale()
#8 /home/topupvip/public_html/system/CodeIgniter.php(503): CodeIgniter\CodeIgniter->runController()
#9 /home/topupvip/public_html/system/CodeIgniter.php(362): CodeIgniter\CodeIgniter->handleRequest()
#10 /home/topupvip/public_html/index.php(79): CodeIgniter\CodeIgniter->run()
#11 {main}
CRITICAL - 2024-08-06 05:38:16 --> You have an error in your SQL syntax; check the manual that corresponds to your MariaDB server version for the right syntax to use near ')' at line 3
in SYSTEMPATH/Database/BaseConnection.php on line 647.
 1 SYSTEMPATH/Database/BaseBuilder.php(1615): CodeIgniter\Database\BaseConnection->query()
 2 SYSTEMPATH/Model.php(237): CodeIgniter\Database\BaseBuilder->get()
 3 SYSTEMPATH/BaseModel.php(624): CodeIgniter\Model->doFindAll()
 4 APPPATH/Controllers/View.php(81): CodeIgniter\BaseModel->findAll()
 5 SYSTEMPATH/CodeIgniter.php(943): App\Controllers\View->getFlashSale()
 6 SYSTEMPATH/CodeIgniter.php(503): CodeIgniter\CodeIgniter->runController()
 7 SYSTEMPATH/CodeIgniter.php(362): CodeIgniter\CodeIgniter->handleRequest()
 8 FCPATH/index.php(79): CodeIgniter\CodeIgniter->run()
ERROR - 2024-08-06 05:39:33 --> mysqli_sql_exception: You have an error in your SQL syntax; check the manual that corresponds to your MariaDB server version for the right syntax to use near ')' at line 3 in /home/topupvip/public_html/system/Database/MySQLi/Connection.php:306
Stack trace:
#0 /home/topupvip/public_html/system/Database/MySQLi/Connection.php(306): mysqli->query()
#1 /home/topupvip/public_html/system/Database/BaseConnection.php(693): CodeIgniter\Database\MySQLi\Connection->execute()
#2 /home/topupvip/public_html/system/Database/BaseConnection.php(607): CodeIgniter\Database\BaseConnection->simpleQuery()
#3 /home/topupvip/public_html/system/Database/BaseBuilder.php(1615): CodeIgniter\Database\BaseConnection->query()
#4 /home/topupvip/public_html/system/Model.php(237): CodeIgniter\Database\BaseBuilder->get()
#5 /home/topupvip/public_html/system/BaseModel.php(624): CodeIgniter\Model->doFindAll()
#6 /home/topupvip/public_html/app/Controllers/View.php(81): CodeIgniter\BaseModel->findAll()
#7 /home/topupvip/public_html/system/CodeIgniter.php(943): App\Controllers\View->getFlashSale()
#8 /home/topupvip/public_html/system/CodeIgniter.php(503): CodeIgniter\CodeIgniter->runController()
#9 /home/topupvip/public_html/system/CodeIgniter.php(362): CodeIgniter\CodeIgniter->handleRequest()
#10 /home/topupvip/public_html/index.php(79): CodeIgniter\CodeIgniter->run()
#11 {main}
CRITICAL - 2024-08-06 05:39:33 --> You have an error in your SQL syntax; check the manual that corresponds to your MariaDB server version for the right syntax to use near ')' at line 3
in SYSTEMPATH/Database/BaseConnection.php on line 647.
 1 SYSTEMPATH/Database/BaseBuilder.php(1615): CodeIgniter\Database\BaseConnection->query()
 2 SYSTEMPATH/Model.php(237): CodeIgniter\Database\BaseBuilder->get()
 3 SYSTEMPATH/BaseModel.php(624): CodeIgniter\Model->doFindAll()
 4 APPPATH/Controllers/View.php(81): CodeIgniter\BaseModel->findAll()
 5 SYSTEMPATH/CodeIgniter.php(943): App\Controllers\View->getFlashSale()
 6 SYSTEMPATH/CodeIgniter.php(503): CodeIgniter\CodeIgniter->runController()
 7 SYSTEMPATH/CodeIgniter.php(362): CodeIgniter\CodeIgniter->handleRequest()
 8 FCPATH/index.php(79): CodeIgniter\CodeIgniter->run()
ERROR - 2024-08-06 06:05:57 --> mysqli_sql_exception: You have an error in your SQL syntax; check the manual that corresponds to your MariaDB server version for the right syntax to use near ')' at line 3 in /home/topupvip/public_html/system/Database/MySQLi/Connection.php:306
Stack trace:
#0 /home/topupvip/public_html/system/Database/MySQLi/Connection.php(306): mysqli->query()
#1 /home/topupvip/public_html/system/Database/BaseConnection.php(693): CodeIgniter\Database\MySQLi\Connection->execute()
#2 /home/topupvip/public_html/system/Database/BaseConnection.php(607): CodeIgniter\Database\BaseConnection->simpleQuery()
#3 /home/topupvip/public_html/system/Database/BaseBuilder.php(1615): CodeIgniter\Database\BaseConnection->query()
#4 /home/topupvip/public_html/system/Model.php(237): CodeIgniter\Database\BaseBuilder->get()
#5 /home/topupvip/public_html/system/BaseModel.php(624): CodeIgniter\Model->doFindAll()
#6 /home/topupvip/public_html/app/Controllers/View.php(81): CodeIgniter\BaseModel->findAll()
#7 /home/topupvip/public_html/system/CodeIgniter.php(943): App\Controllers\View->getFlashSale()
#8 /home/topupvip/public_html/system/CodeIgniter.php(503): CodeIgniter\CodeIgniter->runController()
#9 /home/topupvip/public_html/system/CodeIgniter.php(362): CodeIgniter\CodeIgniter->handleRequest()
#10 /home/topupvip/public_html/index.php(79): CodeIgniter\CodeIgniter->run()
#11 {main}
CRITICAL - 2024-08-06 06:05:57 --> You have an error in your SQL syntax; check the manual that corresponds to your MariaDB server version for the right syntax to use near ')' at line 3
in SYSTEMPATH/Database/BaseConnection.php on line 647.
 1 SYSTEMPATH/Database/BaseBuilder.php(1615): CodeIgniter\Database\BaseConnection->query()
 2 SYSTEMPATH/Model.php(237): CodeIgniter\Database\BaseBuilder->get()
 3 SYSTEMPATH/BaseModel.php(624): CodeIgniter\Model->doFindAll()
 4 APPPATH/Controllers/View.php(81): CodeIgniter\BaseModel->findAll()
 5 SYSTEMPATH/CodeIgniter.php(943): App\Controllers\View->getFlashSale()
 6 SYSTEMPATH/CodeIgniter.php(503): CodeIgniter\CodeIgniter->runController()
 7 SYSTEMPATH/CodeIgniter.php(362): CodeIgniter\CodeIgniter->handleRequest()
 8 FCPATH/index.php(79): CodeIgniter\CodeIgniter->run()
ERROR - 2024-08-06 06:09:38 --> mysqli_sql_exception: You have an error in your SQL syntax; check the manual that corresponds to your MariaDB server version for the right syntax to use near ')' at line 3 in /home/topupvip/public_html/system/Database/MySQLi/Connection.php:306
Stack trace:
#0 /home/topupvip/public_html/system/Database/MySQLi/Connection.php(306): mysqli->query()
#1 /home/topupvip/public_html/system/Database/BaseConnection.php(693): CodeIgniter\Database\MySQLi\Connection->execute()
#2 /home/topupvip/public_html/system/Database/BaseConnection.php(607): CodeIgniter\Database\BaseConnection->simpleQuery()
#3 /home/topupvip/public_html/system/Database/BaseBuilder.php(1615): CodeIgniter\Database\BaseConnection->query()
#4 /home/topupvip/public_html/system/Model.php(237): CodeIgniter\Database\BaseBuilder->get()
#5 /home/topupvip/public_html/system/BaseModel.php(624): CodeIgniter\Model->doFindAll()
#6 /home/topupvip/public_html/app/Controllers/View.php(81): CodeIgniter\BaseModel->findAll()
#7 /home/topupvip/public_html/system/CodeIgniter.php(943): App\Controllers\View->getFlashSale()
#8 /home/topupvip/public_html/system/CodeIgniter.php(503): CodeIgniter\CodeIgniter->runController()
#9 /home/topupvip/public_html/system/CodeIgniter.php(362): CodeIgniter\CodeIgniter->handleRequest()
#10 /home/topupvip/public_html/index.php(79): CodeIgniter\CodeIgniter->run()
#11 {main}
CRITICAL - 2024-08-06 06:09:38 --> You have an error in your SQL syntax; check the manual that corresponds to your MariaDB server version for the right syntax to use near ')' at line 3
in SYSTEMPATH/Database/BaseConnection.php on line 647.
 1 SYSTEMPATH/Database/BaseBuilder.php(1615): CodeIgniter\Database\BaseConnection->query()
 2 SYSTEMPATH/Model.php(237): CodeIgniter\Database\BaseBuilder->get()
 3 SYSTEMPATH/BaseModel.php(624): CodeIgniter\Model->doFindAll()
 4 APPPATH/Controllers/View.php(81): CodeIgniter\BaseModel->findAll()
 5 SYSTEMPATH/CodeIgniter.php(943): App\Controllers\View->getFlashSale()
 6 SYSTEMPATH/CodeIgniter.php(503): CodeIgniter\CodeIgniter->runController()
 7 SYSTEMPATH/CodeIgniter.php(362): CodeIgniter\CodeIgniter->handleRequest()
 8 FCPATH/index.php(79): CodeIgniter\CodeIgniter->run()
CRITICAL - 2024-08-06 06:10:35 --> Trying to access array offset on value of type null
in APPPATH/Controllers/Order.php on line 74.
 1 APPPATH/Controllers/Order.php(74): CodeIgniter\Debug\Exceptions->errorHandler()
 2 SYSTEMPATH/CodeIgniter.php(943): App\Controllers\Order->cekID()
 3 SYSTEMPATH/CodeIgniter.php(503): CodeIgniter\CodeIgniter->runController()
 4 SYSTEMPATH/CodeIgniter.php(362): CodeIgniter\CodeIgniter->handleRequest()
 5 FCPATH/index.php(79): CodeIgniter\CodeIgniter->run()
ERROR - 2024-08-06 06:11:12 --> mysqli_sql_exception: You have an error in your SQL syntax; check the manual that corresponds to your MariaDB server version for the right syntax to use near ')' at line 3 in /home/topupvip/public_html/system/Database/MySQLi/Connection.php:306
Stack trace:
#0 /home/topupvip/public_html/system/Database/MySQLi/Connection.php(306): mysqli->query()
#1 /home/topupvip/public_html/system/Database/BaseConnection.php(693): CodeIgniter\Database\MySQLi\Connection->execute()
#2 /home/topupvip/public_html/system/Database/BaseConnection.php(607): CodeIgniter\Database\BaseConnection->simpleQuery()
#3 /home/topupvip/public_html/system/Database/BaseBuilder.php(1615): CodeIgniter\Database\BaseConnection->query()
#4 /home/topupvip/public_html/system/Model.php(237): CodeIgniter\Database\BaseBuilder->get()
#5 /home/topupvip/public_html/system/BaseModel.php(624): CodeIgniter\Model->doFindAll()
#6 /home/topupvip/public_html/app/Controllers/View.php(81): CodeIgniter\BaseModel->findAll()
#7 /home/topupvip/public_html/system/CodeIgniter.php(943): App\Controllers\View->getFlashSale()
#8 /home/topupvip/public_html/system/CodeIgniter.php(503): CodeIgniter\CodeIgniter->runController()
#9 /home/topupvip/public_html/system/CodeIgniter.php(362): CodeIgniter\CodeIgniter->handleRequest()
#10 /home/topupvip/public_html/index.php(79): CodeIgniter\CodeIgniter->run()
#11 {main}
CRITICAL - 2024-08-06 06:11:12 --> You have an error in your SQL syntax; check the manual that corresponds to your MariaDB server version for the right syntax to use near ')' at line 3
in SYSTEMPATH/Database/BaseConnection.php on line 647.
 1 SYSTEMPATH/Database/BaseBuilder.php(1615): CodeIgniter\Database\BaseConnection->query()
 2 SYSTEMPATH/Model.php(237): CodeIgniter\Database\BaseBuilder->get()
 3 SYSTEMPATH/BaseModel.php(624): CodeIgniter\Model->doFindAll()
 4 APPPATH/Controllers/View.php(81): CodeIgniter\BaseModel->findAll()
 5 SYSTEMPATH/CodeIgniter.php(943): App\Controllers\View->getFlashSale()
 6 SYSTEMPATH/CodeIgniter.php(503): CodeIgniter\CodeIgniter->runController()
 7 SYSTEMPATH/CodeIgniter.php(362): CodeIgniter\CodeIgniter->handleRequest()
 8 FCPATH/index.php(79): CodeIgniter\CodeIgniter->run()
ERROR - 2024-08-06 06:44:50 --> mysqli_sql_exception: You have an error in your SQL syntax; check the manual that corresponds to your MariaDB server version for the right syntax to use near ')' at line 3 in /home/topupvip/public_html/system/Database/MySQLi/Connection.php:306
Stack trace:
#0 /home/topupvip/public_html/system/Database/MySQLi/Connection.php(306): mysqli->query()
#1 /home/topupvip/public_html/system/Database/BaseConnection.php(693): CodeIgniter\Database\MySQLi\Connection->execute()
#2 /home/topupvip/public_html/system/Database/BaseConnection.php(607): CodeIgniter\Database\BaseConnection->simpleQuery()
#3 /home/topupvip/public_html/system/Database/BaseBuilder.php(1615): CodeIgniter\Database\BaseConnection->query()
#4 /home/topupvip/public_html/system/Model.php(237): CodeIgniter\Database\BaseBuilder->get()
#5 /home/topupvip/public_html/system/BaseModel.php(624): CodeIgniter\Model->doFindAll()
#6 /home/topupvip/public_html/app/Controllers/View.php(81): CodeIgniter\BaseModel->findAll()
#7 /home/topupvip/public_html/system/CodeIgniter.php(943): App\Controllers\View->getFlashSale()
#8 /home/topupvip/public_html/system/CodeIgniter.php(503): CodeIgniter\CodeIgniter->runController()
#9 /home/topupvip/public_html/system/CodeIgniter.php(362): CodeIgniter\CodeIgniter->handleRequest()
#10 /home/topupvip/public_html/index.php(79): CodeIgniter\CodeIgniter->run()
#11 {main}
CRITICAL - 2024-08-06 06:44:50 --> You have an error in your SQL syntax; check the manual that corresponds to your MariaDB server version for the right syntax to use near ')' at line 3
in SYSTEMPATH/Database/BaseConnection.php on line 647.
 1 SYSTEMPATH/Database/BaseBuilder.php(1615): CodeIgniter\Database\BaseConnection->query()
 2 SYSTEMPATH/Model.php(237): CodeIgniter\Database\BaseBuilder->get()
 3 SYSTEMPATH/BaseModel.php(624): CodeIgniter\Model->doFindAll()
 4 APPPATH/Controllers/View.php(81): CodeIgniter\BaseModel->findAll()
 5 SYSTEMPATH/CodeIgniter.php(943): App\Controllers\View->getFlashSale()
 6 SYSTEMPATH/CodeIgniter.php(503): CodeIgniter\CodeIgniter->runController()
 7 SYSTEMPATH/CodeIgniter.php(362): CodeIgniter\CodeIgniter->handleRequest()
 8 FCPATH/index.php(79): CodeIgniter\CodeIgniter->run()
ERROR - 2024-08-06 06:45:28 --> mysqli_sql_exception: You have an error in your SQL syntax; check the manual that corresponds to your MariaDB server version for the right syntax to use near ')' at line 3 in /home/topupvip/public_html/system/Database/MySQLi/Connection.php:306
Stack trace:
#0 /home/topupvip/public_html/system/Database/MySQLi/Connection.php(306): mysqli->query()
#1 /home/topupvip/public_html/system/Database/BaseConnection.php(693): CodeIgniter\Database\MySQLi\Connection->execute()
#2 /home/topupvip/public_html/system/Database/BaseConnection.php(607): CodeIgniter\Database\BaseConnection->simpleQuery()
#3 /home/topupvip/public_html/system/Database/BaseBuilder.php(1615): CodeIgniter\Database\BaseConnection->query()
#4 /home/topupvip/public_html/system/Model.php(237): CodeIgniter\Database\BaseBuilder->get()
#5 /home/topupvip/public_html/system/BaseModel.php(624): CodeIgniter\Model->doFindAll()
#6 /home/topupvip/public_html/app/Controllers/View.php(81): CodeIgniter\BaseModel->findAll()
#7 /home/topupvip/public_html/system/CodeIgniter.php(943): App\Controllers\View->getFlashSale()
#8 /home/topupvip/public_html/system/CodeIgniter.php(503): CodeIgniter\CodeIgniter->runController()
#9 /home/topupvip/public_html/system/CodeIgniter.php(362): CodeIgniter\CodeIgniter->handleRequest()
#10 /home/topupvip/public_html/index.php(79): CodeIgniter\CodeIgniter->run()
#11 {main}
CRITICAL - 2024-08-06 06:45:28 --> You have an error in your SQL syntax; check the manual that corresponds to your MariaDB server version for the right syntax to use near ')' at line 3
in SYSTEMPATH/Database/BaseConnection.php on line 647.
 1 SYSTEMPATH/Database/BaseBuilder.php(1615): CodeIgniter\Database\BaseConnection->query()
 2 SYSTEMPATH/Model.php(237): CodeIgniter\Database\BaseBuilder->get()
 3 SYSTEMPATH/BaseModel.php(624): CodeIgniter\Model->doFindAll()
 4 APPPATH/Controllers/View.php(81): CodeIgniter\BaseModel->findAll()
 5 SYSTEMPATH/CodeIgniter.php(943): App\Controllers\View->getFlashSale()
 6 SYSTEMPATH/CodeIgniter.php(503): CodeIgniter\CodeIgniter->runController()
 7 SYSTEMPATH/CodeIgniter.php(362): CodeIgniter\CodeIgniter->handleRequest()
 8 FCPATH/index.php(79): CodeIgniter\CodeIgniter->run()
ERROR - 2024-08-06 06:47:16 --> mysqli_sql_exception: You have an error in your SQL syntax; check the manual that corresponds to your MariaDB server version for the right syntax to use near ')' at line 3 in /home/topupvip/public_html/system/Database/MySQLi/Connection.php:306
Stack trace:
#0 /home/topupvip/public_html/system/Database/MySQLi/Connection.php(306): mysqli->query()
#1 /home/topupvip/public_html/system/Database/BaseConnection.php(693): CodeIgniter\Database\MySQLi\Connection->execute()
#2 /home/topupvip/public_html/system/Database/BaseConnection.php(607): CodeIgniter\Database\BaseConnection->simpleQuery()
#3 /home/topupvip/public_html/system/Database/BaseBuilder.php(1615): CodeIgniter\Database\BaseConnection->query()
#4 /home/topupvip/public_html/system/Model.php(237): CodeIgniter\Database\BaseBuilder->get()
#5 /home/topupvip/public_html/system/BaseModel.php(624): CodeIgniter\Model->doFindAll()
#6 /home/topupvip/public_html/app/Controllers/View.php(81): CodeIgniter\BaseModel->findAll()
#7 /home/topupvip/public_html/system/CodeIgniter.php(943): App\Controllers\View->getFlashSale()
#8 /home/topupvip/public_html/system/CodeIgniter.php(503): CodeIgniter\CodeIgniter->runController()
#9 /home/topupvip/public_html/system/CodeIgniter.php(362): CodeIgniter\CodeIgniter->handleRequest()
#10 /home/topupvip/public_html/index.php(79): CodeIgniter\CodeIgniter->run()
#11 {main}
CRITICAL - 2024-08-06 06:47:16 --> You have an error in your SQL syntax; check the manual that corresponds to your MariaDB server version for the right syntax to use near ')' at line 3
in SYSTEMPATH/Database/BaseConnection.php on line 647.
 1 SYSTEMPATH/Database/BaseBuilder.php(1615): CodeIgniter\Database\BaseConnection->query()
 2 SYSTEMPATH/Model.php(237): CodeIgniter\Database\BaseBuilder->get()
 3 SYSTEMPATH/BaseModel.php(624): CodeIgniter\Model->doFindAll()
 4 APPPATH/Controllers/View.php(81): CodeIgniter\BaseModel->findAll()
 5 SYSTEMPATH/CodeIgniter.php(943): App\Controllers\View->getFlashSale()
 6 SYSTEMPATH/CodeIgniter.php(503): CodeIgniter\CodeIgniter->runController()
 7 SYSTEMPATH/CodeIgniter.php(362): CodeIgniter\CodeIgniter->handleRequest()
 8 FCPATH/index.php(79): CodeIgniter\CodeIgniter->run()
ERROR - 2024-08-06 06:56:49 --> mysqli_sql_exception: You have an error in your SQL syntax; check the manual that corresponds to your MariaDB server version for the right syntax to use near ')' at line 3 in /home/topupvip/public_html/system/Database/MySQLi/Connection.php:306
Stack trace:
#0 /home/topupvip/public_html/system/Database/MySQLi/Connection.php(306): mysqli->query()
#1 /home/topupvip/public_html/system/Database/BaseConnection.php(693): CodeIgniter\Database\MySQLi\Connection->execute()
#2 /home/topupvip/public_html/system/Database/BaseConnection.php(607): CodeIgniter\Database\BaseConnection->simpleQuery()
#3 /home/topupvip/public_html/system/Database/BaseBuilder.php(1615): CodeIgniter\Database\BaseConnection->query()
#4 /home/topupvip/public_html/system/Model.php(237): CodeIgniter\Database\BaseBuilder->get()
#5 /home/topupvip/public_html/system/BaseModel.php(624): CodeIgniter\Model->doFindAll()
#6 /home/topupvip/public_html/app/Controllers/View.php(81): CodeIgniter\BaseModel->findAll()
#7 /home/topupvip/public_html/system/CodeIgniter.php(943): App\Controllers\View->getFlashSale()
#8 /home/topupvip/public_html/system/CodeIgniter.php(503): CodeIgniter\CodeIgniter->runController()
#9 /home/topupvip/public_html/system/CodeIgniter.php(362): CodeIgniter\CodeIgniter->handleRequest()
#10 /home/topupvip/public_html/index.php(79): CodeIgniter\CodeIgniter->run()
#11 {main}
CRITICAL - 2024-08-06 06:56:49 --> You have an error in your SQL syntax; check the manual that corresponds to your MariaDB server version for the right syntax to use near ')' at line 3
in SYSTEMPATH/Database/BaseConnection.php on line 647.
 1 SYSTEMPATH/Database/BaseBuilder.php(1615): CodeIgniter\Database\BaseConnection->query()
 2 SYSTEMPATH/Model.php(237): CodeIgniter\Database\BaseBuilder->get()
 3 SYSTEMPATH/BaseModel.php(624): CodeIgniter\Model->doFindAll()
 4 APPPATH/Controllers/View.php(81): CodeIgniter\BaseModel->findAll()
 5 SYSTEMPATH/CodeIgniter.php(943): App\Controllers\View->getFlashSale()
 6 SYSTEMPATH/CodeIgniter.php(503): CodeIgniter\CodeIgniter->runController()
 7 SYSTEMPATH/CodeIgniter.php(362): CodeIgniter\CodeIgniter->handleRequest()
 8 FCPATH/index.php(79): CodeIgniter\CodeIgniter->run()
ERROR - 2024-08-06 08:20:43 --> mysqli_sql_exception: You have an error in your SQL syntax; check the manual that corresponds to your MariaDB server version for the right syntax to use near ')' at line 3 in /home/topupvip/public_html/system/Database/MySQLi/Connection.php:306
Stack trace:
#0 /home/topupvip/public_html/system/Database/MySQLi/Connection.php(306): mysqli->query()
#1 /home/topupvip/public_html/system/Database/BaseConnection.php(693): CodeIgniter\Database\MySQLi\Connection->execute()
#2 /home/topupvip/public_html/system/Database/BaseConnection.php(607): CodeIgniter\Database\BaseConnection->simpleQuery()
#3 /home/topupvip/public_html/system/Database/BaseBuilder.php(1615): CodeIgniter\Database\BaseConnection->query()
#4 /home/topupvip/public_html/system/Model.php(237): CodeIgniter\Database\BaseBuilder->get()
#5 /home/topupvip/public_html/system/BaseModel.php(624): CodeIgniter\Model->doFindAll()
#6 /home/topupvip/public_html/app/Controllers/View.php(81): CodeIgniter\BaseModel->findAll()
#7 /home/topupvip/public_html/system/CodeIgniter.php(943): App\Controllers\View->getFlashSale()
#8 /home/topupvip/public_html/system/CodeIgniter.php(503): CodeIgniter\CodeIgniter->runController()
#9 /home/topupvip/public_html/system/CodeIgniter.php(362): CodeIgniter\CodeIgniter->handleRequest()
#10 /home/topupvip/public_html/index.php(79): CodeIgniter\CodeIgniter->run()
#11 {main}
CRITICAL - 2024-08-06 08:20:43 --> You have an error in your SQL syntax; check the manual that corresponds to your MariaDB server version for the right syntax to use near ')' at line 3
in SYSTEMPATH/Database/BaseConnection.php on line 647.
 1 SYSTEMPATH/Database/BaseBuilder.php(1615): CodeIgniter\Database\BaseConnection->query()
 2 SYSTEMPATH/Model.php(237): CodeIgniter\Database\BaseBuilder->get()
 3 SYSTEMPATH/BaseModel.php(624): CodeIgniter\Model->doFindAll()
 4 APPPATH/Controllers/View.php(81): CodeIgniter\BaseModel->findAll()
 5 SYSTEMPATH/CodeIgniter.php(943): App\Controllers\View->getFlashSale()
 6 SYSTEMPATH/CodeIgniter.php(503): CodeIgniter\CodeIgniter->runController()
 7 SYSTEMPATH/CodeIgniter.php(362): CodeIgniter\CodeIgniter->handleRequest()
 8 FCPATH/index.php(79): CodeIgniter\CodeIgniter->run()
ERROR - 2024-08-06 08:35:29 --> mysqli_sql_exception: You have an error in your SQL syntax; check the manual that corresponds to your MariaDB server version for the right syntax to use near ')' at line 3 in /home/topupvip/public_html/system/Database/MySQLi/Connection.php:306
Stack trace:
#0 /home/topupvip/public_html/system/Database/MySQLi/Connection.php(306): mysqli->query()
#1 /home/topupvip/public_html/system/Database/BaseConnection.php(693): CodeIgniter\Database\MySQLi\Connection->execute()
#2 /home/topupvip/public_html/system/Database/BaseConnection.php(607): CodeIgniter\Database\BaseConnection->simpleQuery()
#3 /home/topupvip/public_html/system/Database/BaseBuilder.php(1615): CodeIgniter\Database\BaseConnection->query()
#4 /home/topupvip/public_html/system/Model.php(237): CodeIgniter\Database\BaseBuilder->get()
#5 /home/topupvip/public_html/system/BaseModel.php(624): CodeIgniter\Model->doFindAll()
#6 /home/topupvip/public_html/app/Controllers/View.php(81): CodeIgniter\BaseModel->findAll()
#7 /home/topupvip/public_html/system/CodeIgniter.php(943): App\Controllers\View->getFlashSale()
#8 /home/topupvip/public_html/system/CodeIgniter.php(503): CodeIgniter\CodeIgniter->runController()
#9 /home/topupvip/public_html/system/CodeIgniter.php(362): CodeIgniter\CodeIgniter->handleRequest()
#10 /home/topupvip/public_html/index.php(79): CodeIgniter\CodeIgniter->run()
#11 {main}
CRITICAL - 2024-08-06 08:35:29 --> You have an error in your SQL syntax; check the manual that corresponds to your MariaDB server version for the right syntax to use near ')' at line 3
in SYSTEMPATH/Database/BaseConnection.php on line 647.
 1 SYSTEMPATH/Database/BaseBuilder.php(1615): CodeIgniter\Database\BaseConnection->query()
 2 SYSTEMPATH/Model.php(237): CodeIgniter\Database\BaseBuilder->get()
 3 SYSTEMPATH/BaseModel.php(624): CodeIgniter\Model->doFindAll()
 4 APPPATH/Controllers/View.php(81): CodeIgniter\BaseModel->findAll()
 5 SYSTEMPATH/CodeIgniter.php(943): App\Controllers\View->getFlashSale()
 6 SYSTEMPATH/CodeIgniter.php(503): CodeIgniter\CodeIgniter->runController()
 7 SYSTEMPATH/CodeIgniter.php(362): CodeIgniter\CodeIgniter->handleRequest()
 8 FCPATH/index.php(79): CodeIgniter\CodeIgniter->run()
ERROR - 2024-08-06 12:25:24 --> mysqli_sql_exception: You have an error in your SQL syntax; check the manual that corresponds to your MariaDB server version for the right syntax to use near ')' at line 3 in /home/topupvip/public_html/system/Database/MySQLi/Connection.php:306
Stack trace:
#0 /home/topupvip/public_html/system/Database/MySQLi/Connection.php(306): mysqli->query()
#1 /home/topupvip/public_html/system/Database/BaseConnection.php(693): CodeIgniter\Database\MySQLi\Connection->execute()
#2 /home/topupvip/public_html/system/Database/BaseConnection.php(607): CodeIgniter\Database\BaseConnection->simpleQuery()
#3 /home/topupvip/public_html/system/Database/BaseBuilder.php(1615): CodeIgniter\Database\BaseConnection->query()
#4 /home/topupvip/public_html/system/Model.php(237): CodeIgniter\Database\BaseBuilder->get()
#5 /home/topupvip/public_html/system/BaseModel.php(624): CodeIgniter\Model->doFindAll()
#6 /home/topupvip/public_html/app/Controllers/View.php(81): CodeIgniter\BaseModel->findAll()
#7 /home/topupvip/public_html/system/CodeIgniter.php(943): App\Controllers\View->getFlashSale()
#8 /home/topupvip/public_html/system/CodeIgniter.php(503): CodeIgniter\CodeIgniter->runController()
#9 /home/topupvip/public_html/system/CodeIgniter.php(362): CodeIgniter\CodeIgniter->handleRequest()
#10 /home/topupvip/public_html/index.php(79): CodeIgniter\CodeIgniter->run()
#11 {main}
CRITICAL - 2024-08-06 12:25:24 --> You have an error in your SQL syntax; check the manual that corresponds to your MariaDB server version for the right syntax to use near ')' at line 3
in SYSTEMPATH/Database/BaseConnection.php on line 647.
 1 SYSTEMPATH/Database/BaseBuilder.php(1615): CodeIgniter\Database\BaseConnection->query()
 2 SYSTEMPATH/Model.php(237): CodeIgniter\Database\BaseBuilder->get()
 3 SYSTEMPATH/BaseModel.php(624): CodeIgniter\Model->doFindAll()
 4 APPPATH/Controllers/View.php(81): CodeIgniter\BaseModel->findAll()
 5 SYSTEMPATH/CodeIgniter.php(943): App\Controllers\View->getFlashSale()
 6 SYSTEMPATH/CodeIgniter.php(503): CodeIgniter\CodeIgniter->runController()
 7 SYSTEMPATH/CodeIgniter.php(362): CodeIgniter\CodeIgniter->handleRequest()
 8 FCPATH/index.php(79): CodeIgniter\CodeIgniter->run()
ERROR - 2024-08-06 12:47:07 --> mysqli_sql_exception: You have an error in your SQL syntax; check the manual that corresponds to your MariaDB server version for the right syntax to use near ')' at line 3 in /home/topupvip/public_html/system/Database/MySQLi/Connection.php:306
Stack trace:
#0 /home/topupvip/public_html/system/Database/MySQLi/Connection.php(306): mysqli->query()
#1 /home/topupvip/public_html/system/Database/BaseConnection.php(693): CodeIgniter\Database\MySQLi\Connection->execute()
#2 /home/topupvip/public_html/system/Database/BaseConnection.php(607): CodeIgniter\Database\BaseConnection->simpleQuery()
#3 /home/topupvip/public_html/system/Database/BaseBuilder.php(1615): CodeIgniter\Database\BaseConnection->query()
#4 /home/topupvip/public_html/system/Model.php(237): CodeIgniter\Database\BaseBuilder->get()
#5 /home/topupvip/public_html/system/BaseModel.php(624): CodeIgniter\Model->doFindAll()
#6 /home/topupvip/public_html/app/Controllers/View.php(81): CodeIgniter\BaseModel->findAll()
#7 /home/topupvip/public_html/system/CodeIgniter.php(943): App\Controllers\View->getFlashSale()
#8 /home/topupvip/public_html/system/CodeIgniter.php(503): CodeIgniter\CodeIgniter->runController()
#9 /home/topupvip/public_html/system/CodeIgniter.php(362): CodeIgniter\CodeIgniter->handleRequest()
#10 /home/topupvip/public_html/index.php(79): CodeIgniter\CodeIgniter->run()
#11 {main}
CRITICAL - 2024-08-06 12:47:07 --> You have an error in your SQL syntax; check the manual that corresponds to your MariaDB server version for the right syntax to use near ')' at line 3
in SYSTEMPATH/Database/BaseConnection.php on line 647.
 1 SYSTEMPATH/Database/BaseBuilder.php(1615): CodeIgniter\Database\BaseConnection->query()
 2 SYSTEMPATH/Model.php(237): CodeIgniter\Database\BaseBuilder->get()
 3 SYSTEMPATH/BaseModel.php(624): CodeIgniter\Model->doFindAll()
 4 APPPATH/Controllers/View.php(81): CodeIgniter\BaseModel->findAll()
 5 SYSTEMPATH/CodeIgniter.php(943): App\Controllers\View->getFlashSale()
 6 SYSTEMPATH/CodeIgniter.php(503): CodeIgniter\CodeIgniter->runController()
 7 SYSTEMPATH/CodeIgniter.php(362): CodeIgniter\CodeIgniter->handleRequest()
 8 FCPATH/index.php(79): CodeIgniter\CodeIgniter->run()
ERROR - 2024-08-06 12:52:20 --> mysqli_sql_exception: You have an error in your SQL syntax; check the manual that corresponds to your MariaDB server version for the right syntax to use near ')' at line 3 in /home/topupvip/public_html/system/Database/MySQLi/Connection.php:306
Stack trace:
#0 /home/topupvip/public_html/system/Database/MySQLi/Connection.php(306): mysqli->query()
#1 /home/topupvip/public_html/system/Database/BaseConnection.php(693): CodeIgniter\Database\MySQLi\Connection->execute()
#2 /home/topupvip/public_html/system/Database/BaseConnection.php(607): CodeIgniter\Database\BaseConnection->simpleQuery()
#3 /home/topupvip/public_html/system/Database/BaseBuilder.php(1615): CodeIgniter\Database\BaseConnection->query()
#4 /home/topupvip/public_html/system/Model.php(237): CodeIgniter\Database\BaseBuilder->get()
#5 /home/topupvip/public_html/system/BaseModel.php(624): CodeIgniter\Model->doFindAll()
#6 /home/topupvip/public_html/app/Controllers/View.php(81): CodeIgniter\BaseModel->findAll()
#7 /home/topupvip/public_html/system/CodeIgniter.php(943): App\Controllers\View->getFlashSale()
#8 /home/topupvip/public_html/system/CodeIgniter.php(503): CodeIgniter\CodeIgniter->runController()
#9 /home/topupvip/public_html/system/CodeIgniter.php(362): CodeIgniter\CodeIgniter->handleRequest()
#10 /home/topupvip/public_html/index.php(79): CodeIgniter\CodeIgniter->run()
#11 {main}
CRITICAL - 2024-08-06 12:52:20 --> You have an error in your SQL syntax; check the manual that corresponds to your MariaDB server version for the right syntax to use near ')' at line 3
in SYSTEMPATH/Database/BaseConnection.php on line 647.
 1 SYSTEMPATH/Database/BaseBuilder.php(1615): CodeIgniter\Database\BaseConnection->query()
 2 SYSTEMPATH/Model.php(237): CodeIgniter\Database\BaseBuilder->get()
 3 SYSTEMPATH/BaseModel.php(624): CodeIgniter\Model->doFindAll()
 4 APPPATH/Controllers/View.php(81): CodeIgniter\BaseModel->findAll()
 5 SYSTEMPATH/CodeIgniter.php(943): App\Controllers\View->getFlashSale()
 6 SYSTEMPATH/CodeIgniter.php(503): CodeIgniter\CodeIgniter->runController()
 7 SYSTEMPATH/CodeIgniter.php(362): CodeIgniter\CodeIgniter->handleRequest()
 8 FCPATH/index.php(79): CodeIgniter\CodeIgniter->run()
ERROR - 2024-08-06 12:53:11 --> mysqli_sql_exception: You have an error in your SQL syntax; check the manual that corresponds to your MariaDB server version for the right syntax to use near ')' at line 3 in /home/topupvip/public_html/system/Database/MySQLi/Connection.php:306
Stack trace:
#0 /home/topupvip/public_html/system/Database/MySQLi/Connection.php(306): mysqli->query()
#1 /home/topupvip/public_html/system/Database/BaseConnection.php(693): CodeIgniter\Database\MySQLi\Connection->execute()
#2 /home/topupvip/public_html/system/Database/BaseConnection.php(607): CodeIgniter\Database\BaseConnection->simpleQuery()
#3 /home/topupvip/public_html/system/Database/BaseBuilder.php(1615): CodeIgniter\Database\BaseConnection->query()
#4 /home/topupvip/public_html/system/Model.php(237): CodeIgniter\Database\BaseBuilder->get()
#5 /home/topupvip/public_html/system/BaseModel.php(624): CodeIgniter\Model->doFindAll()
#6 /home/topupvip/public_html/app/Controllers/View.php(81): CodeIgniter\BaseModel->findAll()
#7 /home/topupvip/public_html/system/CodeIgniter.php(943): App\Controllers\View->getFlashSale()
#8 /home/topupvip/public_html/system/CodeIgniter.php(503): CodeIgniter\CodeIgniter->runController()
#9 /home/topupvip/public_html/system/CodeIgniter.php(362): CodeIgniter\CodeIgniter->handleRequest()
#10 /home/topupvip/public_html/index.php(79): CodeIgniter\CodeIgniter->run()
#11 {main}
CRITICAL - 2024-08-06 12:53:11 --> You have an error in your SQL syntax; check the manual that corresponds to your MariaDB server version for the right syntax to use near ')' at line 3
in SYSTEMPATH/Database/BaseConnection.php on line 647.
 1 SYSTEMPATH/Database/BaseBuilder.php(1615): CodeIgniter\Database\BaseConnection->query()
 2 SYSTEMPATH/Model.php(237): CodeIgniter\Database\BaseBuilder->get()
 3 SYSTEMPATH/BaseModel.php(624): CodeIgniter\Model->doFindAll()
 4 APPPATH/Controllers/View.php(81): CodeIgniter\BaseModel->findAll()
 5 SYSTEMPATH/CodeIgniter.php(943): App\Controllers\View->getFlashSale()
 6 SYSTEMPATH/CodeIgniter.php(503): CodeIgniter\CodeIgniter->runController()
 7 SYSTEMPATH/CodeIgniter.php(362): CodeIgniter\CodeIgniter->handleRequest()
 8 FCPATH/index.php(79): CodeIgniter\CodeIgniter->run()
ERROR - 2024-08-06 12:53:25 --> mysqli_sql_exception: You have an error in your SQL syntax; check the manual that corresponds to your MariaDB server version for the right syntax to use near ')' at line 3 in /home/topupvip/public_html/system/Database/MySQLi/Connection.php:306
Stack trace:
#0 /home/topupvip/public_html/system/Database/MySQLi/Connection.php(306): mysqli->query()
#1 /home/topupvip/public_html/system/Database/BaseConnection.php(693): CodeIgniter\Database\MySQLi\Connection->execute()
#2 /home/topupvip/public_html/system/Database/BaseConnection.php(607): CodeIgniter\Database\BaseConnection->simpleQuery()
#3 /home/topupvip/public_html/system/Database/BaseBuilder.php(1615): CodeIgniter\Database\BaseConnection->query()
#4 /home/topupvip/public_html/system/Model.php(237): CodeIgniter\Database\BaseBuilder->get()
#5 /home/topupvip/public_html/system/BaseModel.php(624): CodeIgniter\Model->doFindAll()
#6 /home/topupvip/public_html/app/Controllers/View.php(81): CodeIgniter\BaseModel->findAll()
#7 /home/topupvip/public_html/system/CodeIgniter.php(943): App\Controllers\View->getFlashSale()
#8 /home/topupvip/public_html/system/CodeIgniter.php(503): CodeIgniter\CodeIgniter->runController()
#9 /home/topupvip/public_html/system/CodeIgniter.php(362): CodeIgniter\CodeIgniter->handleRequest()
#10 /home/topupvip/public_html/index.php(79): CodeIgniter\CodeIgniter->run()
#11 {main}
CRITICAL - 2024-08-06 12:53:25 --> You have an error in your SQL syntax; check the manual that corresponds to your MariaDB server version for the right syntax to use near ')' at line 3
in SYSTEMPATH/Database/BaseConnection.php on line 647.
 1 SYSTEMPATH/Database/BaseBuilder.php(1615): CodeIgniter\Database\BaseConnection->query()
 2 SYSTEMPATH/Model.php(237): CodeIgniter\Database\BaseBuilder->get()
 3 SYSTEMPATH/BaseModel.php(624): CodeIgniter\Model->doFindAll()
 4 APPPATH/Controllers/View.php(81): CodeIgniter\BaseModel->findAll()
 5 SYSTEMPATH/CodeIgniter.php(943): App\Controllers\View->getFlashSale()
 6 SYSTEMPATH/CodeIgniter.php(503): CodeIgniter\CodeIgniter->runController()
 7 SYSTEMPATH/CodeIgniter.php(362): CodeIgniter\CodeIgniter->handleRequest()
 8 FCPATH/index.php(79): CodeIgniter\CodeIgniter->run()
ERROR - 2024-08-06 12:54:24 --> mysqli_sql_exception: You have an error in your SQL syntax; check the manual that corresponds to your MariaDB server version for the right syntax to use near ')' at line 3 in /home/topupvip/public_html/system/Database/MySQLi/Connection.php:306
Stack trace:
#0 /home/topupvip/public_html/system/Database/MySQLi/Connection.php(306): mysqli->query()
#1 /home/topupvip/public_html/system/Database/BaseConnection.php(693): CodeIgniter\Database\MySQLi\Connection->execute()
#2 /home/topupvip/public_html/system/Database/BaseConnection.php(607): CodeIgniter\Database\BaseConnection->simpleQuery()
#3 /home/topupvip/public_html/system/Database/BaseBuilder.php(1615): CodeIgniter\Database\BaseConnection->query()
#4 /home/topupvip/public_html/system/Model.php(237): CodeIgniter\Database\BaseBuilder->get()
#5 /home/topupvip/public_html/system/BaseModel.php(624): CodeIgniter\Model->doFindAll()
#6 /home/topupvip/public_html/app/Controllers/View.php(81): CodeIgniter\BaseModel->findAll()
#7 /home/topupvip/public_html/system/CodeIgniter.php(943): App\Controllers\View->getFlashSale()
#8 /home/topupvip/public_html/system/CodeIgniter.php(503): CodeIgniter\CodeIgniter->runController()
#9 /home/topupvip/public_html/system/CodeIgniter.php(362): CodeIgniter\CodeIgniter->handleRequest()
#10 /home/topupvip/public_html/index.php(79): CodeIgniter\CodeIgniter->run()
#11 {main}
CRITICAL - 2024-08-06 12:54:24 --> You have an error in your SQL syntax; check the manual that corresponds to your MariaDB server version for the right syntax to use near ')' at line 3
in SYSTEMPATH/Database/BaseConnection.php on line 647.
 1 SYSTEMPATH/Database/BaseBuilder.php(1615): CodeIgniter\Database\BaseConnection->query()
 2 SYSTEMPATH/Model.php(237): CodeIgniter\Database\BaseBuilder->get()
 3 SYSTEMPATH/BaseModel.php(624): CodeIgniter\Model->doFindAll()
 4 APPPATH/Controllers/View.php(81): CodeIgniter\BaseModel->findAll()
 5 SYSTEMPATH/CodeIgniter.php(943): App\Controllers\View->getFlashSale()
 6 SYSTEMPATH/CodeIgniter.php(503): CodeIgniter\CodeIgniter->runController()
 7 SYSTEMPATH/CodeIgniter.php(362): CodeIgniter\CodeIgniter->handleRequest()
 8 FCPATH/index.php(79): CodeIgniter\CodeIgniter->run()
CRITICAL - 2024-08-06 19:17:31 --> Trying to access array offset on value of type null
in APPPATH/Controllers/Order.php on line 74.
 1 APPPATH/Controllers/Order.php(74): CodeIgniter\Debug\Exceptions->errorHandler()
 2 SYSTEMPATH/CodeIgniter.php(943): App\Controllers\Order->cekID()
 3 SYSTEMPATH/CodeIgniter.php(503): CodeIgniter\CodeIgniter->runController()
 4 SYSTEMPATH/CodeIgniter.php(362): CodeIgniter\CodeIgniter->handleRequest()
 5 FCPATH/index.php(79): CodeIgniter\CodeIgniter->run()
CRITICAL - 2024-08-06 19:18:47 --> Trying to access array offset on value of type null
in APPPATH/Controllers/Order.php on line 74.
 1 APPPATH/Controllers/Order.php(74): CodeIgniter\Debug\Exceptions->errorHandler()
 2 SYSTEMPATH/CodeIgniter.php(943): App\Controllers\Order->cekID()
 3 SYSTEMPATH/CodeIgniter.php(503): CodeIgniter\CodeIgniter->runController()
 4 SYSTEMPATH/CodeIgniter.php(362): CodeIgniter\CodeIgniter->handleRequest()
 5 FCPATH/index.php(79): CodeIgniter\CodeIgniter->run()
